<?xml version="1.0" encoding="UTF-8"?>
<testsuite xmlns:xsi="http://www.w3.org/2001/XMLSchema-instance" xsi:noNamespaceSchemaLocation="https://maven.apache.org/surefire/maven-surefire-plugin/xsd/surefire-test-report-3.0.xsd" version="3.0" name="com.pdfprocessor.infrastructure.adapter.RedisJobQueueTest" time="1.286" tests="12" errors="0" skipped="0" failures="0">
  <properties>
[...]
</properties>
  <testcase name="shouldHandleExceptionWhenAcknowledgeFails" classname="com.pdfprocessor.infrastructure.adapter.RedisJobQueueTest" time="0.996">
    <system-out><![CDATA[Acknowledged job: job-123
]]></system-out>
  </testcase>
  <testcase name="shouldReturnJobToQueue" classname="com.pdfprocessor.infrastructure.adapter.RedisJobQueueTest" time="0.03">
    <system-out><![CDATA[Returned job to Redis queue: job-123
]]></system-out>
  </testcase>
  <testcase name="shouldReturnZeroWhenQueueSizeIsNull" classname="com.pdfprocessor.infrastructure.adapter.RedisJobQueueTest" time="0.007"/>
  <testcase name="shouldConsumeJobSuccessfullyWithTimeout" classname="com.pdfprocessor.infrastructure.adapter.RedisJobQueueTest" time="0.107">
    <system-out><![CDATA[Consumed job from Redis queue: job-123
]]></system-out>
  </testcase>
  <testcase name="shouldPublishJobSuccessfully" classname="com.pdfprocessor.infrastructure.adapter.RedisJobQueueTest" time="0.022">
    <system-out><![CDATA[Published job to Redis queue: job-123
]]></system-out>
  </testcase>
  <testcase name="shouldAcknowledgeJob" classname="com.pdfprocessor.infrastructure.adapter.RedisJobQueueTest" time="0.026">
    <system-out><![CDATA[Acknowledged job: job-123
]]></system-out>
  </testcase>
  <testcase name="shouldHandleExceptionWhenReturnToQueueFails" classname="com.pdfprocessor.infrastructure.adapter.RedisJobQueueTest" time="0.018">
    <system-out><![CDATA[Returned job to Redis queue: job-123
]]></system-out>
  </testcase>
  <testcase name="shouldReturnEmptyWhenConsumeThrowsException" classname="com.pdfprocessor.infrastructure.adapter.RedisJobQueueTest" time="0.008">
    <system-err><![CDATA[Failed to consume job from queue: Redis error
]]></system-err>
  </testcase>
  <testcase name="shouldGetQueueSize" classname="com.pdfprocessor.infrastructure.adapter.RedisJobQueueTest" time="0.005"/>
  <testcase name="shouldReturnEmptyWhenNoJobAvailable" classname="com.pdfprocessor.infrastructure.adapter.RedisJobQueueTest" time="0.006"/>
  <testcase name="shouldThrowExceptionWhenPublishFailsWithSerialization" classname="com.pdfprocessor.infrastructure.adapter.RedisJobQueueTest" time="0.012">
    <system-out><![CDATA[Published job to Redis queue: job-123
]]></system-out>
  </testcase>
  <testcase name="shouldConsumeJobSuccessfullyNonBlocking" classname="com.pdfprocessor.infrastructure.adapter.RedisJobQueueTest" time="0.021">
    <system-out><![CDATA[Consumed job from Redis queue: job-123
]]></system-out>
  </testcase>
</testsuite>