<?xml version="1.0" encoding="UTF-8"?>
<testsuite xmlns:xsi="http://www.w3.org/2001/XMLSchema-instance" xsi:noNamespaceSchemaLocation="https://maven.apache.org/surefire/maven-surefire-plugin/xsd/surefire-test-report-3.0.xsd" version="3.0" name="com.pdfprocessor.infrastructure.adapter.RedisJobRepositoryTest" time="0.13" tests="8" errors="0" skipped="0" failures="0">
  <properties>
[...]
</properties>
  <testcase name="shouldDeleteJobSuccessfully" classname="com.pdfprocessor.infrastructure.adapter.RedisJobRepositoryTest" time="0.082">
    <system-err><![CDATA[Failed to delete job from Redis: job-123, Cannot invoke "org.springframework.data.redis.core.SetOperations.remove(Object, Object[])" because the return value of "org.springframework.data.redis.core.RedisTemplate.opsForSet()" is null
]]></system-err>
  </testcase>
  <testcase name="shouldReturnFalseWhenJobDoesNotExist" classname="com.pdfprocessor.infrastructure.adapter.RedisJobRepositoryTest" time="0.005">
    <system-out><![CDATA[Checking if job exists in Redis: nonexistent -> false
]]></system-out>
  </testcase>
  <testcase name="shouldSaveJobSuccessfully" classname="com.pdfprocessor.infrastructure.adapter.RedisJobRepositoryTest" time="0.007">
    <system-out><![CDATA[Saved job to Redis: job-123
]]></system-out>
  </testcase>
  <testcase name="shouldReturnEmptyListWhenNoJobsExist" classname="com.pdfprocessor.infrastructure.adapter.RedisJobRepositoryTest" time="0.004"/>
  <testcase name="shouldCheckIfJobExists" classname="com.pdfprocessor.infrastructure.adapter.RedisJobRepositoryTest" time="0.003">
    <system-out><![CDATA[Checking if job exists in Redis: job-123 -> true
]]></system-out>
  </testcase>
  <testcase name="shouldReturnEmptyWhenJobNotFound" classname="com.pdfprocessor.infrastructure.adapter.RedisJobRepositoryTest" time="0.003">
    <system-out><![CDATA[Job not found in Redis: nonexistent
]]></system-out>
  </testcase>
  <testcase name="shouldFindAllJobsWithPagination" classname="com.pdfprocessor.infrastructure.adapter.RedisJobRepositoryTest" time="0.011">
    <system-out><![CDATA[Found job in Redis: job-1
Found job in Redis: job-2
]]></system-out>
  </testcase>
  <testcase name="shouldFindJobByIdSuccessfully" classname="com.pdfprocessor.infrastructure.adapter.RedisJobRepositoryTest" time="0.007">
    <system-out><![CDATA[Found job in Redis: job-123
]]></system-out>
  </testcase>
</testsuite>