<?xml version="1.0" encoding="UTF-8"?>
<testsuite xmlns:xsi="http://www.w3.org/2001/XMLSchema-instance" xsi:noNamespaceSchemaLocation="https://maven.apache.org/surefire/maven-surefire-plugin/xsd/surefire-test-report-3.0.xsd" version="3.0" name="com.pdfprocessor.integration.EndToEndIntegrationTest" time="6.7" tests="6" errors="0" skipped="0" failures="4">
  <properties>
[...]
</properties>
  <testcase name="shouldCreateSplitJobViaApi" classname="com.pdfprocessor.integration.EndToEndIntegrationTest" time="1.916">
    <failure message="1 expectation failed.&#10;Expected status code &lt;200&gt; but was &lt;401&gt;.&#10;" type="java.lang.AssertionError"><![CDATA[java.lang.AssertionError: 
1 expectation failed.
Expected status code <200> but was <401>.

	at java.base/jdk.internal.reflect.DirectConstructorHandleAccessor.newInstance(DirectConstructorHandleAccessor.java:62)
	at java.base/java.lang.reflect.Constructor.newInstanceWithCaller(Constructor.java:502)
	at java.base/java.lang.reflect.Constructor.newInstance(Constructor.java:486)
	at org.codehaus.groovy.reflection.CachedConstructor.invoke(CachedConstructor.java:73)
	at org.codehaus.groovy.runtime.callsite.ConstructorSite$ConstructorSiteNoUnwrapNoCoerce.callConstructor(ConstructorSite.java:108)
	at org.codehaus.groovy.runtime.callsite.CallSiteArray.defaultCallConstructor(CallSiteArray.java:57)
	at org.codehaus.groovy.runtime.callsite.AbstractCallSite.callConstructor(AbstractCallSite.java:263)
	at org.codehaus.groovy.runtime.callsite.AbstractCallSite.callConstructor(AbstractCallSite.java:277)
	at io.restassured.internal.ResponseSpecificationImpl$HamcrestAssertionClosure.validate(ResponseSpecificationImpl.groovy:512)
	at io.restassured.internal.ResponseSpecificationImpl$HamcrestAssertionClosure$validate$1.call(Unknown Source)
	at org.codehaus.groovy.runtime.callsite.CallSiteArray.defaultCall(CallSiteArray.java:45)
	at org.codehaus.groovy.runtime.callsite.AbstractCallSite.call(AbstractCallSite.java:125)
	at org.codehaus.groovy.runtime.callsite.AbstractCallSite.call(AbstractCallSite.java:139)
	at io.restassured.internal.ResponseSpecificationImpl.validateResponseIfRequired(ResponseSpecificationImpl.groovy:696)
	at io.restassured.internal.ResponseSpecificationImpl.this$2$validateResponseIfRequired(ResponseSpecificationImpl.groovy)
	at java.base/jdk.internal.reflect.DirectMethodHandleAccessor.invoke(DirectMethodHandleAccessor.java:103)
	at java.base/java.lang.reflect.Method.invoke(Method.java:580)
	at org.codehaus.groovy.runtime.callsite.PlainObjectMetaMethodSite.doInvoke(PlainObjectMetaMethodSite.java:43)
	at org.codehaus.groovy.runtime.callsite.PogoMetaMethodSite$PogoCachedMethodSiteNoUnwrapNoCoerce.invoke(PogoMetaMethodSite.java:198)
	at org.codehaus.groovy.runtime.callsite.PogoMetaMethodSite.callCurrent(PogoMetaMethodSite.java:62)
	at org.codehaus.groovy.runtime.callsite.CallSiteArray.defaultCallCurrent(CallSiteArray.java:49)
	at org.codehaus.groovy.runtime.callsite.AbstractCallSite.callCurrent(AbstractCallSite.java:171)
	at org.codehaus.groovy.runtime.callsite.AbstractCallSite.callCurrent(AbstractCallSite.java:185)
	at io.restassured.internal.ResponseSpecificationImpl.statusCode(ResponseSpecificationImpl.groovy:135)
	at io.restassured.specification.ResponseSpecification$statusCode$0.callCurrent(Unknown Source)
	at org.codehaus.groovy.runtime.callsite.CallSiteArray.defaultCallCurrent(CallSiteArray.java:49)
	at org.codehaus.groovy.runtime.callsite.AbstractCallSite.callCurrent(AbstractCallSite.java:171)
	at org.codehaus.groovy.runtime.callsite.AbstractCallSite.callCurrent(AbstractCallSite.java:185)
	at io.restassured.internal.ResponseSpecificationImpl.statusCode(ResponseSpecificationImpl.groovy:143)
	at io.restassured.internal.ValidatableResponseOptionsImpl.statusCode(ValidatableResponseOptionsImpl.java:89)
	at com.pdfprocessor.integration.EndToEndIntegrationTest.shouldCreateSplitJobViaApi(EndToEndIntegrationTest.java:90)
	at java.base/java.lang.reflect.Method.invoke(Method.java:580)
	at java.base/java.util.ArrayList.forEach(ArrayList.java:1596)
	at java.base/java.util.ArrayList.forEach(ArrayList.java:1596)
]]></failure>
    <system-out><![CDATA[Standard Commons Logging discovery in action with spring-jcl: please remove commons-logging.jar from classpath in order to avoid potential conflicts

  .   ____          _            __ _ _
 /\\ / ___'_ __ _ _(_)_ __  __ _ \ \ \ \
( ( )\___ | '_ | '_| | '_ \/ _` | \ \ \ \
 \\/  ___)| |_)| | | | | || (_| |  ) ) ) )
  '  |____| .__|_| |_|_| |_\__, | / / / /
 =========|_|==============|___/=/_/_/_/
 :: Spring Boot ::                (v3.2.1)

2025-09-03 23:05:04 - &amp#27;[34mINFO &amp#27;[0;39m [main] c.p.i.EndToEndIntegrationTest - Starting EndToEndIntegrationTest using Java 21.0.8 with PID 941641 (started by otavio in /home/otavio/API-JAVA/tests)
2025-09-03 23:05:04 - &amp#27;[34mINFO &amp#27;[0;39m [main] c.p.i.EndToEndIntegrationTest - The following 1 profile is active: "test"
Standard Commons Logging discovery in action with spring-jcl: please remove commons-logging.jar from classpath in order to avoid potential conflicts
2025-09-03 23:05:07 - &amp#27;[31mWARN &amp#27;[0;39m [main] o.s.b.a.s.s.UserDetailsServiceAutoConfiguration - 

Using generated security password: 7fd94eb1-52eb-4e6c-8093-ea9dc42f560b

This generated password is for development use only. Your security configuration must be updated before running your application in production.

2025-09-03 23:05:08 - &amp#27;[34mINFO &amp#27;[0;39m [main] c.p.i.EndToEndIntegrationTest - Started EndToEndIntegrationTest in 4.026 seconds (process running for 5.203)
2025-09-03 23:05:10 - &amp#27;[34mINFO &amp#27;[0;39m [http-nio-auto-1-exec-1] c.p.a.c.ApiKeyAuthenticationFilter - Processing request: POST /api/v1/jobs
2025-09-03 23:05:10 - &amp#27;[34mINFO &amp#27;[0;39m [http-nio-auto-1-exec-1] c.p.a.c.ApiKeyAuthenticationFilter - API endpoint detected: /api/v1/jobs, X-API-Key: [PRESENT]
2025-09-03 23:05:10 - &amp#27;[31mWARN &amp#27;[0;39m [http-nio-auto-1-exec-1] c.p.a.c.ApiKeyAuthenticationFilter - Invalid X-API-Key for endpoint: /api/v1/jobs
2025-09-03 23:05:10 - &amp#27;[34mINFO &amp#27;[0;39m [http-nio-auto-1-exec-1] c.p.a.c.ApiKeyAuthenticationFilter - Sending unauthorized response: Invalid X-API-Key
]]></system-out>
    <system-err><![CDATA[WARNING: A Java agent has been loaded dynamically (/home/otavio/.m2/repository/net/bytebuddy/byte-buddy-agent/1.14.10/byte-buddy-agent-1.14.10.jar)
WARNING: If a serviceability tool is in use, please run with -XX:+EnableDynamicAgentLoading to hide this warning
WARNING: If a serviceability tool is not in use, please run with -Djdk.instrument.traceUsage for more information
WARNING: Dynamic loading of agents will be disallowed by default in a future release
]]></system-err>
  </testcase>
  <testcase name="shouldRejectRequestWithoutApiKey" classname="com.pdfprocessor.integration.EndToEndIntegrationTest" time="0.031">
    <system-out><![CDATA[2025-09-03 23:05:10 - &amp#27;[34mINFO &amp#27;[0;39m [http-nio-auto-1-exec-2] c.p.a.c.ApiKeyAuthenticationFilter - Processing request: POST /api/v1/jobs
2025-09-03 23:05:10 - &amp#27;[34mINFO &amp#27;[0;39m [http-nio-auto-1-exec-2] c.p.a.c.ApiKeyAuthenticationFilter - API endpoint detected: /api/v1/jobs, X-API-Key: [MISSING]
2025-09-03 23:05:10 - &amp#27;[31mWARN &amp#27;[0;39m [http-nio-auto-1-exec-2] c.p.a.c.ApiKeyAuthenticationFilter - Missing X-API-Key header for endpoint: /api/v1/jobs
2025-09-03 23:05:10 - &amp#27;[34mINFO &amp#27;[0;39m [http-nio-auto-1-exec-2] c.p.a.c.ApiKeyAuthenticationFilter - Sending unauthorized response: Missing X-API-Key header
]]></system-out>
  </testcase>
  <testcase name="shouldListJobsViaApi" classname="com.pdfprocessor.integration.EndToEndIntegrationTest" time="0.034">
    <failure message="1 expectation failed.&#10;Expected status code &lt;200&gt; but was &lt;401&gt;.&#10;" type="java.lang.AssertionError"><![CDATA[java.lang.AssertionError: 
1 expectation failed.
Expected status code <200> but was <401>.

	at java.base/jdk.internal.reflect.DirectConstructorHandleAccessor.newInstance(DirectConstructorHandleAccessor.java:62)
	at java.base/java.lang.reflect.Constructor.newInstanceWithCaller(Constructor.java:502)
	at java.base/java.lang.reflect.Constructor.newInstance(Constructor.java:486)
	at org.codehaus.groovy.reflection.CachedConstructor.invoke(CachedConstructor.java:73)
	at org.codehaus.groovy.runtime.callsite.ConstructorSite$ConstructorSiteNoUnwrapNoCoerce.callConstructor(ConstructorSite.java:108)
	at org.codehaus.groovy.runtime.callsite.AbstractCallSite.callConstructor(AbstractCallSite.java:277)
	at io.restassured.internal.ResponseSpecificationImpl$HamcrestAssertionClosure.validate(ResponseSpecificationImpl.groovy:512)
	at io.restassured.internal.ResponseSpecificationImpl$HamcrestAssertionClosure$validate$1.call(Unknown Source)
	at io.restassured.internal.ResponseSpecificationImpl.validateResponseIfRequired(ResponseSpecificationImpl.groovy:696)
	at io.restassured.internal.ResponseSpecificationImpl.this$2$validateResponseIfRequired(ResponseSpecificationImpl.groovy)
	at java.base/jdk.internal.reflect.DirectMethodHandleAccessor.invoke(DirectMethodHandleAccessor.java:103)
	at java.base/java.lang.reflect.Method.invoke(Method.java:580)
	at org.codehaus.groovy.runtime.callsite.PlainObjectMetaMethodSite.doInvoke(PlainObjectMetaMethodSite.java:43)
	at org.codehaus.groovy.runtime.callsite.PogoMetaMethodSite$PogoCachedMethodSiteNoUnwrapNoCoerce.invoke(PogoMetaMethodSite.java:198)
	at org.codehaus.groovy.runtime.callsite.PogoMetaMethodSite.callCurrent(PogoMetaMethodSite.java:62)
	at org.codehaus.groovy.runtime.callsite.AbstractCallSite.callCurrent(AbstractCallSite.java:185)
	at io.restassured.internal.ResponseSpecificationImpl.statusCode(ResponseSpecificationImpl.groovy:135)
	at io.restassured.specification.ResponseSpecification$statusCode$0.callCurrent(Unknown Source)
	at io.restassured.internal.ResponseSpecificationImpl.statusCode(ResponseSpecificationImpl.groovy:143)
	at io.restassured.internal.ValidatableResponseOptionsImpl.statusCode(ValidatableResponseOptionsImpl.java:89)
	at com.pdfprocessor.integration.EndToEndIntegrationTest.createTestJob(EndToEndIntegrationTest.java:168)
	at com.pdfprocessor.integration.EndToEndIntegrationTest.shouldListJobsViaApi(EndToEndIntegrationTest.java:103)
	at java.base/java.lang.reflect.Method.invoke(Method.java:580)
	at java.base/java.util.ArrayList.forEach(ArrayList.java:1596)
	at java.base/java.util.ArrayList.forEach(ArrayList.java:1596)
]]></failure>
    <system-out><![CDATA[2025-09-03 23:05:10 - &amp#27;[34mINFO &amp#27;[0;39m [http-nio-auto-1-exec-3] c.p.a.c.ApiKeyAuthenticationFilter - Processing request: POST /api/v1/jobs
2025-09-03 23:05:10 - &amp#27;[34mINFO &amp#27;[0;39m [http-nio-auto-1-exec-3] c.p.a.c.ApiKeyAuthenticationFilter - API endpoint detected: /api/v1/jobs, X-API-Key: [PRESENT]
2025-09-03 23:05:10 - &amp#27;[31mWARN &amp#27;[0;39m [http-nio-auto-1-exec-3] c.p.a.c.ApiKeyAuthenticationFilter - Invalid X-API-Key for endpoint: /api/v1/jobs
2025-09-03 23:05:10 - &amp#27;[34mINFO &amp#27;[0;39m [http-nio-auto-1-exec-3] c.p.a.c.ApiKeyAuthenticationFilter - Sending unauthorized response: Invalid X-API-Key
]]></system-out>
  </testcase>
  <testcase name="shouldCreateMergeJobViaApi" classname="com.pdfprocessor.integration.EndToEndIntegrationTest" time="0.026">
    <failure message="1 expectation failed.&#10;Expected status code &lt;200&gt; but was &lt;401&gt;.&#10;" type="java.lang.AssertionError"><![CDATA[java.lang.AssertionError: 
1 expectation failed.
Expected status code <200> but was <401>.

	at java.base/jdk.internal.reflect.DirectConstructorHandleAccessor.newInstance(DirectConstructorHandleAccessor.java:62)
	at java.base/java.lang.reflect.Constructor.newInstanceWithCaller(Constructor.java:502)
	at java.base/java.lang.reflect.Constructor.newInstance(Constructor.java:486)
	at org.codehaus.groovy.reflection.CachedConstructor.invoke(CachedConstructor.java:73)
	at org.codehaus.groovy.runtime.callsite.ConstructorSite$ConstructorSiteNoUnwrapNoCoerce.callConstructor(ConstructorSite.java:108)
	at org.codehaus.groovy.runtime.callsite.AbstractCallSite.callConstructor(AbstractCallSite.java:277)
	at io.restassured.internal.ResponseSpecificationImpl$HamcrestAssertionClosure.validate(ResponseSpecificationImpl.groovy:512)
	at io.restassured.internal.ResponseSpecificationImpl$HamcrestAssertionClosure$validate$1.call(Unknown Source)
	at io.restassured.internal.ResponseSpecificationImpl.validateResponseIfRequired(ResponseSpecificationImpl.groovy:696)
	at io.restassured.internal.ResponseSpecificationImpl.this$2$validateResponseIfRequired(ResponseSpecificationImpl.groovy)
	at java.base/jdk.internal.reflect.DirectMethodHandleAccessor.invoke(DirectMethodHandleAccessor.java:103)
	at java.base/java.lang.reflect.Method.invoke(Method.java:580)
	at org.codehaus.groovy.runtime.callsite.PlainObjectMetaMethodSite.doInvoke(PlainObjectMetaMethodSite.java:43)
	at org.codehaus.groovy.runtime.callsite.PogoMetaMethodSite$PogoCachedMethodSiteNoUnwrapNoCoerce.invoke(PogoMetaMethodSite.java:198)
	at org.codehaus.groovy.runtime.callsite.PogoMetaMethodSite.callCurrent(PogoMetaMethodSite.java:62)
	at org.codehaus.groovy.runtime.callsite.AbstractCallSite.callCurrent(AbstractCallSite.java:185)
	at io.restassured.internal.ResponseSpecificationImpl.statusCode(ResponseSpecificationImpl.groovy:135)
	at io.restassured.specification.ResponseSpecification$statusCode$0.callCurrent(Unknown Source)
	at io.restassured.internal.ResponseSpecificationImpl.statusCode(ResponseSpecificationImpl.groovy:143)
	at io.restassured.internal.ValidatableResponseOptionsImpl.statusCode(ValidatableResponseOptionsImpl.java:89)
	at com.pdfprocessor.integration.EndToEndIntegrationTest.shouldCreateMergeJobViaApi(EndToEndIntegrationTest.java:69)
	at java.base/java.lang.reflect.Method.invoke(Method.java:580)
	at java.base/java.util.ArrayList.forEach(ArrayList.java:1596)
	at java.base/java.util.ArrayList.forEach(ArrayList.java:1596)
]]></failure>
    <system-out><![CDATA[2025-09-03 23:05:10 - &amp#27;[34mINFO &amp#27;[0;39m [http-nio-auto-1-exec-4] c.p.a.c.ApiKeyAuthenticationFilter - Processing request: POST /api/v1/jobs
2025-09-03 23:05:10 - &amp#27;[34mINFO &amp#27;[0;39m [http-nio-auto-1-exec-4] c.p.a.c.ApiKeyAuthenticationFilter - API endpoint detected: /api/v1/jobs, X-API-Key: [PRESENT]
2025-09-03 23:05:10 - &amp#27;[31mWARN &amp#27;[0;39m [http-nio-auto-1-exec-4] c.p.a.c.ApiKeyAuthenticationFilter - Invalid X-API-Key for endpoint: /api/v1/jobs
2025-09-03 23:05:10 - &amp#27;[34mINFO &amp#27;[0;39m [http-nio-auto-1-exec-4] c.p.a.c.ApiKeyAuthenticationFilter - Sending unauthorized response: Invalid X-API-Key
]]></system-out>
  </testcase>
  <testcase name="shouldGetJobByIdViaApi" classname="com.pdfprocessor.integration.EndToEndIntegrationTest" time="0.026">
    <failure message="1 expectation failed.&#10;Expected status code &lt;200&gt; but was &lt;401&gt;.&#10;" type="java.lang.AssertionError"><![CDATA[java.lang.AssertionError: 
1 expectation failed.
Expected status code <200> but was <401>.

	at java.base/jdk.internal.reflect.DirectConstructorHandleAccessor.newInstance(DirectConstructorHandleAccessor.java:62)
	at java.base/java.lang.reflect.Constructor.newInstanceWithCaller(Constructor.java:502)
	at java.base/java.lang.reflect.Constructor.newInstance(Constructor.java:486)
	at org.codehaus.groovy.reflection.CachedConstructor.invoke(CachedConstructor.java:73)
	at org.codehaus.groovy.runtime.callsite.ConstructorSite$ConstructorSiteNoUnwrapNoCoerce.callConstructor(ConstructorSite.java:108)
	at org.codehaus.groovy.runtime.callsite.AbstractCallSite.callConstructor(AbstractCallSite.java:277)
	at io.restassured.internal.ResponseSpecificationImpl$HamcrestAssertionClosure.validate(ResponseSpecificationImpl.groovy:512)
	at io.restassured.internal.ResponseSpecificationImpl$HamcrestAssertionClosure$validate$1.call(Unknown Source)
	at io.restassured.internal.ResponseSpecificationImpl.validateResponseIfRequired(ResponseSpecificationImpl.groovy:696)
	at io.restassured.internal.ResponseSpecificationImpl.this$2$validateResponseIfRequired(ResponseSpecificationImpl.groovy)
	at java.base/jdk.internal.reflect.DirectMethodHandleAccessor.invoke(DirectMethodHandleAccessor.java:103)
	at java.base/java.lang.reflect.Method.invoke(Method.java:580)
	at org.codehaus.groovy.runtime.callsite.PlainObjectMetaMethodSite.doInvoke(PlainObjectMetaMethodSite.java:43)
	at org.codehaus.groovy.runtime.callsite.PogoMetaMethodSite$PogoCachedMethodSiteNoUnwrapNoCoerce.invoke(PogoMetaMethodSite.java:198)
	at org.codehaus.groovy.runtime.callsite.PogoMetaMethodSite.callCurrent(PogoMetaMethodSite.java:62)
	at org.codehaus.groovy.runtime.callsite.AbstractCallSite.callCurrent(AbstractCallSite.java:185)
	at io.restassured.internal.ResponseSpecificationImpl.statusCode(ResponseSpecificationImpl.groovy:135)
	at io.restassured.specification.ResponseSpecification$statusCode$0.callCurrent(Unknown Source)
	at io.restassured.internal.ResponseSpecificationImpl.statusCode(ResponseSpecificationImpl.groovy:143)
	at io.restassured.internal.ValidatableResponseOptionsImpl.statusCode(ValidatableResponseOptionsImpl.java:89)
	at com.pdfprocessor.integration.EndToEndIntegrationTest.createTestJob(EndToEndIntegrationTest.java:168)
	at com.pdfprocessor.integration.EndToEndIntegrationTest.shouldGetJobByIdViaApi(EndToEndIntegrationTest.java:119)
	at java.base/java.lang.reflect.Method.invoke(Method.java:580)
	at java.base/java.util.ArrayList.forEach(ArrayList.java:1596)
	at java.base/java.util.ArrayList.forEach(ArrayList.java:1596)
]]></failure>
    <system-out><![CDATA[2025-09-03 23:05:10 - &amp#27;[34mINFO &amp#27;[0;39m [http-nio-auto-1-exec-5] c.p.a.c.ApiKeyAuthenticationFilter - Processing request: POST /api/v1/jobs
2025-09-03 23:05:10 - &amp#27;[34mINFO &amp#27;[0;39m [http-nio-auto-1-exec-5] c.p.a.c.ApiKeyAuthenticationFilter - API endpoint detected: /api/v1/jobs, X-API-Key: [PRESENT]
2025-09-03 23:05:10 - &amp#27;[31mWARN &amp#27;[0;39m [http-nio-auto-1-exec-5] c.p.a.c.ApiKeyAuthenticationFilter - Invalid X-API-Key for endpoint: /api/v1/jobs
2025-09-03 23:05:10 - &amp#27;[34mINFO &amp#27;[0;39m [http-nio-auto-1-exec-5] c.p.a.c.ApiKeyAuthenticationFilter - Sending unauthorized response: Invalid X-API-Key
]]></system-out>
  </testcase>
  <testcase name="shouldRejectRequestWithInvalidApiKey" classname="com.pdfprocessor.integration.EndToEndIntegrationTest" time="0.023">
    <system-out><![CDATA[2025-09-03 23:05:10 - &amp#27;[34mINFO &amp#27;[0;39m [http-nio-auto-1-exec-6] c.p.a.c.ApiKeyAuthenticationFilter - Processing request: POST /api/v1/jobs
2025-09-03 23:05:10 - &amp#27;[34mINFO &amp#27;[0;39m [http-nio-auto-1-exec-6] c.p.a.c.ApiKeyAuthenticationFilter - API endpoint detected: /api/v1/jobs, X-API-Key: [PRESENT]
2025-09-03 23:05:10 - &amp#27;[31mWARN &amp#27;[0;39m [http-nio-auto-1-exec-6] c.p.a.c.ApiKeyAuthenticationFilter - Invalid X-API-Key for endpoint: /api/v1/jobs
2025-09-03 23:05:10 - &amp#27;[34mINFO &amp#27;[0;39m [http-nio-auto-1-exec-6] c.p.a.c.ApiKeyAuthenticationFilter - Sending unauthorized response: Invalid X-API-Key
]]></system-out>
  </testcase>
</testsuite>