<?xml version="1.0" encoding="UTF-8"?>
<testsuite xmlns:xsi="http://www.w3.org/2001/XMLSchema-instance" xsi:noNamespaceSchemaLocation="https://maven.apache.org/surefire/maven-surefire-plugin/xsd/surefire-test-report-3.0.xsd" version="3.0" name="com.pdfprocessor.integration.SimpleAuthTest" time="8.503" tests="3" errors="0" skipped="0" failures="0">
  <properties>
[...]
</properties>
  <testcase name="shouldAcceptGetRequestWithValidApiKey" classname="com.pdfprocessor.integration.SimpleAuthTest" time="2.743">
    <system-out><![CDATA[Standard Commons Logging discovery in action with spring-jcl: please remove commons-logging.jar from classpath in order to avoid potential conflicts

  .   ____          _            __ _ _
 /\\ / ___'_ __ _ _(_)_ __  __ _ \ \ \ \
( ( )\___ | '_ | '_| | '_ \/ _` | \ \ \ \
 \\/  ___)| |_)| | | | | || (_| |  ) ) ) )
  '  |____| .__|_| |_|_| |_\__, | / / / /
 =========|_|==============|___/=/_/_/_/
 :: Spring Boot ::                (v3.2.1)

2025-09-04 20:26:36 - &amp#27;[34mINFO &amp#27;[0;39m [main] c.p.integration.SimpleAuthTest - Starting SimpleAuthTest using Java 21.0.8 with PID 541728 (started by otavio in /home/otavio/API-JAVA/tests)
2025-09-04 20:26:36 - &amp#27;[39mDEBUG&amp#27;[0;39m [main] c.p.integration.SimpleAuthTest - Running with Spring Boot v3.2.1, Spring v6.1.2
2025-09-04 20:26:36 - &amp#27;[34mINFO &amp#27;[0;39m [main] c.p.integration.SimpleAuthTest - The following 1 profile is active: "test"
Standard Commons Logging discovery in action with spring-jcl: please remove commons-logging.jar from classpath in order to avoid potential conflicts
[DEBUG] ===== ApiKeyAuthenticationFilter CONSTRUTOR CHAMADO =====
[DEBUG] Chaves API válidas: [test-key-67890]
2025-09-04 20:26:39 - &amp#27;[39mDEBUG&amp#27;[0;39m [main] c.p.a.c.ApiKeyAuthenticationFilter - Filter 'apiKeyAuthenticationFilter' configured for use
2025-09-04 20:26:39 - &amp#27;[31mWARN &amp#27;[0;39m [main] o.s.b.a.s.s.UserDetailsServiceAutoConfiguration - 

Using generated security password: 56bf800b-da6b-40a8-80ad-f8b943a7e6b8

This generated password is for development use only. Your security configuration must be updated before running your application in production.

2025-09-04 20:26:40 - &amp#27;[34mINFO &amp#27;[0;39m [main] c.p.integration.SimpleAuthTest - Started SimpleAuthTest in 4.914 seconds (process running for 6.362)
Testing GET request with valid API key
RestAssured port: 37253
RestAssured basePath: /api/v1
Full URL: http://localhost:37253/api/v1/jobs
Request method:	GET
Request URI:	http://localhost:37253/api/v1/jobs
Proxy:			<none>
Request params:	<none>
Query params:	<none>
Form params:	<none>
Path params:	<none>
Headers:		X-API-Key=test-key-67890
				Accept=*/*
Cookies:		<none>
Multiparts:		<none>
Body:			<none>
[FILTER] ApiKeyAuthenticationFilter executado para: /api/v1/jobs
2025-09-04 20:26:42 - &amp#27;[34mINFO &amp#27;[0;39m [http-nio-auto-1-exec-1] c.p.a.c.ApiKeyAuthenticationFilter - [FILTER] ApiKeyAuthenticationFilter executado para: /api/v1/jobs
[DEBUG] ===== ApiKeyAuthenticationFilter EXECUTADO =====
[DEBUG] Request URI: /api/v1/jobs
[DEBUG] Request Method: GET
[DEBUG] Chave API recebida: test-key-67890
[DEBUG] Chave API válida, definindo autenticação no SecurityContext
[DEBUG] Criando UsernamePasswordAuthenticationToken...
[DEBUG] Token criado: UsernamePasswordAuthenticationToken [Principal=api-user, Credentials=[PROTECTED], Authenticated=true, Details=null, Granted Authorities=[ROLE_API_USER]]
[DEBUG] Authorities: [ROLE_API_USER]
[DEBUG] Autenticação definida com sucesso!
[DEBUG] SecurityContext após definir: UsernamePasswordAuthenticationToken [Principal=api-user, Credentials=[PROTECTED], Authenticated=true, Details=null, Granted Authorities=[ROLE_API_USER]]
[DEBUG] Continuando com a requisição...
2025-09-04 20:26:42 - &amp#27;[34mINFO &amp#27;[0;39m [http-nio-auto-1-exec-1] c.p.api.config.LoggingInterceptor - Request: GET /api/v1/jobs from 127.0.0.1
Found job in Redis: 6e835c93-cca3-4786-9987-20692bfcbf2b
Found job in Redis: 27d791b0-8ce0-4a72-91a5-9f603c7dcd74
Found job in Redis: 58b89f0c-8b5e-4c81-861c-539e12cf8899
Found job in Redis: 35bc1333-351a-48b8-af73-e7498b75c715
Found job in Redis: 3ec43675-2726-466a-841e-e91addc5cbbb
Found job in Redis: 7620dd42-4e5e-4994-8750-558bd89af0e4
Found job in Redis: f1515e0f-121a-4894-bf06-3290f02e14f7
Found job in Redis: 776ef185-c6c7-4f7b-8bcd-c37bd1a46765
Found job in Redis: 1df9a363-8cb4-4c00-87ad-09253a0c3e53
Found job in Redis: ec869227-76c2-4a0c-ae66-e810d8ee8d4d
Found job in Redis: 03fa00fb-fb6c-4b20-8573-373279c557c4
Found job in Redis: 561c5455-2b71-46c0-9e3b-cf3176551e75
Found job in Redis: f459e09c-de1d-4a5b-97e3-526c8bdaca24
Found job in Redis: c591766d-78e7-498f-9ea7-a15665f6f057
Found job in Redis: e95e0d9a-13b4-4d63-9cad-42174be1c00f
Found job in Redis: 1fc4b7be-952e-48da-a0eb-125914ce86a5
Found job in Redis: 3c0d56e0-3c5b-408b-a205-4081556a3eb1
Found job in Redis: 1d63a321-2cd5-4a27-ac94-10220cd3dd9a
Found job in Redis: 57388c35-acaa-4be8-b466-2af8c998b7ac
Found job in Redis: d40f09a2-d411-4ff5-bcd2-ff3ce5ecf94e
2025-09-04 20:26:43 - &amp#27;[34mINFO &amp#27;[0;39m [http-nio-auto-1-exec-1] c.p.api.config.LoggingInterceptor - Response: GET /api/v1/jobs - Status: 200 - Duration: 625ms
[DEBUG] Requisição processada, retornando do filtro
HTTP/1.1 200 
Vary: Origin
Vary: Access-Control-Request-Method
Vary: Access-Control-Request-Headers
X-Content-Type-Options: nosniff
X-Frame-Options: DENY
X-XSS-Protection: 1; mode=block
Content-Security-Policy: default-src 'none'; script-src 'none'; object-src 'none'; base-uri 'none';
Referrer-Policy: no-referrer
Permissions-Policy: camera=(), microphone=(), geolocation=(), payment=(), usb=(), magnetometer=(), gyroscope=(), accelerometer=()
Cache-Control: no-cache, no-store, must-revalidate
Pragma: no-cache
Expires: 0
Server: PDF-Processor-API
Content-Type: application/json
Transfer-Encoding: chunked
Date: Thu, 04 Sep 2025 23:26:43 GMT
Keep-Alive: timeout=60
Connection: keep-alive

[
    {
        "id": "6e835c93-cca3-4786-9987-20692bfcbf2b",
        "operation": "SPLIT",
        "status": "FAILED",
        "inputFiles": [
            "test1.pdf",
            "test2.pdf"
        ],
        "options": {
            "outputPrefix": "page_",
            "inputFile": "test.pdf",
            "pages": "1-3"
        },
        "errorMessage": "Error processing job: 6e835c93-cca3-4786-9987-20692bfcbf2b",
        "resultPath": null,
        "progress": 0,
        "createdAt": [
            2025,
            9,
            3,
            15,
            53,
            33,
            217262465
        ],
        "startedAt": [
            2025,
            9,
            3,
            15,
            53,
            49,
            263203193
        ],
        "completedAt": [
            2025,
            9,
            3,
            15,
            53,
            49,
            268251671
        ]
    },
    {
        "id": "27d791b0-8ce0-4a72-91a5-9f603c7dcd74",
        "operation": "MERGE",
        "status": "PENDING",
        "inputFiles": [
            "./storage/27d791b0-8ce0-4a72-91a5-9f603c7dcd74/test.pdf"
        ],
        "options": {
            
        },
        "errorMessage": null,
        "resultPath": null,
        "progress": 0,
        "createdAt": [
            2025,
            9,
            3,
            21,
            21,
            17,
            802988718
        ],
        "startedAt": null,
        "completedAt": null
    },
    {
        "id": "58b89f0c-8b5e-4c81-861c-539e12cf8899",
        "operation": "MERGE",
        "status": "PENDING",
        "inputFiles": [
            "./storage/58b89f0c-8b5e-4c81-861c-539e12cf8899/test1.pdf"
        ],
        "options": {
            
        },
        "errorMessage": null,
        "resultPath": null,
        "progress": 0,
        "createdAt": [
            2025,
            9,
            4,
            17,
            21,
            44,
            826781318
        ],
        "startedAt": null,
        "completedAt": null
    },
    {
        "id": "35bc1333-351a-48b8-af73-e7498b75c715",
        "operation": "MERGE",
        "status": "COMPLETED",
        "inputFiles": [
            "/home/otavio/API-JAVA/app/api/storage/1df9a363-8cb4-4c00-87ad-09253a0c3e53/test-storage.pdf",
            "/home/otavio/API-JAVA/app/api/storage/3ec43675-2726-466a-841e-e91addc5cbbb/test-storage.pdf"
        ],
        "options": {
            
        },
        "errorMessage": null,
        "resultPath": "./storage/35bc1333-351a-48b8-af73-e7498b75c715/result_35bc1333-351a-48b8-af73-e7498b75c715.pdf",
        "progress": 100,
        "createdAt": [
            2025,
            9,
            3,
            13,
            32,
            28,
            394546009
        ],
        "startedAt": [
            2025,
            9,
            3,
            13,
            32,
            53,
            212197417
        ],
        "completedAt": [
            2025,
            9,
            3,
            13,
            32,
            53,
            214512449
        ]
    },
    {
        "id": "3ec43675-2726-466a-841e-e91addc5cbbb",
        "operation": "SPLIT",
        "status": "COMPLETED",
        "inputFiles": [
            "test-storage.pdf"
        ],
        "options": {
            "pages": "1-3"
        },
        "errorMessage": null,
        "resultPath": "./storage/3ec43675-2726-466a-841e-e91addc5cbbb/result_3ec43675-2726-466a-841e-e91addc5cbbb.pdf",
        "progress": 100,
        "createdAt": [
            2025,
            9,
            3,
            13,
            17,
            39,
            278026518
        ],
        "startedAt": [
            2025,
            9,
            3,
            13,
            32,
            53,
            189519111
        ],
        "completedAt": [
            2025,
            9,
            3,
            13,
            32,
            53,
            208448482
        ]
    },
    {
        "id": "7620dd42-4e5e-4994-8750-558bd89af0e4",
        "operation": "MERGE",
        "status": "PENDING",
        "inputFiles": [
            "./storage/7620dd42-4e5e-4994-8750-558bd89af0e4/test1.pdf"
        ],
        "options": {
            
        },
        "errorMessage": null,
        "resultPath": null,
        "progress": 0,
        "createdAt": [
            2025,
            9,
            4,
            17,
            36,
            52,
            60371066
        ],
        "startedAt": null,
        "completedAt": null
    },
    {
        "id": "f1515e0f-121a-4894-bf06-3290f02e14f7",
        "operation": "MERGE",
        "status": "PENDING",
        "inputFiles": [
            "test1.pdf",
            "test2.pdf"
        ],
        "options": {
            
        },
        "errorMessage": null,
        "resultPath": null,
        "progress": 0,
        "createdAt": [
            2025,
            9,
            3,
            12,
            6,
            16,
            850575725
        ],
        "startedAt": null,
        "completedAt": null
    },
    {
        "id": "776ef185-c6c7-4f7b-8bcd-c37bd1a46765",
        "operation": "MERGE",
        "status": "PENDING",
        "inputFiles": [
            "./storage/776ef185-c6c7-4f7b-8bcd-c37bd1a46765/test.pdf"
        ],
        "options": {
            
        },
        "errorMessage": null,
        "resultPath": null,
        "progress": 0,
        "createdAt": [
            2025,
            9,
            3,
            21,
            20,
            50,
            931542049
        ],
        "startedAt": null,
        "completedAt": null
    },
    {
        "id": "1df9a363-8cb4-4c00-87ad-09253a0c3e53",
        "operation": "SPLIT",
        "status": "COMPLETED",
        "inputFiles": [
            "test-storage.pdf"
        ],
        "options": {
            
        },
        "errorMessage": null,
        "resultPath": "./storage/1df9a363-8cb4-4c00-87ad-09253a0c3e53/result_1df9a363-8cb4-4c00-87ad-09253a0c3e53.pdf",
        "progress": 100,
        "createdAt": [
            2025,
            9,
            3,
            12,
            35,
            2,
            859291717
        ],
        "startedAt": [
            2025,
            9,
            3,
            13,
            8,
            48,
            266384490
        ],
        "completedAt": [
            2025,
            9,
            3,
            13,
            8,
            48,
            267758006
        ]
    },
    {
        "id": "ec869227-76c2-4a0c-ae66-e810d8ee8d4d",
        "operation": "MERGE",
        "status": "PENDING",
        "inputFiles": [
            "./storage/ec869227-76c2-4a0c-ae66-e810d8ee8d4d/test.pdf"
        ],
        "options": {
            
        },
        "errorMessage": null,
        "resultPath": null,
        "progress": 0,
        "createdAt": [
            2025,
            9,
            3,
            21,
            20,
            50,
            911495211
        ],
        "startedAt": null,
        "completedAt": null
    },
    {
        "id": "03fa00fb-fb6c-4b20-8573-373279c557c4",
        "operation": "MERGE",
        "status": "COMPLETED",
        "inputFiles": [
            "/tmp/simple1.pdf",
            "/tmp/simple2.pdf"
        ],
        "options": {
            
        },
        "errorMessage": null,
        "resultPath": "./storage/03fa00fb-fb6c-4b20-8573-373279c557c4/result.pdf",
        "progress": 100,
        "createdAt": [
            2025,
            9,
            3,
            13,
            46,
            36,
            356858835
        ],
        "startedAt": [
            2025,
            9,
            3,
            13,
            46,
            39,
            876766272
        ],
        "completedAt": [
            2025,
            9,
            3,
            13,
            46,
            39,
            906703999
        ]
    },
    {
        "id": "561c5455-2b71-46c0-9e3b-cf3176551e75",
        "operation": "MERGE",
        "status": "PENDING",
        "inputFiles": [
            "./storage/561c5455-2b71-46c0-9e3b-cf3176551e75/test.pdf"
        ],
        "options": {
            
        },
        "errorMessage": null,
        "resultPath": null,
        "progress": 0,
        "createdAt": [
            2025,
            9,
            3,
            21,
            20,
            50,
            481566978
        ],
        "startedAt": null,
        "completedAt": null
    },
    {
        "id": "f459e09c-de1d-4a5b-97e3-526c8bdaca24",
        "operation": "MERGE",
        "status": "COMPLETED",
        "inputFiles": [
            "test1.pdf",
            "test2.pdf"
        ],
        "options": {
            
        },
        "errorMessage": null,
        "resultPath": "./storage/f459e09c-de1d-4a5b-97e3-526c8bdaca24/result_f459e09c-de1d-4a5b-97e3-526c8bdaca24.pdf",
        "progress": 100,
        "createdAt": [
            2025,
            9,
            3,
            12,
            9,
            15,
            203138861
        ],
        "startedAt": [
            2025,
            9,
            3,
            13,
            8,
            48,
            244072718
        ],
        "completedAt": [
            2025,
            9,
            3,
            13,
            8,
            48,
            245371831
        ]
    },
    {
        "id": "c591766d-78e7-498f-9ea7-a15665f6f057",
        "operation": "MERGE",
        "status": "PENDING",
        "inputFiles": [
            "./storage/c591766d-78e7-498f-9ea7-a15665f6f057/test.pdf"
        ],
        "options": {
            
        },
        "errorMessage": null,
        "resultPath": null,
        "progress": 0,
        "createdAt": [
            2025,
            9,
            3,
            21,
            21,
            17,
            790913598
        ],
        "startedAt": null,
        "completedAt": null
    },
    {
        "id": "e95e0d9a-13b4-4d63-9cad-42174be1c00f",
        "operation": "MERGE",
        "status": "COMPLETED",
        "inputFiles": [
            "test1.pdf",
            "test2.pdf"
        ],
        "options": {
            
        },
        "errorMessage": null,
        "resultPath": "./storage/e95e0d9a-13b4-4d63-9cad-42174be1c00f/result_e95e0d9a-13b4-4d63-9cad-42174be1c00f.pdf",
        "progress": 100,
        "createdAt": [
            2025,
            9,
            3,
            12,
            25,
            3,
            361778138
        ],
        "startedAt": [
            2025,
            9,
            3,
            13,
            8,
            48,
            256139108
        ],
        "completedAt": [
            2025,
            9,
            3,
            13,
            8,
            48,
            258617913
        ]
    },
    {
        "id": "1fc4b7be-952e-48da-a0eb-125914ce86a5",
        "operation": "MERGE",
        "status": "PENDING",
        "inputFiles": [
            "./storage/1fc4b7be-952e-48da-a0eb-125914ce86a5/test.pdf"
        ],
        "options": {
            
        },
        "errorMessage": null,
        "resultPath": null,
        "progress": 0,
        "createdAt": [
            2025,
            9,
            3,
            21,
            21,
            17,
            360866230
        ],
        "startedAt": null,
        "completedAt": null
    },
    {
        "id": "3c0d56e0-3c5b-408b-a205-4081556a3eb1",
        "operation": "MERGE",
        "status": "FAILED",
        "inputFiles": [
            "test1.pdf",
            "test2.pdf"
        ],
        "options": {
            
        },
        "errorMessage": "Error processing job: 3c0d56e0-3c5b-408b-a205-4081556a3eb1",
        "resultPath": null,
        "progress": 0,
        "createdAt": [
            2025,
            9,
            3,
            15,
            52,
            49,
            766639
        ],
        "startedAt": [
            2025,
            9,
            3,
            15,
            53,
            49,
            170917614
        ],
        "completedAt": [
            2025,
            9,
            3,
            15,
            53,
            49,
            205813692
        ]
    },
    {
        "id": "1d63a321-2cd5-4a27-ac94-10220cd3dd9a",
        "operation": "MERGE",
        "status": "FAILED",
        "inputFiles": [
            "./storage/1d63a321-2cd5-4a27-ac94-10220cd3dd9a/test1.pdf",
            "./storage/1d63a321-2cd5-4a27-ac94-10220cd3dd9a/test2.pdf"
        ],
        "options": {
            "outputFileName": "merged.pdf"
        },
        "errorMessage": "Error processing job: 1d63a321-2cd5-4a27-ac94-10220cd3dd9a",
        "resultPath": null,
        "progress": 0,
        "createdAt": [
            2025,
            9,
            3,
            15,
            56,
            54,
            875795561
        ],
        "startedAt": [
            2025,
            9,
            3,
            15,
            56,
            55,
            996276187
        ],
        "completedAt": [
            2025,
            9,
            3,
            15,
            56,
            56,
            7473648
        ]
    },
    {
        "id": "57388c35-acaa-4be8-b466-2af8c998b7ac",
        "operation": "MERGE",
        "status": "PENDING",
        "inputFiles": [
            "./storage/57388c35-acaa-4be8-b466-2af8c998b7ac/test.pdf"
        ],
        "options": {
            
        },
        "errorMessage": null,
        "resultPath": null,
        "progress": 0,
        "createdAt": [
            2025,
            9,
            3,
            21,
            21,
            17,
            797889623
        ],
        "startedAt": null,
        "completedAt": null
    },
    {
        "id": "d40f09a2-d411-4ff5-bcd2-ff3ce5ecf94e",
        "operation": "MERGE",
        "status": "COMPLETED",
        "inputFiles": [
            "test1.pdf",
            "test2.pdf"
        ],
        "options": {
            
        },
        "errorMessage": null,
        "resultPath": "./storage/d40f09a2-d411-4ff5-bcd2-ff3ce5ecf94e/result_d40f09a2-d411-4ff5-bcd2-ff3ce5ecf94e.pdf",
        "progress": 100,
        "createdAt": [
            2025,
            9,
            3,
            12,
            8,
            2,
            85798666
        ],
        "startedAt": [
            2025,
            9,
            3,
            13,
            8,
            48,
            227646311
        ],
        "completedAt": [
            2025,
            9,
            3,
            13,
            8,
            48,
            241435420
        ]
    }
]
Response status: 200
Response body: [{"id":"6e835c93-cca3-4786-9987-20692bfcbf2b","operation":"SPLIT","status":"FAILED","inputFiles":["test1.pdf","test2.pdf"],"options":{"outputPrefix":"page_","inputFile":"test.pdf","pages":"1-3"},"errorMessage":"Error processing job: 6e835c93-cca3-4786-9987-20692bfcbf2b","resultPath":null,"progress":0,"createdAt":[2025,9,3,15,53,33,217262465],"startedAt":[2025,9,3,15,53,49,263203193],"completedAt":[2025,9,3,15,53,49,268251671]},{"id":"27d791b0-8ce0-4a72-91a5-9f603c7dcd74","operation":"MERGE","status":"PENDING","inputFiles":["./storage/27d791b0-8ce0-4a72-91a5-9f603c7dcd74/test.pdf"],"options":{},"errorMessage":null,"resultPath":null,"progress":0,"createdAt":[2025,9,3,21,21,17,802988718],"startedAt":null,"completedAt":null},{"id":"58b89f0c-8b5e-4c81-861c-539e12cf8899","operation":"MERGE","status":"PENDING","inputFiles":["./storage/58b89f0c-8b5e-4c81-861c-539e12cf8899/test1.pdf"],"options":{},"errorMessage":null,"resultPath":null,"progress":0,"createdAt":[2025,9,4,17,21,44,826781318],"startedAt":null,"completedAt":null},{"id":"35bc1333-351a-48b8-af73-e7498b75c715","operation":"MERGE","status":"COMPLETED","inputFiles":["/home/otavio/API-JAVA/app/api/storage/1df9a363-8cb4-4c00-87ad-09253a0c3e53/test-storage.pdf","/home/otavio/API-JAVA/app/api/storage/3ec43675-2726-466a-841e-e91addc5cbbb/test-storage.pdf"],"options":{},"errorMessage":null,"resultPath":"./storage/35bc1333-351a-48b8-af73-e7498b75c715/result_35bc1333-351a-48b8-af73-e7498b75c715.pdf","progress":100,"createdAt":[2025,9,3,13,32,28,394546009],"startedAt":[2025,9,3,13,32,53,212197417],"completedAt":[2025,9,3,13,32,53,214512449]},{"id":"3ec43675-2726-466a-841e-e91addc5cbbb","operation":"SPLIT","status":"COMPLETED","inputFiles":["test-storage.pdf"],"options":{"pages":"1-3"},"errorMessage":null,"resultPath":"./storage/3ec43675-2726-466a-841e-e91addc5cbbb/result_3ec43675-2726-466a-841e-e91addc5cbbb.pdf","progress":100,"createdAt":[2025,9,3,13,17,39,278026518],"startedAt":[2025,9,3,13,32,53,189519111],"completedAt":[2025,9,3,13,32,53,208448482]},{"id":"7620dd42-4e5e-4994-8750-558bd89af0e4","operation":"MERGE","status":"PENDING","inputFiles":["./storage/7620dd42-4e5e-4994-8750-558bd89af0e4/test1.pdf"],"options":{},"errorMessage":null,"resultPath":null,"progress":0,"createdAt":[2025,9,4,17,36,52,60371066],"startedAt":null,"completedAt":null},{"id":"f1515e0f-121a-4894-bf06-3290f02e14f7","operation":"MERGE","status":"PENDING","inputFiles":["test1.pdf","test2.pdf"],"options":{},"errorMessage":null,"resultPath":null,"progress":0,"createdAt":[2025,9,3,12,6,16,850575725],"startedAt":null,"completedAt":null},{"id":"776ef185-c6c7-4f7b-8bcd-c37bd1a46765","operation":"MERGE","status":"PENDING","inputFiles":["./storage/776ef185-c6c7-4f7b-8bcd-c37bd1a46765/test.pdf"],"options":{},"errorMessage":null,"resultPath":null,"progress":0,"createdAt":[2025,9,3,21,20,50,931542049],"startedAt":null,"completedAt":null},{"id":"1df9a363-8cb4-4c00-87ad-09253a0c3e53","operation":"SPLIT","status":"COMPLETED","inputFiles":["test-storage.pdf"],"options":{},"errorMessage":null,"resultPath":"./storage/1df9a363-8cb4-4c00-87ad-09253a0c3e53/result_1df9a363-8cb4-4c00-87ad-09253a0c3e53.pdf","progress":100,"createdAt":[2025,9,3,12,35,2,859291717],"startedAt":[2025,9,3,13,8,48,266384490],"completedAt":[2025,9,3,13,8,48,267758006]},{"id":"ec869227-76c2-4a0c-ae66-e810d8ee8d4d","operation":"MERGE","status":"PENDING","inputFiles":["./storage/ec869227-76c2-4a0c-ae66-e810d8ee8d4d/test.pdf"],"options":{},"errorMessage":null,"resultPath":null,"progress":0,"createdAt":[2025,9,3,21,20,50,911495211],"startedAt":null,"completedAt":null},{"id":"03fa00fb-fb6c-4b20-8573-373279c557c4","operation":"MERGE","status":"COMPLETED","inputFiles":["/tmp/simple1.pdf","/tmp/simple2.pdf"],"options":{},"errorMessage":null,"resultPath":"./storage/03fa00fb-fb6c-4b20-8573-373279c557c4/result.pdf","progress":100,"createdAt":[2025,9,3,13,46,36,356858835],"startedAt":[2025,9,3,13,46,39,876766272],"completedAt":[2025,9,3,13,46,39,906703999]},{"id":"561c5455-2b71-46c0-9e3b-cf3176551e75","operation":"MERGE","status":"PENDING","inputFiles":["./storage/561c5455-2b71-46c0-9e3b-cf3176551e75/test.pdf"],"options":{},"errorMessage":null,"resultPath":null,"progress":0,"createdAt":[2025,9,3,21,20,50,481566978],"startedAt":null,"completedAt":null},{"id":"f459e09c-de1d-4a5b-97e3-526c8bdaca24","operation":"MERGE","status":"COMPLETED","inputFiles":["test1.pdf","test2.pdf"],"options":{},"errorMessage":null,"resultPath":"./storage/f459e09c-de1d-4a5b-97e3-526c8bdaca24/result_f459e09c-de1d-4a5b-97e3-526c8bdaca24.pdf","progress":100,"createdAt":[2025,9,3,12,9,15,203138861],"startedAt":[2025,9,3,13,8,48,244072718],"completedAt":[2025,9,3,13,8,48,245371831]},{"id":"c591766d-78e7-498f-9ea7-a15665f6f057","operation":"MERGE","status":"PENDING","inputFiles":["./storage/c591766d-78e7-498f-9ea7-a15665f6f057/test.pdf"],"options":{},"errorMessage":null,"resultPath":null,"progress":0,"createdAt":[2025,9,3,21,21,17,790913598],"startedAt":null,"completedAt":null},{"id":"e95e0d9a-13b4-4d63-9cad-42174be1c00f","operation":"MERGE","status":"COMPLETED","inputFiles":["test1.pdf","test2.pdf"],"options":{},"errorMessage":null,"resultPath":"./storage/e95e0d9a-13b4-4d63-9cad-42174be1c00f/result_e95e0d9a-13b4-4d63-9cad-42174be1c00f.pdf","progress":100,"createdAt":[2025,9,3,12,25,3,361778138],"startedAt":[2025,9,3,13,8,48,256139108],"completedAt":[2025,9,3,13,8,48,258617913]},{"id":"1fc4b7be-952e-48da-a0eb-125914ce86a5","operation":"MERGE","status":"PENDING","inputFiles":["./storage/1fc4b7be-952e-48da-a0eb-125914ce86a5/test.pdf"],"options":{},"errorMessage":null,"resultPath":null,"progress":0,"createdAt":[2025,9,3,21,21,17,360866230],"startedAt":null,"completedAt":null},{"id":"3c0d56e0-3c5b-408b-a205-4081556a3eb1","operation":"MERGE","status":"FAILED","inputFiles":["test1.pdf","test2.pdf"],"options":{},"errorMessage":"Error processing job: 3c0d56e0-3c5b-408b-a205-4081556a3eb1","resultPath":null,"progress":0,"createdAt":[2025,9,3,15,52,49,766639],"startedAt":[2025,9,3,15,53,49,170917614],"completedAt":[2025,9,3,15,53,49,205813692]},{"id":"1d63a321-2cd5-4a27-ac94-10220cd3dd9a","operation":"MERGE","status":"FAILED","inputFiles":["./storage/1d63a321-2cd5-4a27-ac94-10220cd3dd9a/test1.pdf","./storage/1d63a321-2cd5-4a27-ac94-10220cd3dd9a/test2.pdf"],"options":{"outputFileName":"merged.pdf"},"errorMessage":"Error processing job: 1d63a321-2cd5-4a27-ac94-10220cd3dd9a","resultPath":null,"progress":0,"createdAt":[2025,9,3,15,56,54,875795561],"startedAt":[2025,9,3,15,56,55,996276187],"completedAt":[2025,9,3,15,56,56,7473648]},{"id":"57388c35-acaa-4be8-b466-2af8c998b7ac","operation":"MERGE","status":"PENDING","inputFiles":["./storage/57388c35-acaa-4be8-b466-2af8c998b7ac/test.pdf"],"options":{},"errorMessage":null,"resultPath":null,"progress":0,"createdAt":[2025,9,3,21,21,17,797889623],"startedAt":null,"completedAt":null},{"id":"d40f09a2-d411-4ff5-bcd2-ff3ce5ecf94e","operation":"MERGE","status":"COMPLETED","inputFiles":["test1.pdf","test2.pdf"],"options":{},"errorMessage":null,"resultPath":"./storage/d40f09a2-d411-4ff5-bcd2-ff3ce5ecf94e/result_d40f09a2-d411-4ff5-bcd2-ff3ce5ecf94e.pdf","progress":100,"createdAt":[2025,9,3,12,8,2,85798666],"startedAt":[2025,9,3,13,8,48,227646311],"completedAt":[2025,9,3,13,8,48,241435420]}]
Response headers: Vary=Origin
Vary=Access-Control-Request-Method
Vary=Access-Control-Request-Headers
X-Content-Type-Options=nosniff
X-Frame-Options=DENY
X-XSS-Protection=1; mode=block
Content-Security-Policy=default-src 'none'; script-src 'none'; object-src 'none'; base-uri 'none';
Referrer-Policy=no-referrer
Permissions-Policy=camera=(), microphone=(), geolocation=(), payment=(), usb=(), magnetometer=(), gyroscope=(), accelerometer=()
Cache-Control=no-cache, no-store, must-revalidate
Pragma=no-cache
Expires=0
Server=PDF-Processor-API
Content-Type=application/json
Transfer-Encoding=chunked
Date=Thu, 04 Sep 2025 23:26:43 GMT
Keep-Alive=timeout=60
Connection=keep-alive
]]></system-out>
    <system-err><![CDATA[WARNING: A Java agent has been loaded dynamically (/home/otavio/.m2/repository/net/bytebuddy/byte-buddy-agent/1.14.10/byte-buddy-agent-1.14.10.jar)
WARNING: If a serviceability tool is in use, please run with -XX:+EnableDynamicAgentLoading to hide this warning
WARNING: If a serviceability tool is not in use, please run with -Djdk.instrument.traceUsage for more information
WARNING: Dynamic loading of agents will be disallowed by default in a future release
]]></system-err>
  </testcase>
  <testcase name="shouldRejectPostRequestWithoutApiKey" classname="com.pdfprocessor.integration.SimpleAuthTest" time="0.051">
    <system-out><![CDATA[Testing POST request without API key
[FILTER] ApiKeyAuthenticationFilter executado para: /api/v1/jobs
2025-09-04 20:26:43 - &amp#27;[34mINFO &amp#27;[0;39m [http-nio-auto-1-exec-2] c.p.a.c.ApiKeyAuthenticationFilter - [FILTER] ApiKeyAuthenticationFilter executado para: /api/v1/jobs
[DEBUG] ===== ApiKeyAuthenticationFilter EXECUTADO =====
[DEBUG] Request URI: /api/v1/jobs
[DEBUG] Request Method: POST
[DEBUG] Chave API recebida: null
[DEBUG] Chave API ausente ou inválida, retornando 401
]]></system-out>
  </testcase>
  <testcase name="shouldRejectGetRequestWithoutApiKey" classname="com.pdfprocessor.integration.SimpleAuthTest" time="0.033">
    <system-out><![CDATA[Testing GET request without API key
[FILTER] ApiKeyAuthenticationFilter executado para: /api/v1/jobs
2025-09-04 20:26:43 - &amp#27;[34mINFO &amp#27;[0;39m [http-nio-auto-1-exec-3] c.p.a.c.ApiKeyAuthenticationFilter - [FILTER] ApiKeyAuthenticationFilter executado para: /api/v1/jobs
[DEBUG] ===== ApiKeyAuthenticationFilter EXECUTADO =====
[DEBUG] Request URI: /api/v1/jobs
[DEBUG] Request Method: GET
[DEBUG] Chave API recebida: null
[DEBUG] Chave API ausente ou inválida, retornando 401
]]></system-out>
  </testcase>
</testsuite>