<?xml version="1.0" encoding="UTF-8"?>
<testsuite xmlns:xsi="http://www.w3.org/2001/XMLSchema-instance" xsi:noNamespaceSchemaLocation="https://maven.apache.org/surefire/maven-surefire-plugin/xsd/surefire-test-report-3.0.xsd" version="3.0" name="com.pdfprocessor.worker.consumer.JobConsumerTest" time="3.502" tests="4" errors="0" skipped="0" failures="0">
  <properties>
[...]
</properties>
  <testcase name="shouldHandleProcessingException" classname="com.pdfprocessor.worker.consumer.JobConsumerTest" time="1.256">
    <system-out><![CDATA[21:02:31.154 [Thread-2] INFO com.pdfprocessor.worker.consumer.JobConsumer -- Worker iniciado. Aguardando jobs...
21:02:31.156 [Thread-2] INFO com.pdfprocessor.worker.consumer.JobConsumer -- Job encontrado: test-job-123
21:02:31.156 [Thread-2] INFO com.pdfprocessor.worker.consumer.JobConsumer -- Processando job: test-job-123 - Operação: MERGE
21:02:31.158 [Thread-2] ERROR com.pdfprocessor.worker.consumer.JobConsumer -- Erro ao processar job test-job-123: Processing error
java.lang.RuntimeException: Processing error
	at com.pdfprocessor.worker.processor.JobProcessor.process(JobProcessor.java:38)
	at com.pdfprocessor.worker.consumer.JobConsumer.processJob(JobConsumer.java:65)
	at com.pdfprocessor.worker.consumer.JobConsumer.run(JobConsumer.java:42)
	at com.pdfprocessor.worker.consumer.JobConsumerTest.lambda$2(JobConsumerTest.java:103)
	at java.base/java.lang.Thread.run(Thread.java:1583)
21:02:31.254 [main] INFO com.pdfprocessor.worker.consumer.JobConsumer -- Parando JobConsumer...
]]></system-out>
  </testcase>
  <testcase name="shouldProcessJobWhenAvailable" classname="com.pdfprocessor.worker.consumer.JobConsumerTest" time="1.111">
    <system-out><![CDATA[21:02:32.272 [Thread-3] INFO com.pdfprocessor.worker.consumer.JobConsumer -- Worker iniciado. Aguardando jobs...
21:02:32.273 [Thread-3] INFO com.pdfprocessor.worker.consumer.JobConsumer -- Job encontrado: test-job-123
21:02:32.273 [Thread-3] INFO com.pdfprocessor.worker.consumer.JobConsumer -- Processando job: test-job-123 - Operação: MERGE
21:02:32.274 [Thread-3] INFO com.pdfprocessor.worker.consumer.JobConsumer -- Job processado com sucesso: test-job-123
21:02:32.372 [main] INFO com.pdfprocessor.worker.consumer.JobConsumer -- Parando JobConsumer...
]]></system-out>
  </testcase>
  <testcase name="shouldStopGracefully" classname="com.pdfprocessor.worker.consumer.JobConsumerTest" time="0.012">
    <system-out><![CDATA[21:02:33.385 [main] INFO com.pdfprocessor.worker.consumer.JobConsumer -- Parando JobConsumer...
]]></system-out>
  </testcase>
  <testcase name="shouldHandleEmptyQueue" classname="com.pdfprocessor.worker.consumer.JobConsumerTest" time="1.112">
    <system-out><![CDATA[21:02:33.397 [Thread-4] INFO com.pdfprocessor.worker.consumer.JobConsumer -- Worker iniciado. Aguardando jobs...
21:02:33.497 [main] INFO com.pdfprocessor.worker.consumer.JobConsumer -- Parando JobConsumer...
]]></system-out>
  </testcase>
</testsuite>