<?xml version="1.0" encoding="UTF-8" standalone="yes"?><!DOCTYPE report PUBLIC "-//JACOCO//DTD Report 1.1//EN" "report.dtd"><report name="PDF Processor Infrastructure"><sessioninfo id="DESKTOP-L3OL65O-2cce02f8" start="1756951480987" dump="1756951485323"/><sessioninfo id="DESKTOP-L3OL65O-7a21a033" start="1756951559658" dump="1756951563941"/><package name="com/pdfprocessor/infrastructure/adapter"><class name="com/pdfprocessor/infrastructure/adapter/RedisJobRepository" sourcefilename="RedisJobRepository.java"><method name="&lt;init&gt;" desc="(Lorg/springframework/data/redis/core/RedisTemplate;)V" line="29"><counter type="INSTRUCTION" missed="0" covered="18"/><counter type="LINE" missed="0" covered="5"/><counter type="COMPLEXITY" missed="0" covered="1"/><counter type="METHOD" missed="0" covered="1"/></method><method name="save" desc="(Lcom/pdfprocessor/domain/model/Job;)Lcom/pdfprocessor/domain/model/Job;" line="38"><counter type="INSTRUCTION" missed="9" covered="35"/><counter type="LINE" missed="2" covered="6"/><counter type="COMPLEXITY" missed="0" covered="1"/><counter type="METHOD" missed="0" covered="1"/></method><method name="findById" desc="(Ljava/lang/String;)Ljava/util/Optional;" line="57"><counter type="INSTRUCTION" missed="9" covered="32"/><counter type="BRANCH" missed="0" covered="2"/><counter type="LINE" missed="3" covered="8"/><counter type="COMPLEXITY" missed="0" covered="2"/><counter type="METHOD" missed="0" covered="1"/></method><method name="findAll" desc="(II)Ljava/util/List;" line="77"><counter type="INSTRUCTION" missed="8" covered="35"/><counter type="BRANCH" missed="1" covered="3"/><counter type="LINE" missed="3" covered="11"/><counter type="COMPLEXITY" missed="1" covered="2"/><counter type="METHOD" missed="0" covered="1"/></method><method name="deleteById" desc="(Ljava/lang/String;)V" line="100"><counter type="INSTRUCTION" missed="17" covered="16"/><counter type="LINE" missed="3" covered="5"/><counter type="COMPLEXITY" missed="0" covered="1"/><counter type="METHOD" missed="0" covered="1"/></method><method name="existsById" desc="(Ljava/lang/String;)Z" line="117"><counter type="INSTRUCTION" missed="9" covered="24"/><counter type="BRANCH" missed="1" covered="3"/><counter type="LINE" missed="3" covered="5"/><counter type="COMPLEXITY" missed="1" covered="2"/><counter type="METHOD" missed="0" covered="1"/></method><counter type="INSTRUCTION" missed="52" covered="160"/><counter type="BRANCH" missed="2" covered="8"/><counter type="LINE" missed="14" covered="40"/><counter type="COMPLEXITY" missed="2" covered="9"/><counter type="METHOD" missed="0" covered="6"/><counter type="CLASS" missed="0" covered="1"/></class><class name="com/pdfprocessor/infrastructure/adapter/LocalStorageService" sourcefilename="LocalStorageService.java"><method name="&lt;init&gt;" desc="()V" line="15"><counter type="INSTRUCTION" missed="0" covered="3"/><counter type="LINE" missed="0" covered="1"/><counter type="COMPLEXITY" missed="0" covered="1"/><counter type="METHOD" missed="0" covered="1"/></method><method name="store" desc="(Ljava/lang/String;Ljava/lang/String;Ljava/io/InputStream;)Ljava/lang/String;" line="21"><counter type="INSTRUCTION" missed="9" covered="38"/><counter type="LINE" missed="2" covered="7"/><counter type="COMPLEXITY" missed="0" covered="1"/><counter type="METHOD" missed="0" covered="1"/></method><method name="retrieve" desc="(Ljava/lang/String;)Ljava/io/InputStream;" line="41"><counter type="INSTRUCTION" missed="8" covered="25"/><counter type="BRANCH" missed="0" covered="2"/><counter type="LINE" missed="2" covered="5"/><counter type="COMPLEXITY" missed="0" covered="2"/><counter type="METHOD" missed="0" covered="1"/></method><method name="getPhysicalPath" desc="(Ljava/lang/String;)Ljava/nio/file/Path;" line="54"><counter type="INSTRUCTION" missed="0" covered="6"/><counter type="LINE" missed="0" covered="1"/><counter type="COMPLEXITY" missed="0" covered="1"/><counter type="METHOD" missed="0" covered="1"/></method><method name="listJobFiles" desc="(Ljava/lang/String;)Ljava/util/List;" line="60"><counter type="INSTRUCTION" missed="9" covered="37"/><counter type="BRANCH" missed="0" covered="2"/><counter type="LINE" missed="3" covered="10"/><counter type="COMPLEXITY" missed="0" covered="2"/><counter type="METHOD" missed="0" covered="1"/></method><method name="delete" desc="(Ljava/lang/String;)Z" line="83"><counter type="INSTRUCTION" missed="9" covered="21"/><counter type="BRANCH" missed="0" covered="2"/><counter type="LINE" missed="3" covered="6"/><counter type="COMPLEXITY" missed="0" covered="2"/><counter type="METHOD" missed="0" covered="1"/></method><method name="deleteJobFiles" desc="(Ljava/lang/String;)I" line="100"><counter type="INSTRUCTION" missed="19" covered="41"/><counter type="BRANCH" missed="3" covered="3"/><counter type="LINE" missed="7" covered="10"/><counter type="COMPLEXITY" missed="2" covered="2"/><counter type="METHOD" missed="0" covered="1"/></method><method name="exists" desc="(Ljava/lang/String;)Z" line="131"><counter type="INSTRUCTION" missed="0" covered="17"/><counter type="LINE" missed="0" covered="4"/><counter type="COMPLEXITY" missed="0" covered="1"/><counter type="METHOD" missed="0" covered="1"/></method><method name="getFileSize" desc="(Ljava/lang/String;)J" line="140"><counter type="INSTRUCTION" missed="19" covered="12"/><counter type="BRANCH" missed="1" covered="1"/><counter type="LINE" missed="6" covered="3"/><counter type="COMPLEXITY" missed="1" covered="1"/><counter type="METHOD" missed="0" covered="1"/></method><method name="createJobDirectory" desc="(Ljava/lang/String;)Ljava/lang/String;" line="156"><counter type="INSTRUCTION" missed="8" covered="23"/><counter type="LINE" missed="2" covered="5"/><counter type="COMPLEXITY" missed="0" covered="1"/><counter type="METHOD" missed="0" covered="1"/></method><method name="lambda$deleteJobFiles$2" desc="(Ljava/nio/file/Path;)Z" line="107"><counter type="INSTRUCTION" missed="5" covered="0"/><counter type="LINE" missed="1" covered="0"/><counter type="COMPLEXITY" missed="1" covered="0"/><counter type="METHOD" missed="1" covered="0"/></method><method name="lambda$listJobFiles$1" desc="(Ljava/lang/String;Ljava/nio/file/Path;)Ljava/lang/String;" line="69"><counter type="INSTRUCTION" missed="6" covered="0"/><counter type="LINE" missed="1" covered="0"/><counter type="COMPLEXITY" missed="1" covered="0"/><counter type="METHOD" missed="1" covered="0"/></method><method name="lambda$listJobFiles$0" desc="(Ljava/nio/file/Path;)Z" line="68"><counter type="INSTRUCTION" missed="5" covered="0"/><counter type="LINE" missed="1" covered="0"/><counter type="COMPLEXITY" missed="1" covered="0"/><counter type="METHOD" missed="1" covered="0"/></method><counter type="INSTRUCTION" missed="97" covered="223"/><counter type="BRANCH" missed="4" covered="10"/><counter type="LINE" missed="25" covered="52"/><counter type="COMPLEXITY" missed="6" covered="14"/><counter type="METHOD" missed="3" covered="10"/><counter type="CLASS" missed="0" covered="1"/></class><class name="com/pdfprocessor/infrastructure/adapter/PdfProcessingServiceImpl" sourcefilename="PdfProcessingServiceImpl.java"><method name="&lt;init&gt;" desc="()V" line="43"><counter type="INSTRUCTION" missed="0" covered="3"/><counter type="LINE" missed="0" covered="1"/><counter type="COMPLEXITY" missed="0" covered="1"/><counter type="METHOD" missed="0" covered="1"/></method><method name="processJob" desc="(Lcom/pdfprocessor/domain/model/Job;)Ljava/lang/String;" line="75"><counter type="INSTRUCTION" missed="110" covered="56"/><counter type="BRANCH" missed="22" covered="6"/><counter type="LINE" missed="26" covered="13"/><counter type="COMPLEXITY" missed="21" covered="3"/><counter type="METHOD" missed="0" covered="1"/></method><method name="processMerge" desc="(Lcom/pdfprocessor/domain/model/Job;)Ljava/lang/String;" line="134"><counter type="INSTRUCTION" missed="42" covered="76"/><counter type="BRANCH" missed="4" covered="4"/><counter type="LINE" missed="12" covered="16"/><counter type="COMPLEXITY" missed="4" covered="1"/><counter type="METHOD" missed="0" covered="1"/></method><method name="processSplit" desc="(Lcom/pdfprocessor/domain/model/Job;)Ljava/lang/String;" line="182"><counter type="INSTRUCTION" missed="87" covered="0"/><counter type="BRANCH" missed="12" covered="0"/><counter type="LINE" missed="17" covered="0"/><counter type="COMPLEXITY" missed="7" covered="0"/><counter type="METHOD" missed="1" covered="0"/></method><method name="splitAllPages" desc="(Lorg/apache/pdfbox/pdmodel/PDDocument;Ljava/nio/file/Path;I)Ljava/lang/String;" line="216"><counter type="INSTRUCTION" missed="59" covered="0"/><counter type="BRANCH" missed="2" covered="0"/><counter type="LINE" missed="11" covered="0"/><counter type="COMPLEXITY" missed="2" covered="0"/><counter type="METHOD" missed="1" covered="0"/></method><method name="splitByRange" desc="(Lorg/apache/pdfbox/pdmodel/PDDocument;Ljava/nio/file/Path;Ljava/lang/String;I)Ljava/lang/String;" line="239"><counter type="INSTRUCTION" missed="72" covered="0"/><counter type="BRANCH" missed="8" covered="0"/><counter type="LINE" missed="14" covered="0"/><counter type="COMPLEXITY" missed="5" covered="0"/><counter type="METHOD" missed="1" covered="0"/></method><method name="parsePageRange" desc="(Ljava/lang/String;I)Ljava/util/List;" line="264"><counter type="INSTRUCTION" missed="106" covered="0"/><counter type="BRANCH" missed="20" covered="0"/><counter type="LINE" missed="25" covered="0"/><counter type="COMPLEXITY" missed="11" covered="0"/><counter type="METHOD" missed="1" covered="0"/></method><method name="processRotate" desc="(Lcom/pdfprocessor/domain/model/Job;)Ljava/lang/String;" line="306"><counter type="INSTRUCTION" missed="185" covered="0"/><counter type="BRANCH" missed="28" covered="0"/><counter type="LINE" missed="38" covered="0"/><counter type="COMPLEXITY" missed="15" covered="0"/><counter type="METHOD" missed="1" covered="0"/></method><method name="rotatePage" desc="(Lorg/apache/pdfbox/pdmodel/PDPage;I)V" line="378"><counter type="INSTRUCTION" missed="13" covered="0"/><counter type="LINE" missed="4" covered="0"/><counter type="COMPLEXITY" missed="1" covered="0"/><counter type="METHOD" missed="1" covered="0"/></method><method name="processWatermark" desc="(Lcom/pdfprocessor/domain/model/Job;)Ljava/lang/String;" line="384"><counter type="INSTRUCTION" missed="142" covered="0"/><counter type="BRANCH" missed="20" covered="0"/><counter type="LINE" missed="26" covered="0"/><counter type="COMPLEXITY" missed="11" covered="0"/><counter type="METHOD" missed="1" covered="0"/></method><method name="addWatermarkToPage" desc="(Lorg/apache/pdfbox/pdmodel/PDDocument;Lorg/apache/pdfbox/pdmodel/PDPage;Ljava/lang/String;FILjava/lang/String;)V" line="436"><counter type="INSTRUCTION" missed="113" covered="0"/><counter type="BRANCH" missed="5" covered="0"/><counter type="LINE" missed="30" covered="0"/><counter type="COMPLEXITY" missed="5" covered="0"/><counter type="METHOD" missed="1" covered="0"/></method><method name="processEncrypt" desc="(Lcom/pdfprocessor/domain/model/Job;)Ljava/lang/String;" line="488"><counter type="INSTRUCTION" missed="162" covered="0"/><counter type="BRANCH" missed="22" covered="0"/><counter type="LINE" missed="39" covered="0"/><counter type="COMPLEXITY" missed="12" covered="0"/><counter type="METHOD" missed="1" covered="0"/></method><method name="processDecrypt" desc="(Lcom/pdfprocessor/domain/model/Job;)Ljava/lang/String;" line="559"><counter type="INSTRUCTION" missed="102" covered="0"/><counter type="BRANCH" missed="14" covered="0"/><counter type="LINE" missed="25" covered="0"/><counter type="COMPLEXITY" missed="8" covered="0"/><counter type="METHOD" missed="1" covered="0"/></method><method name="processExtractText" desc="(Lcom/pdfprocessor/domain/model/Job;)Ljava/lang/String;" line="604"><counter type="INSTRUCTION" missed="101" covered="0"/><counter type="BRANCH" missed="8" covered="0"/><counter type="LINE" missed="19" covered="0"/><counter type="COMPLEXITY" missed="5" covered="0"/><counter type="METHOD" missed="1" covered="0"/></method><method name="processExtractMetadata" desc="(Lcom/pdfprocessor/domain/model/Job;)Ljava/lang/String;" line="638"><counter type="INSTRUCTION" missed="220" covered="0"/><counter type="BRANCH" missed="14" covered="0"/><counter type="LINE" missed="43" covered="0"/><counter type="COMPLEXITY" missed="8" covered="0"/><counter type="METHOD" missed="1" covered="0"/></method><method name="processPdfCrop" desc="(Lcom/pdfprocessor/domain/model/Job;)Ljava/lang/String;" line="706"><counter type="INSTRUCTION" missed="155" covered="0"/><counter type="BRANCH" missed="10" covered="0"/><counter type="LINE" missed="29" covered="0"/><counter type="COMPLEXITY" missed="6" covered="0"/><counter type="METHOD" missed="1" covered="0"/></method><method name="processPdfReorder" desc="(Lcom/pdfprocessor/domain/model/Job;)Ljava/lang/String;" line="755"><counter type="INSTRUCTION" missed="134" covered="0"/><counter type="BRANCH" missed="16" covered="0"/><counter type="LINE" missed="25" covered="0"/><counter type="COMPLEXITY" missed="9" covered="0"/><counter type="METHOD" missed="1" covered="0"/></method><method name="processPdfResize" desc="(Lcom/pdfprocessor/domain/model/Job;)Ljava/lang/String;" line="798"><counter type="INSTRUCTION" missed="120" covered="0"/><counter type="BRANCH" missed="10" covered="0"/><counter type="LINE" missed="24" covered="0"/><counter type="COMPLEXITY" missed="6" covered="0"/><counter type="METHOD" missed="1" covered="0"/></method><method name="processCompress" desc="(Lcom/pdfprocessor/domain/model/Job;)Ljava/lang/String;" line="838"><counter type="INSTRUCTION" missed="76" covered="0"/><counter type="BRANCH" missed="6" covered="0"/><counter type="LINE" missed="18" covered="0"/><counter type="COMPLEXITY" missed="4" covered="0"/><counter type="METHOD" missed="1" covered="0"/></method><method name="processPdfToImages" desc="(Lcom/pdfprocessor/domain/model/Job;)Ljava/lang/String;" line="881"><counter type="INSTRUCTION" missed="147" covered="0"/><counter type="BRANCH" missed="6" covered="0"/><counter type="LINE" missed="26" covered="0"/><counter type="COMPLEXITY" missed="4" covered="0"/><counter type="METHOD" missed="1" covered="0"/></method><method name="processImagesToPdf" desc="(Lcom/pdfprocessor/domain/model/Job;)Ljava/lang/String;" line="924"><counter type="INSTRUCTION" missed="196" covered="0"/><counter type="BRANCH" missed="12" covered="0"/><counter type="LINE" missed="48" covered="0"/><counter type="COMPLEXITY" missed="7" covered="0"/><counter type="METHOD" missed="1" covered="0"/></method><method name="processPdfCompare" desc="(Lcom/pdfprocessor/domain/model/Job;)Ljava/lang/String;" line="1002"><counter type="INSTRUCTION" missed="258" covered="12"/><counter type="BRANCH" missed="15" covered="1"/><counter type="LINE" missed="42" covered="3"/><counter type="COMPLEXITY" missed="8" covered="1"/><counter type="METHOD" missed="0" covered="1"/></method><method name="processPdfCreate" desc="(Lcom/pdfprocessor/domain/model/Job;)Ljava/lang/String;" line="1075"><counter type="INSTRUCTION" missed="148" covered="0"/><counter type="BRANCH" missed="18" covered="0"/><counter type="LINE" missed="27" covered="0"/><counter type="COMPLEXITY" missed="10" covered="0"/><counter type="METHOD" missed="1" covered="0"/></method><method name="processPdfEdit" desc="(Lcom/pdfprocessor/domain/model/Job;)Ljava/lang/String;" line="1125"><counter type="INSTRUCTION" missed="78" covered="58"/><counter type="BRANCH" missed="7" covered="9"/><counter type="LINE" missed="13" covered="12"/><counter type="COMPLEXITY" missed="6" covered="5"/><counter type="METHOD" missed="0" covered="1"/></method><method name="processPdfProtect" desc="(Lcom/pdfprocessor/domain/model/Job;)Ljava/lang/String;" line="1174"><counter type="INSTRUCTION" missed="108" covered="32"/><counter type="BRANCH" missed="4" covered="4"/><counter type="LINE" missed="19" covered="7"/><counter type="COMPLEXITY" missed="3" covered="2"/><counter type="METHOD" missed="0" covered="1"/></method><method name="processPdfUnlock" desc="(Lcom/pdfprocessor/domain/model/Job;)Ljava/lang/String;" line="1222"><counter type="INSTRUCTION" missed="66" covered="25"/><counter type="BRANCH" missed="5" covered="3"/><counter type="LINE" missed="11" covered="6"/><counter type="COMPLEXITY" missed="3" covered="2"/><counter type="METHOD" missed="0" covered="1"/></method><method name="addTextToDocument" desc="(Lorg/apache/pdfbox/pdmodel/PDDocument;Ljava/util/Map;)V" line="1252"><counter type="INSTRUCTION" missed="79" covered="0"/><counter type="BRANCH" missed="6" covered="0"/><counter type="LINE" missed="16" covered="0"/><counter type="COMPLEXITY" missed="4" covered="0"/><counter type="METHOD" missed="1" covered="0"/></method><method name="removeTextFromDocument" desc="(Lorg/apache/pdfbox/pdmodel/PDDocument;Ljava/util/Map;)V" line="1277"><counter type="INSTRUCTION" missed="41" covered="0"/><counter type="BRANCH" missed="4" covered="0"/><counter type="LINE" missed="7" covered="0"/><counter type="COMPLEXITY" missed="3" covered="0"/><counter type="METHOD" missed="1" covered="0"/></method><method name="replaceTextInDocument" desc="(Lorg/apache/pdfbox/pdmodel/PDDocument;Ljava/util/Map;)V" line="1290"><counter type="INSTRUCTION" missed="83" covered="0"/><counter type="BRANCH" missed="8" covered="0"/><counter type="LINE" missed="17" covered="0"/><counter type="COMPLEXITY" missed="5" covered="0"/><counter type="METHOD" missed="1" covered="0"/></method><method name="createPdfFromText" desc="(Lorg/apache/pdfbox/pdmodel/PDDocument;Ljava/lang/String;Lorg/apache/pdfbox/pdmodel/common/PDRectangle;Ljava/util/Map;)V" line="1318"><counter type="INSTRUCTION" missed="176" covered="0"/><counter type="BRANCH" missed="14" covered="0"/><counter type="LINE" missed="31" covered="0"/><counter type="COMPLEXITY" missed="8" covered="0"/><counter type="METHOD" missed="1" covered="0"/></method><method name="getAllPageNumbers" desc="(I)Ljava/util/List;" line="1372"><counter type="INSTRUCTION" missed="18" covered="0"/><counter type="BRANCH" missed="2" covered="0"/><counter type="LINE" missed="4" covered="0"/><counter type="COMPLEXITY" missed="2" covered="0"/><counter type="METHOD" missed="1" covered="0"/></method><method name="getPageSize" desc="(Ljava/lang/String;)Lorg/apache/pdfbox/pdmodel/common/PDRectangle;" line="1380"><counter type="INSTRUCTION" missed="21" covered="0"/><counter type="BRANCH" missed="6" covered="0"/><counter type="LINE" missed="7" covered="0"/><counter type="COMPLEXITY" missed="6" covered="0"/><counter type="METHOD" missed="1" covered="0"/></method><method name="supportsOperation" desc="(Lcom/pdfprocessor/domain/model/JobOperation;)Z" line="1392"><counter type="INSTRUCTION" missed="0" covered="4"/><counter type="LINE" missed="0" covered="1"/><counter type="COMPLEXITY" missed="0" covered="1"/><counter type="METHOD" missed="0" covered="1"/></method><method name="getSupportedOperations" desc="()Ljava/util/List;" line="1397"><counter type="INSTRUCTION" missed="0" covered="3"/><counter type="LINE" missed="0" covered="1"/><counter type="COMPLEXITY" missed="0" covered="1"/><counter type="METHOD" missed="0" covered="1"/></method><method name="validateOptions" desc="(Lcom/pdfprocessor/domain/model/JobOperation;Ljava/util/Map;)Z" line="1402"><counter type="INSTRUCTION" missed="27" covered="58"/><counter type="BRANCH" missed="4" covered="11"/><counter type="LINE" missed="9" covered="16"/><counter type="COMPLEXITY" missed="4" covered="10"/><counter type="METHOD" missed="0" covered="1"/></method><method name="validateCropOptions" desc="(Ljava/util/Map;)Z" line="1438"><counter type="INSTRUCTION" missed="45" covered="0"/><counter type="BRANCH" missed="8" covered="0"/><counter type="LINE" missed="7" covered="0"/><counter type="COMPLEXITY" missed="5" covered="0"/><counter type="METHOD" missed="1" covered="0"/></method><method name="validateResizeOptions" desc="(Ljava/util/Map;)Z" line="1449"><counter type="INSTRUCTION" missed="21" covered="0"/><counter type="BRANCH" missed="2" covered="0"/><counter type="LINE" missed="4" covered="0"/><counter type="COMPLEXITY" missed="2" covered="0"/><counter type="METHOD" missed="1" covered="0"/></method><method name="validateRotateOptions" desc="(Ljava/util/Map;)Z" line="1457"><counter type="INSTRUCTION" missed="5" covered="23"/><counter type="BRANCH" missed="3" covered="5"/><counter type="LINE" missed="3" covered="3"/><counter type="COMPLEXITY" missed="3" covered="2"/><counter type="METHOD" missed="0" covered="1"/></method><method name="validatePdfToImagesOptions" desc="(Ljava/util/Map;)Z" line="1471"><counter type="INSTRUCTION" missed="0" covered="36"/><counter type="BRANCH" missed="0" covered="6"/><counter type="LINE" missed="0" covered="9"/><counter type="COMPLEXITY" missed="0" covered="4"/><counter type="METHOD" missed="0" covered="1"/></method><method name="validateImagesToPdfOptions" desc="(Ljava/util/Map;)Z" line="1488"><counter type="INSTRUCTION" missed="3" covered="33"/><counter type="BRANCH" missed="0" covered="6"/><counter type="LINE" missed="2" covered="7"/><counter type="COMPLEXITY" missed="0" covered="4"/><counter type="METHOD" missed="0" covered="1"/></method><method name="validatePdfEditOptions" desc="(Ljava/util/Map;)Z" line="1505"><counter type="INSTRUCTION" missed="24" covered="41"/><counter type="BRANCH" missed="11" covered="7"/><counter type="LINE" missed="6" covered="6"/><counter type="COMPLEXITY" missed="9" covered="2"/><counter type="METHOD" missed="0" covered="1"/></method><method name="validatePdfProtectOptions" desc="(Ljava/util/Map;)Z" line="1533"><counter type="INSTRUCTION" missed="14" covered="30"/><counter type="BRANCH" missed="5" covered="9"/><counter type="LINE" missed="6" covered="8"/><counter type="COMPLEXITY" missed="4" covered="4"/><counter type="METHOD" missed="0" covered="1"/></method><method name="getOptionsSchema" desc="(Lcom/pdfprocessor/domain/model/JobOperation;)Ljava/util/Map;" line="1562"><counter type="INSTRUCTION" missed="153" covered="108"/><counter type="BRANCH" missed="9" covered="7"/><counter type="LINE" missed="36" covered="26"/><counter type="COMPLEXITY" missed="9" covered="7"/><counter type="METHOD" missed="0" covered="1"/></method><method name="lambda$processCompress$0" desc="(Lorg/apache/pdfbox/pdmodel/PDPage;)V" line="864"><counter type="INSTRUCTION" missed="6" covered="0"/><counter type="BRANCH" missed="2" covered="0"/><counter type="LINE" missed="4" covered="0"/><counter type="COMPLEXITY" missed="2" covered="0"/><counter type="METHOD" missed="1" covered="0"/></method><method name="&lt;clinit&gt;" desc="()V" line="48"><counter type="INSTRUCTION" missed="0" covered="81"/><counter type="LINE" missed="0" covered="3"/><counter type="COMPLEXITY" missed="0" covered="1"/><counter type="METHOD" missed="0" covered="1"/></method><counter type="INSTRUCTION" missed="3716" covered="679"/><counter type="BRANCH" missed="372" covered="78"/><counter type="LINE" missed="770" covered="138"/><counter type="COMPLEXITY" missed="247" covered="51"/><counter type="METHOD" missed="28" covered="17"/><counter type="CLASS" missed="0" covered="1"/></class><class name="com/pdfprocessor/infrastructure/adapter/RedisJobQueue" sourcefilename="RedisJobQueue.java"><method name="&lt;init&gt;" desc="(Lorg/springframework/data/redis/core/RedisTemplate;)V" line="28"><counter type="INSTRUCTION" missed="0" covered="18"/><counter type="LINE" missed="0" covered="5"/><counter type="COMPLEXITY" missed="0" covered="1"/><counter type="METHOD" missed="0" covered="1"/></method><method name="publish" desc="(Lcom/pdfprocessor/domain/model/Job;)V" line="37"><counter type="INSTRUCTION" missed="9" covered="19"/><counter type="LINE" missed="2" covered="5"/><counter type="COMPLEXITY" missed="0" covered="1"/><counter type="METHOD" missed="0" covered="1"/></method><method name="consume" desc="()Ljava/util/Optional;" line="47"><counter type="INSTRUCTION" missed="0" covered="4"/><counter type="LINE" missed="0" covered="1"/><counter type="COMPLEXITY" missed="0" covered="1"/><counter type="METHOD" missed="0" covered="1"/></method><method name="consume" desc="(J)Ljava/util/Optional;" line="54"><counter type="INSTRUCTION" missed="0" covered="61"/><counter type="BRANCH" missed="0" covered="4"/><counter type="LINE" missed="0" covered="13"/><counter type="COMPLEXITY" missed="0" covered="3"/><counter type="METHOD" missed="0" covered="1"/></method><method name="returnToQueue" desc="(Lcom/pdfprocessor/domain/model/Job;)V" line="83"><counter type="INSTRUCTION" missed="8" covered="31"/><counter type="LINE" missed="2" covered="6"/><counter type="COMPLEXITY" missed="0" covered="1"/><counter type="METHOD" missed="0" covered="1"/></method><method name="acknowledge" desc="(Lcom/pdfprocessor/domain/model/Job;)V" line="96"><counter type="INSTRUCTION" missed="8" covered="24"/><counter type="LINE" missed="2" covered="5"/><counter type="COMPLEXITY" missed="0" covered="1"/><counter type="METHOD" missed="0" covered="1"/></method><method name="getQueueSize" desc="()J" line="107"><counter type="INSTRUCTION" missed="0" covered="13"/><counter type="BRANCH" missed="0" covered="2"/><counter type="LINE" missed="0" covered="2"/><counter type="COMPLEXITY" missed="0" covered="2"/><counter type="METHOD" missed="0" covered="1"/></method><counter type="INSTRUCTION" missed="25" covered="170"/><counter type="BRANCH" missed="0" covered="6"/><counter type="LINE" missed="6" covered="37"/><counter type="COMPLEXITY" missed="0" covered="10"/><counter type="METHOD" missed="0" covered="7"/><counter type="CLASS" missed="0" covered="1"/></class><sourcefile name="RedisJobQueue.java"><line nr="28" mi="0" ci="2" mb="0" cb="0"/><line nr="29" mi="0" ci="3" mb="0" cb="0"/><line nr="30" mi="0" ci="5" mb="0" cb="0"/><line nr="31" mi="0" ci="7" mb="0" cb="0"/><line nr="32" mi="0" ci="1" mb="0" cb="0"/><line nr="37" mi="0" ci="5" mb="0" cb="0"/><line nr="38" mi="0" ci="7" mb="0" cb="0"/><line nr="39" mi="0" ci="5" mb="0" cb="0"/><line nr="40" mi="1" ci="0" mb="0" cb="0"/><line nr="41" mi="8" ci="0" mb="0" cb="0"/><line nr="42" mi="0" ci="1" mb="0" cb="0"/><line nr="43" mi="0" ci="1" mb="0" cb="0"/><line nr="47" mi="0" ci="4" mb="0" cb="0"/><line nr="54" mi="0" ci="4" mb="0" cb="2"/><line nr="56" mi="0" ci="9" mb="0" cb="0"/><line nr="59" mi="0" ci="6" mb="0" cb="0"/><line nr="62" mi="0" ci="2" mb="0" cb="2"/><line nr="63" mi="0" ci="3" mb="0" cb="0"/><line nr="64" mi="0" ci="7" mb="0" cb="0"/><line nr="67" mi="0" ci="12" mb="0" cb="0"/><line nr="69" mi="0" ci="5" mb="0" cb="0"/><line nr="70" mi="0" ci="3" mb="0" cb="0"/><line nr="73" mi="0" ci="2" mb="0" cb="0"/><line nr="74" mi="0" ci="1" mb="0" cb="0"/><line nr="75" mi="0" ci="5" mb="0" cb="0"/><line nr="76" mi="0" ci="2" mb="0" cb="0"/><line nr="83" mi="0" ci="5" mb="0" cb="0"/><line nr="85" mi="0" ci="12" mb="0" cb="0"/><line nr="86" mi="0" ci="7" mb="0" cb="0"/><line nr="87" mi="0" ci="5" mb="0" cb="0"/><line nr="88" mi="1" ci="0" mb="0" cb="0"/><line nr="89" mi="7" ci="0" mb="0" cb="0"/><line nr="90" mi="0" ci="1" mb="0" cb="0"/><line nr="91" mi="0" ci="1" mb="0" cb="0"/><line nr="96" mi="0" ci="5" mb="0" cb="0"/><line nr="98" mi="0" ci="12" mb="0" cb="0"/><line nr="99" mi="0" ci="5" mb="0" cb="0"/><line nr="100" mi="1" ci="0" mb="0" cb="0"/><line nr="101" mi="7" ci="0" mb="0" cb="0"/><line nr="102" mi="0" ci="1" mb="0" cb="0"/><line nr="103" mi="0" ci="1" mb="0" cb="0"/><line nr="107" mi="0" ci="6" mb="0" cb="0"/><line nr="108" mi="0" ci="7" mb="0" cb="2"/><counter type="INSTRUCTION" missed="25" covered="170"/><counter type="BRANCH" missed="0" covered="6"/><counter type="LINE" missed="6" covered="37"/><counter type="COMPLEXITY" missed="0" covered="10"/><counter type="METHOD" missed="0" covered="7"/><counter type="CLASS" missed="0" covered="1"/></sourcefile><sourcefile name="LocalStorageService.java"><line nr="15" mi="0" ci="3" mb="0" cb="0"/><line nr="21" mi="0" ci="9" mb="0" cb="0"/><line nr="22" mi="0" ci="5" mb="0" cb="0"/><line nr="25" mi="0" ci="4" mb="0" cb="0"/><line nr="28" mi="0" ci="10" mb="0" cb="0"/><line nr="30" mi="0" ci="4" mb="0" cb="0"/><line nr="31" mi="0" ci="4" mb="0" cb="0"/><line nr="32" mi="0" ci="2" mb="0" cb="0"/><line nr="33" mi="1" ci="0" mb="0" cb="0"/><line nr="34" mi="8" ci="0" mb="0" cb="0"/><line nr="41" mi="0" ci="5" mb="0" cb="0"/><line nr="42" mi="0" ci="5" mb="0" cb="2"/><line nr="43" mi="0" ci="6" mb="0" cb="0"/><line nr="45" mi="0" ci="4" mb="0" cb="0"/><line nr="46" mi="0" ci="5" mb="0" cb="0"/><line nr="47" mi="1" ci="0" mb="0" cb="0"/><line nr="48" mi="7" ci="0" mb="0" cb="0"/><line nr="54" mi="0" ci="6" mb="0" cb="0"/><line nr="60" mi="0" ci="9" mb="0" cb="0"/><line nr="61" mi="0" ci="5" mb="0" cb="2"/><line nr="62" mi="0" ci="2" mb="0" cb="0"/><line nr="65" mi="0" ci="3" mb="0" cb="0"/><line nr="66" mi="0" ci="2" mb="0" cb="0"/><line nr="68" mi="5" ci="3" mb="0" cb="0"/><line nr="69" mi="6" ci="1" mb="0" cb="0"/><line nr="70" mi="0" ci="2" mb="0" cb="0"/><line nr="71" mi="0" ci="6" mb="0" cb="0"/><line nr="72" mi="0" ci="4" mb="0" cb="0"/><line nr="74" mi="1" ci="0" mb="0" cb="0"/><line nr="75" mi="6" ci="0" mb="0" cb="0"/><line nr="76" mi="2" ci="0" mb="0" cb="0"/><line nr="83" mi="0" ci="5" mb="0" cb="0"/><line nr="84" mi="0" ci="3" mb="0" cb="0"/><line nr="85" mi="0" ci="2" mb="0" cb="2"/><line nr="86" mi="0" ci="5" mb="0" cb="0"/><line nr="88" mi="0" ci="4" mb="0" cb="0"/><line nr="90" mi="0" ci="2" mb="0" cb="0"/><line nr="91" mi="1" ci="0" mb="0" cb="0"/><line nr="92" mi="6" ci="0" mb="0" cb="0"/><line nr="93" mi="2" ci="0" mb="0" cb="0"/><line nr="100" mi="0" ci="9" mb="0" cb="0"/><line nr="101" mi="0" ci="5" mb="0" cb="2"/><line nr="102" mi="0" ci="2" mb="0" cb="0"/><line nr="105" mi="0" ci="2" mb="0" cb="0"/><line nr="106" mi="0" ci="3" mb="0" cb="0"/><line nr="107" mi="9" ci="9" mb="1" cb="1"/><line nr="108" mi="3" ci="0" mb="2" cb="0"/><line nr="109" mi="1" ci="0" mb="0" cb="0"/><line nr="111" mi="1" ci="0" mb="0" cb="0"/><line nr="116" mi="0" ci="3" mb="0" cb="0"/><line nr="117" mi="1" ci="0" mb="0" cb="0"/><line nr="119" mi="0" ci="1" mb="0" cb="0"/><line nr="121" mi="0" ci="5" mb="0" cb="0"/><line nr="122" mi="0" ci="2" mb="0" cb="0"/><line nr="123" mi="1" ci="0" mb="0" cb="0"/><line nr="124" mi="6" ci="0" mb="0" cb="0"/><line nr="125" mi="2" ci="0" mb="0" cb="0"/><line nr="131" mi="0" ci="5" mb="0" cb="0"/><line nr="132" mi="0" ci="5" mb="0" cb="0"/><line nr="133" mi="0" ci="5" mb="0" cb="0"/><line nr="134" mi="0" ci="2" mb="0" cb="0"/><line nr="140" mi="0" ci="5" mb="0" cb="0"/><line nr="141" mi="0" ci="5" mb="1" cb="1"/><line nr="142" mi="0" ci="2" mb="0" cb="0"/><line nr="144" mi="3" ci="0" mb="0" cb="0"/><line nr="145" mi="5" ci="0" mb="0" cb="0"/><line nr="146" mi="2" ci="0" mb="0" cb="0"/><line nr="147" mi="1" ci="0" mb="0" cb="0"/><line nr="148" mi="6" ci="0" mb="0" cb="0"/><line nr="149" mi="2" ci="0" mb="0" cb="0"/><line nr="156" mi="0" ci="9" mb="0" cb="0"/><line nr="157" mi="0" ci="5" mb="0" cb="0"/><line nr="158" mi="0" ci="3" mb="0" cb="0"/><line nr="159" mi="0" ci="4" mb="0" cb="0"/><line nr="160" mi="0" ci="2" mb="0" cb="0"/><line nr="161" mi="1" ci="0" mb="0" cb="0"/><line nr="162" mi="7" ci="0" mb="0" cb="0"/><counter type="INSTRUCTION" missed="97" covered="223"/><counter type="BRANCH" missed="4" covered="10"/><counter type="LINE" missed="25" covered="52"/><counter type="COMPLEXITY" missed="6" covered="14"/><counter type="METHOD" missed="3" covered="10"/><counter type="CLASS" missed="0" covered="1"/></sourcefile><sourcefile name="RedisJobRepository.java"><line nr="29" mi="0" ci="2" mb="0" cb="0"/><line nr="30" mi="0" ci="3" mb="0" cb="0"/><line nr="31" mi="0" ci="5" mb="0" cb="0"/><line nr="32" mi="0" ci="7" mb="0" cb="0"/><line nr="33" mi="0" ci="1" mb="0" cb="0"/><line nr="38" mi="0" ci="4" mb="0" cb="0"/><line nr="39" mi="0" ci="5" mb="0" cb="0"/><line nr="42" mi="0" ci="6" mb="0" cb="0"/><line nr="45" mi="0" ci="13" mb="0" cb="0"/><line nr="47" mi="0" ci="5" mb="0" cb="0"/><line nr="48" mi="0" ci="2" mb="0" cb="0"/><line nr="49" mi="1" ci="0" mb="0" cb="0"/><line nr="50" mi="8" ci="0" mb="0" cb="0"/><line nr="57" mi="0" ci="3" mb="0" cb="0"/><line nr="58" mi="0" ci="7" mb="0" cb="0"/><line nr="60" mi="0" ci="2" mb="0" cb="2"/><line nr="61" mi="0" ci="7" mb="0" cb="0"/><line nr="62" mi="0" ci="4" mb="0" cb="0"/><line nr="63" mi="0" ci="3" mb="0" cb="0"/><line nr="66" mi="0" ci="4" mb="0" cb="0"/><line nr="67" mi="0" ci="2" mb="0" cb="0"/><line nr="68" mi="1" ci="0" mb="0" cb="0"/><line nr="69" mi="6" ci="0" mb="0" cb="0"/><line nr="70" mi="2" ci="0" mb="0" cb="0"/><line nr="77" mi="0" ci="6" mb="0" cb="0"/><line nr="79" mi="0" ci="5" mb="1" cb="3"/><line nr="80" mi="0" ci="2" mb="0" cb="0"/><line nr="83" mi="0" ci="4" mb="0" cb="0"/><line nr="84" mi="0" ci="6" mb="0" cb="0"/><line nr="85" mi="0" ci="3" mb="0" cb="0"/><line nr="86" mi="0" ci="3" mb="0" cb="0"/><line nr="87" mi="0" ci="2" mb="0" cb="0"/><line nr="88" mi="0" ci="2" mb="0" cb="0"/><line nr="89" mi="0" ci="1" mb="0" cb="0"/><line nr="90" mi="0" ci="1" mb="0" cb="0"/><line nr="91" mi="1" ci="0" mb="0" cb="0"/><line nr="92" mi="5" ci="0" mb="0" cb="0"/><line nr="93" mi="2" ci="0" mb="0" cb="0"/><line nr="100" mi="0" ci="3" mb="0" cb="0"/><line nr="103" mi="0" ci="5" mb="0" cb="0"/><line nr="106" mi="12" ci="0" mb="0" cb="0"/><line nr="108" mi="4" ci="0" mb="0" cb="0"/><line nr="109" mi="0" ci="1" mb="0" cb="0"/><line nr="110" mi="0" ci="6" mb="0" cb="0"/><line nr="111" mi="1" ci="0" mb="0" cb="0"/><line nr="112" mi="0" ci="1" mb="0" cb="0"/><line nr="117" mi="0" ci="3" mb="0" cb="0"/><line nr="118" mi="0" ci="5" mb="0" cb="0"/><line nr="119" mi="0" ci="9" mb="1" cb="3"/><line nr="120" mi="0" ci="5" mb="0" cb="0"/><line nr="121" mi="0" ci="2" mb="0" cb="0"/><line nr="122" mi="1" ci="0" mb="0" cb="0"/><line nr="123" mi="6" ci="0" mb="0" cb="0"/><line nr="124" mi="2" ci="0" mb="0" cb="0"/><counter type="INSTRUCTION" missed="52" covered="160"/><counter type="BRANCH" missed="2" covered="8"/><counter type="LINE" missed="14" covered="40"/><counter type="COMPLEXITY" missed="2" covered="9"/><counter type="METHOD" missed="0" covered="6"/><counter type="CLASS" missed="0" covered="1"/></sourcefile><sourcefile name="PdfProcessingServiceImpl.java"><line nr="43" mi="0" ci="3" mb="0" cb="0"/><line nr="48" mi="0" ci="78" mb="0" cb="0"/><line nr="49" mi="0" ci="2" mb="0" cb="0"/><line nr="71" mi="0" ci="1" mb="0" cb="0"/><line nr="75" mi="0" ci="2" mb="0" cb="2"/><line nr="76" mi="0" ci="5" mb="0" cb="0"/><line nr="78" mi="0" ci="3" mb="1" cb="1"/><line nr="79" mi="5" ci="0" mb="0" cb="0"/><line nr="82" mi="0" ci="8" mb="0" cb="0"/><line nr="85" mi="0" ci="5" mb="0" cb="0"/><line nr="86" mi="0" ci="6" mb="0" cb="0"/><line nr="87" mi="0" ci="6" mb="0" cb="0"/><line nr="88" mi="0" ci="6" mb="0" cb="0"/><line nr="90" mi="0" ci="3" mb="1" cb="1"/><line nr="91" mi="5" ci="0" mb="0" cb="0"/><line nr="94" mi="0" ci="4" mb="0" cb="2"/><line nr="95" mi="0" ci="5" mb="0" cb="0"/><line nr="99" mi="7" ci="0" mb="20" cb="0"/><line nr="100" mi="4" ci="0" mb="0" cb="0"/><line nr="101" mi="4" ci="0" mb="0" cb="0"/><line nr="102" mi="4" ci="0" mb="0" cb="0"/><line nr="103" mi="4" ci="0" mb="0" cb="0"/><line nr="104" mi="4" ci="0" mb="0" cb="0"/><line nr="105" mi="4" ci="0" mb="0" cb="0"/><line nr="106" mi="4" ci="0" mb="0" cb="0"/><line nr="107" mi="4" ci="0" mb="0" cb="0"/><line nr="109" mi="4" ci="0" mb="0" cb="0"/><line nr="110" mi="4" ci="0" mb="0" cb="0"/><line nr="111" mi="4" ci="0" mb="0" cb="0"/><line nr="112" mi="4" ci="0" mb="0" cb="0"/><line nr="113" mi="4" ci="0" mb="0" cb="0"/><line nr="114" mi="4" ci="0" mb="0" cb="0"/><line nr="115" mi="4" ci="0" mb="0" cb="0"/><line nr="116" mi="4" ci="0" mb="0" cb="0"/><line nr="118" mi="4" ci="0" mb="0" cb="0"/><line nr="119" mi="4" ci="0" mb="0" cb="0"/><line nr="120" mi="4" ci="0" mb="0" cb="0"/><line nr="122" mi="3" ci="0" mb="0" cb="0"/><line nr="123" mi="5" ci="0" mb="0" cb="0"/><line nr="125" mi="0" ci="1" mb="0" cb="0"/><line nr="127" mi="0" ci="2" mb="0" cb="0"/><line nr="128" mi="1" ci="0" mb="0" cb="0"/><line nr="129" mi="8" ci="0" mb="0" cb="0"/><line nr="134" mi="0" ci="3" mb="0" cb="0"/><line nr="135" mi="0" ci="5" mb="0" cb="0"/><line nr="137" mi="0" ci="6" mb="2" cb="2"/><line nr="138" mi="5" ci="0" mb="0" cb="0"/><line nr="142" mi="0" ci="7" mb="0" cb="0"/><line nr="143" mi="0" ci="5" mb="0" cb="0"/><line nr="145" mi="0" ci="7" mb="0" cb="0"/><line nr="146" mi="0" ci="4" mb="0" cb="0"/><line nr="148" mi="0" ci="4" mb="0" cb="0"/><line nr="149" mi="0" ci="3" mb="0" cb="0"/><line nr="152" mi="0" ci="10" mb="1" cb="1"/><line nr="153" mi="0" ci="5" mb="0" cb="0"/><line nr="154" mi="0" ci="4" mb="0" cb="0"/><line nr="158" mi="0" ci="2" mb="0" cb="0"/><line nr="160" mi="0" ci="2" mb="0" cb="0"/><line nr="161" mi="0" ci="3" mb="1" cb="1"/><line nr="162" mi="0" ci="6" mb="0" cb="0"/><line nr="164" mi="3" ci="0" mb="0" cb="0"/><line nr="165" mi="4" ci="0" mb="0" cb="0"/><line nr="166" mi="1" ci="0" mb="0" cb="0"/><line nr="168" mi="3" ci="0" mb="0" cb="0"/><line nr="169" mi="3" ci="0" mb="0" cb="0"/><line nr="170" mi="3" ci="0" mb="0" cb="0"/><line nr="173" mi="5" ci="0" mb="0" cb="0"/><line nr="174" mi="3" ci="0" mb="0" cb="0"/><line nr="175" mi="4" ci="0" mb="0" cb="0"/><line nr="177" mi="6" ci="0" mb="0" cb="0"/><line nr="178" mi="2" ci="0" mb="0" cb="0"/><line nr="182" mi="3" ci="0" mb="0" cb="0"/><line nr="183" mi="5" ci="0" mb="4" cb="0"/><line nr="184" mi="5" ci="0" mb="0" cb="0"/><line nr="187" mi="5" ci="0" mb="0" cb="0"/><line nr="188" mi="5" ci="0" mb="0" cb="0"/><line nr="189" mi="3" ci="0" mb="2" cb="0"/><line nr="190" mi="6" ci="0" mb="0" cb="0"/><line nr="194" mi="7" ci="0" mb="0" cb="0"/><line nr="195" mi="5" ci="0" mb="0" cb="0"/><line nr="198" mi="3" ci="0" mb="0" cb="0"/><line nr="199" mi="9" ci="0" mb="2" cb="0"/><line nr="201" mi="3" ci="0" mb="0" cb="0"/><line nr="202" mi="3" ci="0" mb="0" cb="0"/><line nr="204" mi="4" ci="0" mb="2" cb="0"/><line nr="206" mi="8" ci="0" mb="0" cb="0"/><line nr="209" mi="9" ci="0" mb="0" cb="0"/><line nr="211" mi="4" ci="0" mb="2" cb="0"/><line nr="216" mi="4" ci="0" mb="0" cb="0"/><line nr="217" mi="4" ci="0" mb="0" cb="0"/><line nr="219" mi="4" ci="0" mb="0" cb="0"/><line nr="221" mi="8" ci="0" mb="2" cb="0"/><line nr="222" mi="12" ci="0" mb="0" cb="0"/><line nr="223" mi="4" ci="0" mb="0" cb="0"/><line nr="225" mi="5" ci="0" mb="0" cb="0"/><line nr="226" mi="4" ci="0" mb="0" cb="0"/><line nr="227" mi="5" ci="0" mb="0" cb="0"/><line nr="231" mi="6" ci="0" mb="0" cb="0"/><line nr="234" mi="3" ci="0" mb="0" cb="0"/><line nr="239" mi="5" ci="0" mb="0" cb="0"/><line nr="241" mi="3" ci="0" mb="2" cb="0"/><line nr="242" mi="6" ci="0" mb="0" cb="0"/><line nr="246" mi="4" ci="0" mb="0" cb="0"/><line nr="247" mi="10" ci="0" mb="2" cb="0"/><line nr="248" mi="8" ci="0" mb="4" cb="0"/><line nr="249" mi="7" ci="0" mb="0" cb="0"/><line nr="250" mi="3" ci="0" mb="0" cb="0"/><line nr="252" mi="1" ci="0" mb="0" cb="0"/><line nr="254" mi="6" ci="0" mb="0" cb="0"/><line nr="255" mi="4" ci="0" mb="0" cb="0"/><line nr="256" mi="4" ci="0" mb="0" cb="0"/><line nr="258" mi="6" ci="0" mb="0" cb="0"/><line nr="259" mi="5" ci="0" mb="0" cb="0"/><line nr="264" mi="4" ci="0" mb="0" cb="0"/><line nr="266" mi="6" ci="0" mb="4" cb="0"/><line nr="267" mi="2" ci="0" mb="0" cb="0"/><line nr="270" mi="4" ci="0" mb="0" cb="0"/><line nr="271" mi="16" ci="0" mb="2" cb="0"/><line nr="272" mi="3" ci="0" mb="0" cb="0"/><line nr="273" mi="4" ci="0" mb="2" cb="0"/><line nr="275" mi="4" ci="0" mb="0" cb="0"/><line nr="276" mi="4" ci="0" mb="2" cb="0"/><line nr="278" mi="6" ci="0" mb="0" cb="0"/><line nr="279" mi="6" ci="0" mb="0" cb="0"/><line nr="280" mi="10" ci="0" mb="4" cb="0"/><line nr="281" mi="3" ci="0" mb="2" cb="0"/><line nr="282" mi="5" ci="0" mb="0" cb="0"/><line nr="285" mi="1" ci="0" mb="0" cb="0"/><line nr="286" mi="4" ci="0" mb="0" cb="0"/><line nr="287" mi="1" ci="0" mb="0" cb="0"/><line nr="289" mi="1" ci="0" mb="0" cb="0"/><line nr="292" mi="3" ci="0" mb="0" cb="0"/><line nr="293" mi="6" ci="0" mb="4" cb="0"/><line nr="294" mi="5" ci="0" mb="0" cb="0"/><line nr="296" mi="1" ci="0" mb="0" cb="0"/><line nr="297" mi="4" ci="0" mb="0" cb="0"/><line nr="298" mi="1" ci="0" mb="0" cb="0"/><line nr="302" mi="2" ci="0" mb="0" cb="0"/><line nr="306" mi="3" ci="0" mb="0" cb="0"/><line nr="307" mi="5" ci="0" mb="4" cb="0"/><line nr="308" mi="5" ci="0" mb="0" cb="0"/><line nr="311" mi="5" ci="0" mb="0" cb="0"/><line nr="312" mi="5" ci="0" mb="0" cb="0"/><line nr="313" mi="3" ci="0" mb="2" cb="0"/><line nr="314" mi="6" ci="0" mb="0" cb="0"/><line nr="318" mi="7" ci="0" mb="0" cb="0"/><line nr="319" mi="5" ci="0" mb="0" cb="0"/><line nr="322" mi="3" ci="0" mb="0" cb="0"/><line nr="323" mi="2" ci="0" mb="2" cb="0"/><line nr="324" mi="5" ci="0" mb="0" cb="0"/><line nr="328" mi="4" ci="0" mb="0" cb="0"/><line nr="329" mi="2" ci="0" mb="2" cb="0"/><line nr="330" mi="5" ci="0" mb="0" cb="0"/><line nr="336" mi="4" ci="0" mb="0" cb="0"/><line nr="337" mi="1" ci="0" mb="0" cb="0"/><line nr="338" mi="7" ci="0" mb="0" cb="0"/><line nr="340" mi="1" ci="0" mb="0" cb="0"/><line nr="342" mi="9" ci="0" mb="6" cb="0"/><line nr="343" mi="6" ci="0" mb="0" cb="0"/><line nr="346" mi="11" ci="0" mb="2" cb="0"/><line nr="348" mi="5" ci="0" mb="0" cb="0"/><line nr="350" mi="3" ci="0" mb="0" cb="0"/><line nr="351" mi="3" ci="0" mb="0" cb="0"/><line nr="353" mi="4" ci="0" mb="2" cb="0"/><line nr="355" mi="7" ci="0" mb="2" cb="0"/><line nr="356" mi="6" ci="0" mb="0" cb="0"/><line nr="358" mi="6" ci="0" mb="0" cb="0"/><line nr="361" mi="5" ci="0" mb="0" cb="0"/><line nr="362" mi="10" ci="0" mb="2" cb="0"/><line nr="363" mi="8" ci="0" mb="4" cb="0"/><line nr="364" mi="9" ci="0" mb="0" cb="0"/><line nr="366" mi="1" ci="0" mb="0" cb="0"/><line nr="367" mi="5" ci="0" mb="0" cb="0"/><line nr="370" mi="3" ci="0" mb="0" cb="0"/><line nr="373" mi="4" ci="0" mb="0" cb="0"/><line nr="374" mi="2" ci="0" mb="0" cb="0"/><line nr="378" mi="3" ci="0" mb="0" cb="0"/><line nr="379" mi="6" ci="0" mb="0" cb="0"/><line nr="380" mi="3" ci="0" mb="0" cb="0"/><line nr="381" mi="1" ci="0" mb="0" cb="0"/><line nr="384" mi="3" ci="0" mb="0" cb="0"/><line nr="385" mi="5" ci="0" mb="4" cb="0"/><line nr="386" mi="5" ci="0" mb="0" cb="0"/><line nr="389" mi="5" ci="0" mb="0" cb="0"/><line nr="390" mi="5" ci="0" mb="0" cb="0"/><line nr="391" mi="3" ci="0" mb="2" cb="0"/><line nr="392" mi="6" ci="0" mb="0" cb="0"/><line nr="396" mi="7" ci="0" mb="0" cb="0"/><line nr="397" mi="5" ci="0" mb="0" cb="0"/><line nr="400" mi="3" ci="0" mb="0" cb="0"/><line nr="401" mi="2" ci="0" mb="2" cb="0"/><line nr="402" mi="5" ci="0" mb="0" cb="0"/><line nr="406" mi="5" ci="0" mb="0" cb="0"/><line nr="407" mi="6" ci="0" mb="4" cb="0"/><line nr="408" mi="5" ci="0" mb="0" cb="0"/><line nr="413" mi="12" ci="0" mb="2" cb="0"/><line nr="415" mi="12" ci="0" mb="2" cb="0"/><line nr="417" mi="11" ci="0" mb="2" cb="0"/><line nr="419" mi="5" ci="0" mb="0" cb="0"/><line nr="421" mi="3" ci="0" mb="0" cb="0"/><line nr="422" mi="11" ci="0" mb="2" cb="0"/><line nr="423" mi="8" ci="0" mb="0" cb="0"/><line nr="424" mi="1" ci="0" mb="0" cb="0"/><line nr="426" mi="3" ci="0" mb="0" cb="0"/><line nr="429" mi="4" ci="0" mb="0" cb="0"/><line nr="430" mi="2" ci="0" mb="0" cb="0"/><line nr="436" mi="9" ci="0" mb="0" cb="0"/><line nr="441" mi="4" ci="0" mb="0" cb="0"/><line nr="442" mi="4" ci="0" mb="0" cb="0"/><line nr="443" mi="3" ci="0" mb="0" cb="0"/><line nr="446" mi="5" ci="0" mb="0" cb="0"/><line nr="447" mi="5" ci="0" mb="0" cb="0"/><line nr="448" mi="3" ci="0" mb="0" cb="0"/><line nr="451" mi="4" ci="0" mb="0" cb="0"/><line nr="452" mi="4" ci="0" mb="0" cb="0"/><line nr="453" mi="9" ci="0" mb="0" cb="0"/><line nr="456" mi="9" ci="0" mb="5" cb="0"/><line nr="458" mi="2" ci="0" mb="0" cb="0"/><line nr="459" mi="4" ci="0" mb="0" cb="0"/><line nr="460" mi="1" ci="0" mb="0" cb="0"/><line nr="462" mi="6" ci="0" mb="0" cb="0"/><line nr="463" mi="4" ci="0" mb="0" cb="0"/><line nr="464" mi="1" ci="0" mb="0" cb="0"/><line nr="466" mi="2" ci="0" mb="0" cb="0"/><line nr="467" mi="2" ci="0" mb="0" cb="0"/><line nr="468" mi="1" ci="0" mb="0" cb="0"/><line nr="470" mi="6" ci="0" mb="0" cb="0"/><line nr="471" mi="2" ci="0" mb="0" cb="0"/><line nr="472" mi="1" ci="0" mb="0" cb="0"/><line nr="474" mi="6" ci="0" mb="0" cb="0"/><line nr="475" mi="4" ci="0" mb="0" cb="0"/><line nr="480" mi="2" ci="0" mb="0" cb="0"/><line nr="481" mi="4" ci="0" mb="0" cb="0"/><line nr="482" mi="3" ci="0" mb="0" cb="0"/><line nr="483" mi="2" ci="0" mb="0" cb="0"/><line nr="485" mi="1" ci="0" mb="0" cb="0"/><line nr="488" mi="3" ci="0" mb="0" cb="0"/><line nr="489" mi="5" ci="0" mb="4" cb="0"/><line nr="490" mi="5" ci="0" mb="0" cb="0"/><line nr="493" mi="5" ci="0" mb="0" cb="0"/><line nr="494" mi="5" ci="0" mb="0" cb="0"/><line nr="495" mi="3" ci="0" mb="2" cb="0"/><line nr="496" mi="6" ci="0" mb="0" cb="0"/><line nr="500" mi="7" ci="0" mb="0" cb="0"/><line nr="501" mi="5" ci="0" mb="0" cb="0"/><line nr="504" mi="3" ci="0" mb="0" cb="0"/><line nr="505" mi="2" ci="0" mb="2" cb="0"/><line nr="506" mi="5" ci="0" mb="0" cb="0"/><line nr="510" mi="5" ci="0" mb="0" cb="0"/><line nr="511" mi="6" ci="0" mb="4" cb="0"/><line nr="512" mi="5" ci="0" mb="0" cb="0"/><line nr="515" mi="5" ci="0" mb="0" cb="0"/><line nr="516" mi="6" ci="0" mb="4" cb="0"/><line nr="517" mi="2" ci="0" mb="0" cb="0"/><line nr="520" mi="5" ci="0" mb="0" cb="0"/><line nr="522" mi="3" ci="0" mb="0" cb="0"/><line nr="524" mi="4" ci="0" mb="0" cb="0"/><line nr="528" mi="4" ci="0" mb="2" cb="0"/><line nr="529" mi="6" ci="0" mb="0" cb="0"/><line nr="530" mi="2" ci="0" mb="0" cb="0"/><line nr="532" mi="4" ci="0" mb="2" cb="0"/><line nr="533" mi="6" ci="0" mb="0" cb="0"/><line nr="534" mi="2" ci="0" mb="0" cb="0"/><line nr="536" mi="4" ci="0" mb="2" cb="0"/><line nr="537" mi="6" ci="0" mb="0" cb="0"/><line nr="538" mi="2" ci="0" mb="0" cb="0"/><line nr="540" mi="3" ci="0" mb="0" cb="0"/><line nr="541" mi="3" ci="0" mb="0" cb="0"/><line nr="542" mi="3" ci="0" mb="0" cb="0"/><line nr="545" mi="7" ci="0" mb="0" cb="0"/><line nr="547" mi="3" ci="0" mb="0" cb="0"/><line nr="550" mi="3" ci="0" mb="0" cb="0"/><line nr="551" mi="3" ci="0" mb="0" cb="0"/><line nr="554" mi="4" ci="0" mb="0" cb="0"/><line nr="555" mi="2" ci="0" mb="0" cb="0"/><line nr="559" mi="3" ci="0" mb="0" cb="0"/><line nr="560" mi="5" ci="0" mb="4" cb="0"/><line nr="561" mi="5" ci="0" mb="0" cb="0"/><line nr="564" mi="5" ci="0" mb="0" cb="0"/><line nr="565" mi="5" ci="0" mb="0" cb="0"/><line nr="566" mi="3" ci="0" mb="2" cb="0"/><line nr="567" mi="6" ci="0" mb="0" cb="0"/><line nr="571" mi="7" ci="0" mb="0" cb="0"/><line nr="572" mi="5" ci="0" mb="0" cb="0"/><line nr="575" mi="3" ci="0" mb="0" cb="0"/><line nr="576" mi="2" ci="0" mb="2" cb="0"/><line nr="577" mi="5" ci="0" mb="0" cb="0"/><line nr="581" mi="5" ci="0" mb="0" cb="0"/><line nr="582" mi="6" ci="0" mb="4" cb="0"/><line nr="583" mi="5" ci="0" mb="0" cb="0"/><line nr="586" mi="5" ci="0" mb="0" cb="0"/><line nr="588" mi="4" ci="0" mb="0" cb="0"/><line nr="589" mi="3" ci="0" mb="2" cb="0"/><line nr="591" mi="3" ci="0" mb="0" cb="0"/><line nr="594" mi="3" ci="0" mb="0" cb="0"/><line nr="595" mi="1" ci="0" mb="0" cb="0"/><line nr="596" mi="6" ci="0" mb="0" cb="0"/><line nr="597" mi="1" ci="0" mb="0" cb="0"/><line nr="599" mi="4" ci="0" mb="0" cb="0"/><line nr="600" mi="2" ci="0" mb="0" cb="0"/><line nr="604" mi="4" ci="0" mb="2" cb="0"/><line nr="605" mi="5" ci="0" mb="0" cb="0"/><line nr="608" mi="6" ci="0" mb="0" cb="0"/><line nr="609" mi="14" ci="0" mb="0" cb="0"/><line nr="610" mi="5" ci="0" mb="0" cb="0"/><line nr="612" mi="2" ci="0" mb="0" cb="0"/><line nr="613" mi="4" ci="0" mb="0" cb="0"/><line nr="615" mi="6" ci="0" mb="0" cb="0"/><line nr="616" mi="4" ci="0" mb="0" cb="0"/><line nr="619" mi="3" ci="0" mb="0" cb="0"/><line nr="620" mi="4" ci="0" mb="2" cb="0"/><line nr="621" mi="7" ci="0" mb="0" cb="0"/><line nr="623" mi="4" ci="0" mb="2" cb="0"/><line nr="624" mi="7" ci="0" mb="0" cb="0"/><line nr="626" mi="4" ci="0" mb="2" cb="0"/><line nr="627" mi="7" ci="0" mb="0" cb="0"/><line nr="630" mi="4" ci="0" mb="0" cb="0"/><line nr="631" mi="8" ci="0" mb="0" cb="0"/><line nr="634" mi="3" ci="0" mb="0" cb="0"/><line nr="638" mi="4" ci="0" mb="2" cb="0"/><line nr="639" mi="5" ci="0" mb="0" cb="0"/><line nr="642" mi="6" ci="0" mb="0" cb="0"/><line nr="643" mi="14" ci="0" mb="0" cb="0"/><line nr="644" mi="5" ci="0" mb="0" cb="0"/><line nr="646" mi="2" ci="0" mb="0" cb="0"/><line nr="647" mi="4" ci="0" mb="0" cb="0"/><line nr="649" mi="6" ci="0" mb="0" cb="0"/><line nr="650" mi="3" ci="0" mb="0" cb="0"/><line nr="651" mi="4" ci="0" mb="0" cb="0"/><line nr="654" mi="6" ci="0" mb="0" cb="0"/><line nr="655" mi="6" ci="0" mb="0" cb="0"/><line nr="656" mi="6" ci="0" mb="0" cb="0"/><line nr="657" mi="6" ci="0" mb="0" cb="0"/><line nr="658" mi="6" ci="0" mb="0" cb="0"/><line nr="659" mi="6" ci="0" mb="0" cb="0"/><line nr="662" mi="3" ci="0" mb="2" cb="0"/><line nr="663" mi="8" ci="0" mb="0" cb="0"/><line nr="665" mi="3" ci="0" mb="2" cb="0"/><line nr="666" mi="8" ci="0" mb="0" cb="0"/><line nr="670" mi="7" ci="0" mb="0" cb="0"/><line nr="671" mi="7" ci="0" mb="0" cb="0"/><line nr="672" mi="7" ci="0" mb="0" cb="0"/><line nr="675" mi="4" ci="0" mb="0" cb="0"/><line nr="676" mi="4" ci="0" mb="0" cb="0"/><line nr="677" mi="2" ci="0" mb="0" cb="0"/><line nr="678" mi="11" ci="0" mb="2" cb="0"/><line nr="679" mi="2" ci="0" mb="2" cb="0"/><line nr="680" mi="4" ci="0" mb="0" cb="0"/><line nr="682" mi="10" ci="0" mb="0" cb="0"/><line nr="683" mi="3" ci="0" mb="2" cb="0"/><line nr="684" mi="5" ci="0" mb="0" cb="0"/><line nr="685" mi="4" ci="0" mb="2" cb="0"/><line nr="686" mi="2" ci="0" mb="0" cb="0"/><line nr="687" mi="2" ci="0" mb="0" cb="0"/><line nr="688" mi="7" ci="0" mb="0" cb="0"/><line nr="689" mi="3" ci="0" mb="0" cb="0"/><line nr="691" mi="6" ci="0" mb="0" cb="0"/><line nr="693" mi="2" ci="0" mb="0" cb="0"/><line nr="694" mi="1" ci="0" mb="0" cb="0"/><line nr="695" mi="4" ci="0" mb="0" cb="0"/><line nr="697" mi="9" ci="0" mb="0" cb="0"/><line nr="700" mi="3" ci="0" mb="0" cb="0"/><line nr="706" mi="3" ci="0" mb="0" cb="0"/><line nr="707" mi="5" ci="0" mb="4" cb="0"/><line nr="708" mi="5" ci="0" mb="0" cb="0"/><line nr="711" mi="5" ci="0" mb="0" cb="0"/><line nr="712" mi="5" ci="0" mb="0" cb="0"/><line nr="713" mi="3" ci="0" mb="2" cb="0"/><line nr="714" mi="6" ci="0" mb="0" cb="0"/><line nr="717" mi="3" ci="0" mb="0" cb="0"/><line nr="720" mi="7" ci="0" mb="0" cb="0"/><line nr="721" mi="7" ci="0" mb="0" cb="0"/><line nr="722" mi="7" ci="0" mb="0" cb="0"/><line nr="723" mi="7" ci="0" mb="0" cb="0"/><line nr="724" mi="6" ci="0" mb="0" cb="0"/><line nr="726" mi="11" ci="0" mb="0" cb="0"/><line nr="727" mi="6" ci="0" mb="0" cb="0"/><line nr="729" mi="6" ci="0" mb="0" cb="0"/><line nr="730" mi="4" ci="0" mb="0" cb="0"/><line nr="733" mi="4" ci="0" mb="2" cb="0"/><line nr="734" mi="5" ci="0" mb="0" cb="0"/><line nr="735" mi="6" ci="0" mb="0" cb="0"/><line nr="737" mi="11" ci="0" mb="2" cb="0"/><line nr="738" mi="6" ci="0" mb="0" cb="0"/><line nr="739" mi="4" ci="0" mb="0" cb="0"/><line nr="742" mi="5" ci="0" mb="0" cb="0"/><line nr="744" mi="8" ci="0" mb="0" cb="0"/><line nr="745" mi="1" ci="0" mb="0" cb="0"/><line nr="747" mi="4" ci="0" mb="0" cb="0"/><line nr="748" mi="2" ci="0" mb="0" cb="0"/><line nr="751" mi="3" ci="0" mb="0" cb="0"/><line nr="755" mi="3" ci="0" mb="0" cb="0"/><line nr="756" mi="5" ci="0" mb="4" cb="0"/><line nr="757" mi="5" ci="0" mb="0" cb="0"/><line nr="760" mi="5" ci="0" mb="0" cb="0"/><line nr="761" mi="5" ci="0" mb="0" cb="0"/><line nr="762" mi="3" ci="0" mb="2" cb="0"/><line nr="763" mi="6" ci="0" mb="0" cb="0"/><line nr="766" mi="3" ci="0" mb="0" cb="0"/><line nr="767" mi="5" ci="0" mb="0" cb="0"/><line nr="769" mi="6" ci="0" mb="4" cb="0"/><line nr="770" mi="5" ci="0" mb="0" cb="0"/><line nr="773" mi="11" ci="0" mb="0" cb="0"/><line nr="774" mi="6" ci="0" mb="0" cb="0"/><line nr="776" mi="6" ci="0" mb="0" cb="0"/><line nr="777" mi="4" ci="0" mb="0" cb="0"/><line nr="779" mi="4" ci="0" mb="0" cb="0"/><line nr="780" mi="16" ci="0" mb="2" cb="0"/><line nr="781" mi="4" ci="0" mb="0" cb="0"/><line nr="782" mi="7" ci="0" mb="4" cb="0"/><line nr="783" mi="6" ci="0" mb="0" cb="0"/><line nr="786" mi="6" ci="0" mb="0" cb="0"/><line nr="787" mi="4" ci="0" mb="0" cb="0"/><line nr="790" mi="4" ci="0" mb="0" cb="0"/><line nr="791" mi="2" ci="0" mb="0" cb="0"/><line nr="794" mi="3" ci="0" mb="0" cb="0"/><line nr="798" mi="3" ci="0" mb="0" cb="0"/><line nr="799" mi="5" ci="0" mb="4" cb="0"/><line nr="800" mi="5" ci="0" mb="0" cb="0"/><line nr="803" mi="5" ci="0" mb="0" cb="0"/><line nr="804" mi="5" ci="0" mb="0" cb="0"/><line nr="805" mi="3" ci="0" mb="2" cb="0"/><line nr="806" mi="6" ci="0" mb="0" cb="0"/><line nr="809" mi="3" ci="0" mb="0" cb="0"/><line nr="810" mi="6" ci="0" mb="0" cb="0"/><line nr="811" mi="6" ci="0" mb="0" cb="0"/><line nr="813" mi="11" ci="0" mb="0" cb="0"/><line nr="814" mi="6" ci="0" mb="0" cb="0"/><line nr="817" mi="4" ci="0" mb="0" cb="0"/><line nr="819" mi="6" ci="0" mb="0" cb="0"/><line nr="821" mi="4" ci="0" mb="2" cb="0"/><line nr="822" mi="5" ci="0" mb="0" cb="0"/><line nr="823" mi="6" ci="0" mb="0" cb="0"/><line nr="825" mi="11" ci="0" mb="2" cb="0"/><line nr="826" mi="6" ci="0" mb="0" cb="0"/><line nr="827" mi="3" ci="0" mb="0" cb="0"/><line nr="828" mi="3" ci="0" mb="0" cb="0"/><line nr="829" mi="1" ci="0" mb="0" cb="0"/><line nr="831" mi="4" ci="0" mb="0" cb="0"/><line nr="834" mi="3" ci="0" mb="0" cb="0"/><line nr="838" mi="3" ci="0" mb="0" cb="0"/><line nr="839" mi="5" ci="0" mb="4" cb="0"/><line nr="840" mi="5" ci="0" mb="0" cb="0"/><line nr="843" mi="5" ci="0" mb="0" cb="0"/><line nr="844" mi="5" ci="0" mb="0" cb="0"/><line nr="845" mi="3" ci="0" mb="2" cb="0"/><line nr="846" mi="6" ci="0" mb="0" cb="0"/><line nr="849" mi="3" ci="0" mb="0" cb="0"/><line nr="850" mi="6" ci="0" mb="0" cb="0"/><line nr="852" mi="11" ci="0" mb="0" cb="0"/><line nr="853" mi="6" ci="0" mb="0" cb="0"/><line nr="855" mi="6" ci="0" mb="0" cb="0"/><line nr="857" mi="1" ci="0" mb="0" cb="0"/><line nr="858" mi="1" ci="0" mb="0" cb="0"/><line nr="859" mi="2" ci="0" mb="0" cb="0"/><line nr="860" mi="1" ci="0" mb="0" cb="0"/><line nr="864" mi="3" ci="0" mb="2" cb="0"/><line nr="869" mi="1" ci="0" mb="0" cb="0"/><line nr="871" mi="1" ci="0" mb="0" cb="0"/><line nr="872" mi="1" ci="0" mb="0" cb="0"/><line nr="874" mi="4" ci="0" mb="0" cb="0"/><line nr="877" mi="3" ci="0" mb="0" cb="0"/><line nr="881" mi="4" ci="0" mb="2" cb="0"/><line nr="882" mi="5" ci="0" mb="0" cb="0"/><line nr="885" mi="6" ci="0" mb="0" cb="0"/><line nr="886" mi="5" ci="0" mb="0" cb="0"/><line nr="887" mi="3" ci="0" mb="2" cb="0"/><line nr="888" mi="6" ci="0" mb="0" cb="0"/><line nr="892" mi="10" ci="0" mb="0" cb="0"/><line nr="893" mi="5" ci="0" mb="0" cb="0"/><line nr="895" mi="3" ci="0" mb="0" cb="0"/><line nr="896" mi="7" ci="0" mb="0" cb="0"/><line nr="897" mi="7" ci="0" mb="0" cb="0"/><line nr="898" mi="6" ci="0" mb="0" cb="0"/><line nr="900" mi="4" ci="0" mb="0" cb="0"/><line nr="902" mi="3" ci="0" mb="0" cb="0"/><line nr="903" mi="5" ci="0" mb="0" cb="0"/><line nr="904" mi="3" ci="0" mb="0" cb="0"/><line nr="906" mi="5" ci="0" mb="0" cb="0"/><line nr="908" mi="11" ci="0" mb="2" cb="0"/><line nr="909" mi="6" ci="0" mb="0" cb="0"/><line nr="911" mi="17" ci="0" mb="0" cb="0"/><line nr="912" mi="4" ci="0" mb="0" cb="0"/><line nr="914" mi="6" ci="0" mb="0" cb="0"/><line nr="915" mi="5" ci="0" mb="0" cb="0"/><line nr="916" mi="1" ci="0" mb="0" cb="0"/><line nr="919" mi="7" ci="0" mb="0" cb="0"/><line nr="920" mi="3" ci="0" mb="0" cb="0"/><line nr="924" mi="4" ci="0" mb="2" cb="0"/><line nr="925" mi="5" ci="0" mb="0" cb="0"/><line nr="929" mi="10" ci="0" mb="0" cb="0"/><line nr="930" mi="5" ci="0" mb="0" cb="0"/><line nr="931" mi="5" ci="0" mb="0" cb="0"/><line nr="933" mi="3" ci="0" mb="0" cb="0"/><line nr="934" mi="6" ci="0" mb="0" cb="0"/><line nr="935" mi="7" ci="0" mb="0" cb="0"/><line nr="937" mi="4" ci="0" mb="0" cb="0"/><line nr="938" mi="4" ci="0" mb="0" cb="0"/><line nr="940" mi="11" ci="0" mb="2" cb="0"/><line nr="941" mi="5" ci="0" mb="0" cb="0"/><line nr="942" mi="3" ci="0" mb="2" cb="0"/><line nr="943" mi="4" ci="0" mb="0" cb="0"/><line nr="944" mi="1" ci="0" mb="0" cb="0"/><line nr="948" mi="3" ci="0" mb="0" cb="0"/><line nr="949" mi="2" ci="0" mb="2" cb="0"/><line nr="950" mi="4" ci="0" mb="0" cb="0"/><line nr="951" mi="1" ci="0" mb="0" cb="0"/><line nr="954" mi="5" ci="0" mb="0" cb="0"/><line nr="955" mi="3" ci="0" mb="0" cb="0"/><line nr="957" mi="4" ci="0" mb="0" cb="0"/><line nr="958" mi="4" ci="0" mb="0" cb="0"/><line nr="960" mi="6" ci="0" mb="0" cb="0"/><line nr="961" mi="2" ci="0" mb="2" cb="0"/><line nr="963" mi="4" ci="0" mb="0" cb="0"/><line nr="964" mi="4" ci="0" mb="0" cb="0"/><line nr="965" mi="3" ci="0" mb="0" cb="0"/><line nr="966" mi="3" ci="0" mb="0" cb="0"/><line nr="968" mi="4" ci="0" mb="0" cb="0"/><line nr="969" mi="4" ci="0" mb="0" cb="0"/><line nr="970" mi="4" ci="0" mb="0" cb="0"/><line nr="972" mi="4" ci="0" mb="0" cb="0"/><line nr="973" mi="4" ci="0" mb="0" cb="0"/><line nr="976" mi="6" ci="0" mb="0" cb="0"/><line nr="977" mi="6" ci="0" mb="0" cb="0"/><line nr="979" mi="7" ci="0" mb="0" cb="0"/><line nr="980" mi="1" ci="0" mb="0" cb="0"/><line nr="982" mi="5" ci="0" mb="0" cb="0"/><line nr="985" mi="1" ci="0" mb="0" cb="0"/><line nr="986" mi="6" ci="0" mb="0" cb="0"/><line nr="987" mi="1" ci="0" mb="0" cb="0"/><line nr="988" mi="1" ci="0" mb="0" cb="0"/><line nr="990" mi="3" ci="0" mb="2" cb="0"/><line nr="991" mi="5" ci="0" mb="0" cb="0"/><line nr="994" mi="3" ci="0" mb="0" cb="0"/><line nr="997" mi="4" ci="0" mb="0" cb="0"/><line nr="998" mi="2" ci="0" mb="0" cb="0"/><line nr="1002" mi="0" ci="3" mb="0" cb="0"/><line nr="1003" mi="0" ci="4" mb="1" cb="1"/><line nr="1004" mi="0" ci="5" mb="0" cb="0"/><line nr="1007" mi="5" ci="0" mb="0" cb="0"/><line nr="1008" mi="5" ci="0" mb="0" cb="0"/><line nr="1009" mi="3" ci="0" mb="0" cb="0"/><line nr="1012" mi="14" ci="0" mb="0" cb="0"/><line nr="1013" mi="5" ci="0" mb="0" cb="0"/><line nr="1015" mi="6" ci="0" mb="0" cb="0"/><line nr="1016" mi="6" ci="0" mb="0" cb="0"/><line nr="1019" mi="4" ci="0" mb="0" cb="0"/><line nr="1020" mi="4" ci="0" mb="0" cb="0"/><line nr="1021" mi="4" ci="0" mb="0" cb="0"/><line nr="1024" mi="3" ci="0" mb="0" cb="0"/><line nr="1025" mi="3" ci="0" mb="0" cb="0"/><line nr="1026" mi="12" ci="0" mb="0" cb="0"/><line nr="1027" mi="12" ci="0" mb="0" cb="0"/><line nr="1028" mi="16" ci="0" mb="2" cb="0"/><line nr="1031" mi="4" ci="0" mb="0" cb="0"/><line nr="1032" mi="4" ci="0" mb="0" cb="0"/><line nr="1033" mi="2" ci="0" mb="0" cb="0"/><line nr="1035" mi="7" ci="0" mb="2" cb="0"/><line nr="1036" mi="2" ci="0" mb="0" cb="0"/><line nr="1037" mi="2" ci="0" mb="0" cb="0"/><line nr="1039" mi="3" ci="0" mb="2" cb="0"/><line nr="1040" mi="3" ci="0" mb="0" cb="0"/><line nr="1041" mi="3" ci="0" mb="0" cb="0"/><line nr="1042" mi="5" ci="0" mb="0" cb="0"/><line nr="1045" mi="3" ci="0" mb="2" cb="0"/><line nr="1046" mi="3" ci="0" mb="0" cb="0"/><line nr="1047" mi="3" ci="0" mb="0" cb="0"/><line nr="1048" mi="5" ci="0" mb="0" cb="0"/><line nr="1051" mi="4" ci="0" mb="0" cb="0"/><line nr="1052" mi="2" ci="0" mb="2" cb="0"/><line nr="1053" mi="1" ci="0" mb="0" cb="0"/><line nr="1054" mi="12" ci="0" mb="0" cb="0"/><line nr="1055" mi="6" ci="0" mb="2" cb="0"/><line nr="1056" mi="13" ci="0" mb="0" cb="0"/><line nr="1057" mi="13" ci="0" mb="0" cb="0"/><line nr="1062" mi="17" ci="0" mb="0" cb="0"/><line nr="1063" mi="15" ci="0" mb="2" cb="0"/><line nr="1066" mi="6" ci="0" mb="0" cb="0"/><line nr="1067" mi="4" ci="0" mb="0" cb="0"/><line nr="1068" mi="9" ci="0" mb="0" cb="0"/><line nr="1070" mi="5" ci="0" mb="0" cb="0"/><line nr="1075" mi="3" ci="0" mb="0" cb="0"/><line nr="1078" mi="14" ci="0" mb="0" cb="0"/><line nr="1079" mi="5" ci="0" mb="0" cb="0"/><line nr="1081" mi="4" ci="0" mb="0" cb="0"/><line nr="1083" mi="6" ci="0" mb="0" cb="0"/><line nr="1084" mi="4" ci="0" mb="0" cb="0"/><line nr="1087" mi="4" ci="0" mb="2" cb="0"/><line nr="1088" mi="10" ci="0" mb="0" cb="0"/><line nr="1089" mi="4" ci="0" mb="2" cb="0"/><line nr="1091" mi="6" ci="0" mb="0" cb="0"/><line nr="1092" mi="7" ci="0" mb="2" cb="0"/><line nr="1093" mi="6" ci="0" mb="0" cb="0"/><line nr="1095" mi="1" ci="0" mb="0" cb="0"/><line nr="1097" mi="6" ci="0" mb="0" cb="0"/><line nr="1101" mi="12" ci="0" mb="6" cb="0"/><line nr="1102" mi="4" ci="0" mb="0" cb="0"/><line nr="1103" mi="4" ci="0" mb="2" cb="0"/><line nr="1104" mi="6" ci="0" mb="0" cb="0"/><line nr="1106" mi="4" ci="0" mb="2" cb="0"/><line nr="1107" mi="6" ci="0" mb="0" cb="0"/><line nr="1109" mi="4" ci="0" mb="2" cb="0"/><line nr="1110" mi="6" ci="0" mb="0" cb="0"/><line nr="1112" mi="3" ci="0" mb="0" cb="0"/><line nr="1116" mi="6" ci="0" mb="0" cb="0"/><line nr="1117" mi="4" ci="0" mb="0" cb="0"/><line nr="1118" mi="4" ci="0" mb="0" cb="0"/><line nr="1120" mi="5" ci="0" mb="0" cb="0"/><line nr="1125" mi="0" ci="5" mb="0" cb="2"/><line nr="1126" mi="0" ci="5" mb="0" cb="0"/><line nr="1129" mi="0" ci="3" mb="0" cb="0"/><line nr="1130" mi="0" ci="5" mb="0" cb="0"/><line nr="1132" mi="0" ci="2" mb="0" cb="2"/><line nr="1133" mi="0" ci="5" mb="0" cb="0"/><line nr="1137" mi="0" ci="9" mb="1" cb="3"/><line nr="1139" mi="0" ci="4" mb="1" cb="1"/><line nr="1140" mi="0" ci="5" mb="0" cb="0"/><line nr="1145" mi="1" ci="0" mb="0" cb="0"/><line nr="1147" mi="0" ci="4" mb="1" cb="1"/><line nr="1148" mi="0" ci="5" mb="0" cb="0"/><line nr="1151" mi="0" ci="6" mb="0" cb="0"/><line nr="1154" mi="9" ci="0" mb="0" cb="0"/><line nr="1155" mi="14" ci="0" mb="0" cb="0"/><line nr="1156" mi="5" ci="0" mb="0" cb="0"/><line nr="1158" mi="4" ci="0" mb="0" cb="0"/><line nr="1159" mi="9" ci="0" mb="4" cb="0"/><line nr="1160" mi="5" ci="0" mb="0" cb="0"/><line nr="1161" mi="5" ci="0" mb="0" cb="0"/><line nr="1162" mi="4" ci="0" mb="0" cb="0"/><line nr="1165" mi="9" ci="0" mb="0" cb="0"/><line nr="1166" mi="4" ci="0" mb="0" cb="0"/><line nr="1167" mi="4" ci="0" mb="0" cb="0"/><line nr="1169" mi="5" ci="0" mb="0" cb="0"/><line nr="1174" mi="0" ci="5" mb="0" cb="2"/><line nr="1175" mi="0" ci="5" mb="0" cb="0"/><line nr="1178" mi="0" ci="3" mb="0" cb="0"/><line nr="1179" mi="0" ci="5" mb="0" cb="0"/><line nr="1180" mi="0" ci="5" mb="0" cb="0"/><line nr="1182" mi="0" ci="4" mb="2" cb="2"/><line nr="1183" mi="0" ci="5" mb="0" cb="0"/><line nr="1186" mi="9" ci="0" mb="0" cb="0"/><line nr="1187" mi="14" ci="0" mb="0" cb="0"/><line nr="1188" mi="5" ci="0" mb="0" cb="0"/><line nr="1190" mi="4" ci="0" mb="0" cb="0"/><line nr="1192" mi="4" ci="0" mb="0" cb="0"/><line nr="1195" mi="7" ci="0" mb="0" cb="0"/><line nr="1196" mi="7" ci="0" mb="0" cb="0"/><line nr="1197" mi="7" ci="0" mb="0" cb="0"/><line nr="1199" mi="4" ci="0" mb="0" cb="0"/><line nr="1200" mi="4" ci="0" mb="0" cb="0"/><line nr="1201" mi="4" ci="0" mb="0" cb="0"/><line nr="1204" mi="2" ci="0" mb="0" cb="0"/><line nr="1205" mi="9" ci="0" mb="2" cb="0"/><line nr="1210" mi="3" ci="0" mb="0" cb="0"/><line nr="1211" mi="3" ci="0" mb="0" cb="0"/><line nr="1213" mi="9" ci="0" mb="0" cb="0"/><line nr="1214" mi="4" ci="0" mb="0" cb="0"/><line nr="1215" mi="4" ci="0" mb="0" cb="0"/><line nr="1217" mi="5" ci="0" mb="0" cb="0"/><line nr="1222" mi="0" ci="5" mb="0" cb="2"/><line nr="1223" mi="0" ci="5" mb="0" cb="0"/><line nr="1226" mi="0" ci="3" mb="0" cb="0"/><line nr="1227" mi="0" ci="5" mb="0" cb="0"/><line nr="1229" mi="0" ci="2" mb="1" cb="1"/><line nr="1230" mi="0" ci="5" mb="0" cb="0"/><line nr="1233" mi="9" ci="0" mb="0" cb="0"/><line nr="1234" mi="14" ci="0" mb="0" cb="0"/><line nr="1235" mi="5" ci="0" mb="0" cb="0"/><line nr="1237" mi="5" ci="0" mb="0" cb="0"/><line nr="1238" mi="3" ci="0" mb="2" cb="0"/><line nr="1240" mi="9" ci="0" mb="0" cb="0"/><line nr="1241" mi="4" ci="0" mb="0" cb="0"/><line nr="1242" mi="4" ci="0" mb="0" cb="0"/><line nr="1244" mi="5" ci="0" mb="0" cb="0"/><line nr="1246" mi="4" ci="0" mb="0" cb="0"/><line nr="1248" mi="4" ci="0" mb="2" cb="0"/><line nr="1252" mi="5" ci="0" mb="0" cb="0"/><line nr="1253" mi="2" ci="0" mb="2" cb="0"/><line nr="1254" mi="5" ci="0" mb="0" cb="0"/><line nr="1257" mi="9" ci="0" mb="0" cb="0"/><line nr="1258" mi="7" ci="0" mb="0" cb="0"/><line nr="1259" mi="7" ci="0" mb="0" cb="0"/><line nr="1260" mi="7" ci="0" mb="0" cb="0"/><line nr="1262" mi="6" ci="0" mb="4" cb="0"/><line nr="1263" mi="4" ci="0" mb="0" cb="0"/><line nr="1264" mi="8" ci="0" mb="0" cb="0"/><line nr="1265" mi="2" ci="0" mb="0" cb="0"/><line nr="1266" mi="7" ci="0" mb="0" cb="0"/><line nr="1267" mi="4" ci="0" mb="0" cb="0"/><line nr="1268" mi="3" ci="0" mb="0" cb="0"/><line nr="1269" mi="2" ci="0" mb="0" cb="0"/><line nr="1272" mi="1" ci="0" mb="0" cb="0"/><line nr="1277" mi="9" ci="0" mb="0" cb="0"/><line nr="1279" mi="6" ci="0" mb="4" cb="0"/><line nr="1280" mi="4" ci="0" mb="0" cb="0"/><line nr="1282" mi="6" ci="0" mb="0" cb="0"/><line nr="1283" mi="3" ci="0" mb="0" cb="0"/><line nr="1284" mi="12" ci="0" mb="0" cb="0"/><line nr="1286" mi="1" ci="0" mb="0" cb="0"/><line nr="1290" mi="5" ci="0" mb="0" cb="0"/><line nr="1291" mi="2" ci="0" mb="2" cb="0"/><line nr="1292" mi="5" ci="0" mb="0" cb="0"/><line nr="1295" mi="9" ci="0" mb="0" cb="0"/><line nr="1297" mi="6" ci="0" mb="4" cb="0"/><line nr="1298" mi="4" ci="0" mb="0" cb="0"/><line nr="1299" mi="3" ci="0" mb="0" cb="0"/><line nr="1302" mi="3" ci="0" mb="0" cb="0"/><line nr="1303" mi="5" ci="0" mb="0" cb="0"/><line nr="1304" mi="13" ci="0" mb="2" cb="0"/><line nr="1307" mi="6" ci="0" mb="0" cb="0"/><line nr="1308" mi="2" ci="0" mb="0" cb="0"/><line nr="1309" mi="7" ci="0" mb="0" cb="0"/><line nr="1310" mi="7" ci="0" mb="0" cb="0"/><line nr="1311" mi="3" ci="0" mb="0" cb="0"/><line nr="1312" mi="2" ci="0" mb="0" cb="0"/><line nr="1315" mi="1" ci="0" mb="0" cb="0"/><line nr="1318" mi="5" ci="0" mb="0" cb="0"/><line nr="1319" mi="3" ci="0" mb="0" cb="0"/><line nr="1321" mi="6" ci="0" mb="0" cb="0"/><line nr="1323" mi="7" ci="0" mb="0" cb="0"/><line nr="1324" mi="7" ci="0" mb="0" cb="0"/><line nr="1325" mi="4" ci="0" mb="0" cb="0"/><line nr="1327" mi="2" ci="0" mb="0" cb="0"/><line nr="1328" mi="7" ci="0" mb="0" cb="0"/><line nr="1329" mi="7" ci="0" mb="0" cb="0"/><line nr="1332" mi="4" ci="0" mb="0" cb="0"/><line nr="1333" mi="7" ci="0" mb="0" cb="0"/><line nr="1335" mi="16" ci="0" mb="2" cb="0"/><line nr="1337" mi="10" ci="0" mb="2" cb="0"/><line nr="1339" mi="4" ci="0" mb="0" cb="0"/><line nr="1340" mi="4" ci="0" mb="0" cb="0"/><line nr="1342" mi="16" ci="0" mb="2" cb="0"/><line nr="1343" mi="10" ci="0" mb="2" cb="0"/><line nr="1344" mi="10" ci="0" mb="2" cb="0"/><line nr="1345" mi="6" ci="0" mb="0" cb="0"/><line nr="1347" mi="3" ci="0" mb="2" cb="0"/><line nr="1348" mi="4" ci="0" mb="0" cb="0"/><line nr="1349" mi="5" ci="0" mb="0" cb="0"/><line nr="1351" mi="5" ci="0" mb="0" cb="0"/><line nr="1355" mi="3" ci="0" mb="2" cb="0"/><line nr="1356" mi="4" ci="0" mb="0" cb="0"/><line nr="1357" mi="5" ci="0" mb="0" cb="0"/><line nr="1359" mi="1" ci="0" mb="0" cb="0"/><line nr="1360" mi="3" ci="0" mb="0" cb="0"/><line nr="1361" mi="5" ci="0" mb="0" cb="0"/><line nr="1365" mi="2" ci="0" mb="0" cb="0"/><line nr="1367" mi="1" ci="0" mb="0" cb="0"/><line nr="1372" mi="4" ci="0" mb="0" cb="0"/><line nr="1373" mi="7" ci="0" mb="2" cb="0"/><line nr="1374" mi="5" ci="0" mb="0" cb="0"/><line nr="1376" mi="2" ci="0" mb="0" cb="0"/><line nr="1380" mi="10" ci="0" mb="6" cb="0"/><line nr="1381" mi="2" ci="0" mb="0" cb="0"/><line nr="1382" mi="2" ci="0" mb="0" cb="0"/><line nr="1383" mi="2" ci="0" mb="0" cb="0"/><line nr="1384" mi="2" ci="0" mb="0" cb="0"/><line nr="1385" mi="2" ci="0" mb="0" cb="0"/><line nr="1386" mi="1" ci="0" mb="0" cb="0"/><line nr="1392" mi="0" ci="4" mb="0" cb="0"/><line nr="1397" mi="0" ci="3" mb="0" cb="0"/><line nr="1402" mi="0" ci="7" mb="0" cb="0"/><line nr="1405" mi="0" ci="2" mb="1" cb="1"/><line nr="1406" mi="3" ci="0" mb="0" cb="0"/><line nr="1407" mi="2" ci="0" mb="0" cb="0"/><line nr="1411" mi="0" ci="2" mb="0" cb="0"/><line nr="1412" mi="0" ci="3" mb="3" cb="10"/><line nr="1413" mi="4" ci="0" mb="0" cb="0"/><line nr="1414" mi="4" ci="0" mb="0" cb="0"/><line nr="1415" mi="4" ci="0" mb="0" cb="0"/><line nr="1416" mi="0" ci="4" mb="0" cb="0"/><line nr="1417" mi="0" ci="4" mb="0" cb="0"/><line nr="1418" mi="0" ci="4" mb="0" cb="0"/><line nr="1419" mi="0" ci="4" mb="0" cb="0"/><line nr="1420" mi="0" ci="4" mb="0" cb="0"/><line nr="1421" mi="0" ci="4" mb="0" cb="0"/><line nr="1422" mi="0" ci="4" mb="0" cb="0"/><line nr="1423" mi="0" ci="4" mb="0" cb="0"/><line nr="1424" mi="0" ci="4" mb="0" cb="0"/><line nr="1425" mi="0" ci="2" mb="0" cb="0"/><line nr="1427" mi="0" ci="4" mb="0" cb="0"/><line nr="1428" mi="0" ci="2" mb="0" cb="0"/><line nr="1429" mi="1" ci="0" mb="0" cb="0"/><line nr="1430" mi="5" ci="0" mb="0" cb="0"/><line nr="1431" mi="2" ci="0" mb="0" cb="0"/><line nr="1432" mi="2" ci="0" mb="0" cb="0"/><line nr="1438" mi="10" ci="0" mb="2" cb="0"/><line nr="1439" mi="10" ci="0" mb="2" cb="0"/><line nr="1440" mi="10" ci="0" mb="2" cb="0"/><line nr="1441" mi="10" ci="0" mb="2" cb="0"/><line nr="1442" mi="2" ci="0" mb="0" cb="0"/><line nr="1443" mi="1" ci="0" mb="0" cb="0"/><line nr="1444" mi="2" ci="0" mb="0" cb="0"/><line nr="1449" mi="4" ci="0" mb="2" cb="0"/><line nr="1450" mi="5" ci="0" mb="0" cb="0"/><line nr="1451" mi="10" ci="0" mb="0" cb="0"/><line nr="1453" mi="2" ci="0" mb="0" cb="0"/><line nr="1457" mi="0" ci="4" mb="1" cb="1"/><line nr="1458" mi="2" ci="0" mb="0" cb="0"/><line nr="1462" mi="0" ci="6" mb="0" cb="0"/><line nr="1463" mi="0" ci="13" mb="2" cb="4"/><line nr="1464" mi="1" ci="0" mb="0" cb="0"/><line nr="1465" mi="2" ci="0" mb="0" cb="0"/><line nr="1471" mi="0" ci="4" mb="0" cb="2"/><line nr="1472" mi="0" ci="6" mb="0" cb="0"/><line nr="1473" mi="0" ci="9" mb="0" cb="2"/><line nr="1474" mi="0" ci="2" mb="0" cb="0"/><line nr="1477" mi="0" ci="4" mb="0" cb="2"/><line nr="1478" mi="0" ci="6" mb="0" cb="0"/><line nr="1480" mi="0" ci="2" mb="0" cb="0"/><line nr="1481" mi="0" ci="1" mb="0" cb="0"/><line nr="1482" mi="0" ci="2" mb="0" cb="0"/><line nr="1488" mi="0" ci="4" mb="0" cb="2"/><line nr="1489" mi="0" ci="6" mb="0" cb="0"/><line nr="1490" mi="0" ci="9" mb="0" cb="2"/><line nr="1491" mi="0" ci="2" mb="0" cb="0"/><line nr="1494" mi="0" ci="4" mb="0" cb="2"/><line nr="1495" mi="0" ci="6" mb="0" cb="0"/><line nr="1497" mi="0" ci="2" mb="0" cb="0"/><line nr="1498" mi="1" ci="0" mb="0" cb="0"/><line nr="1499" mi="2" ci="0" mb="0" cb="0"/><line nr="1505" mi="0" ci="4" mb="0" cb="2"/><line nr="1506" mi="0" ci="2" mb="0" cb="0"/><line nr="1508" mi="0" ci="5" mb="0" cb="0"/><line nr="1509" mi="0" ci="7" mb="1" cb="1"/><line nr="1510" mi="2" ci="0" mb="0" cb="0"/><line nr="1514" mi="0" ci="8" mb="3" cb="1"/><line nr="1516" mi="1" ci="15" mb="3" cb="3"/><line nr="1519" mi="4" ci="0" mb="0" cb="0"/><line nr="1522" mi="12" ci="0" mb="4" cb="0"/><line nr="1525" mi="2" ci="0" mb="0" cb="0"/><line nr="1526" mi="1" ci="0" mb="0" cb="0"/><line nr="1527" mi="2" ci="0" mb="0" cb="0"/><line nr="1533" mi="0" ci="4" mb="0" cb="2"/><line nr="1534" mi="0" ci="2" mb="0" cb="0"/><line nr="1538" mi="0" ci="4" mb="0" cb="2"/><line nr="1539" mi="0" ci="5" mb="1" cb="1"/><line nr="1540" mi="2" ci="0" mb="0" cb="0"/><line nr="1543" mi="0" ci="4" mb="0" cb="2"/><line nr="1544" mi="0" ci="5" mb="1" cb="1"/><line nr="1545" mi="2" ci="0" mb="0" cb="0"/><line nr="1548" mi="0" ci="4" mb="1" cb="1"/><line nr="1549" mi="5" ci="0" mb="2" cb="0"/><line nr="1550" mi="2" ci="0" mb="0" cb="0"/><line nr="1554" mi="0" ci="2" mb="0" cb="0"/><line nr="1555" mi="1" ci="0" mb="0" cb="0"/><line nr="1556" mi="2" ci="0" mb="0" cb="0"/><line nr="1562" mi="0" ci="4" mb="0" cb="0"/><line nr="1564" mi="0" ci="6" mb="9" cb="7"/><line nr="1566" mi="5" ci="0" mb="0" cb="0"/><line nr="1567" mi="5" ci="0" mb="0" cb="0"/><line nr="1568" mi="5" ci="0" mb="0" cb="0"/><line nr="1569" mi="5" ci="0" mb="0" cb="0"/><line nr="1570" mi="5" ci="0" mb="0" cb="0"/><line nr="1571" mi="2" ci="0" mb="0" cb="0"/><line nr="1574" mi="5" ci="0" mb="0" cb="0"/><line nr="1575" mi="2" ci="0" mb="0" cb="0"/><line nr="1578" mi="5" ci="0" mb="0" cb="0"/><line nr="1580" mi="5" ci="0" mb="0" cb="0"/><line nr="1581" mi="2" ci="0" mb="0" cb="0"/><line nr="1584" mi="5" ci="0" mb="0" cb="0"/><line nr="1586" mi="2" ci="0" mb="0" cb="0"/><line nr="1589" mi="0" ci="5" mb="0" cb="0"/><line nr="1590" mi="0" ci="5" mb="0" cb="0"/><line nr="1591" mi="0" ci="5" mb="0" cb="0"/><line nr="1592" mi="0" ci="5" mb="0" cb="0"/><line nr="1593" mi="0" ci="5" mb="0" cb="0"/><line nr="1594" mi="0" ci="2" mb="0" cb="0"/><line nr="1597" mi="5" ci="0" mb="0" cb="0"/><line nr="1598" mi="2" ci="0" mb="0" cb="0"/><line nr="1601" mi="0" ci="5" mb="0" cb="0"/><line nr="1602" mi="0" ci="5" mb="0" cb="0"/><line nr="1603" mi="0" ci="5" mb="0" cb="0"/><line nr="1604" mi="0" ci="5" mb="0" cb="0"/><line nr="1607" mi="0" ci="2" mb="0" cb="0"/><line nr="1610" mi="0" ci="5" mb="0" cb="0"/><line nr="1611" mi="0" ci="5" mb="0" cb="0"/><line nr="1612" mi="0" ci="2" mb="0" cb="0"/><line nr="1615" mi="0" ci="5" mb="0" cb="0"/><line nr="1616" mi="0" ci="2" mb="0" cb="0"/><line nr="1619" mi="5" ci="0" mb="0" cb="0"/><line nr="1620" mi="5" ci="0" mb="0" cb="0"/><line nr="1621" mi="5" ci="0" mb="0" cb="0"/><line nr="1622" mi="2" ci="0" mb="0" cb="0"/><line nr="1625" mi="0" ci="5" mb="0" cb="0"/><line nr="1626" mi="0" ci="5" mb="0" cb="0"/><line nr="1627" mi="0" ci="5" mb="0" cb="0"/><line nr="1628" mi="0" ci="2" mb="0" cb="0"/><line nr="1631" mi="0" ci="5" mb="0" cb="0"/><line nr="1632" mi="0" ci="5" mb="0" cb="0"/><line nr="1633" mi="0" ci="2" mb="0" cb="0"/><line nr="1636" mi="5" ci="0" mb="0" cb="0"/><line nr="1637" mi="5" ci="0" mb="0" cb="0"/><line nr="1638" mi="5" ci="0" mb="0" cb="0"/><line nr="1639" mi="5" ci="0" mb="0" cb="0"/><line nr="1640" mi="5" ci="0" mb="0" cb="0"/><line nr="1641" mi="5" ci="0" mb="0" cb="0"/><line nr="1642" mi="5" ci="0" mb="0" cb="0"/><line nr="1643" mi="5" ci="0" mb="0" cb="0"/><line nr="1644" mi="5" ci="0" mb="0" cb="0"/><line nr="1645" mi="2" ci="0" mb="0" cb="0"/><line nr="1648" mi="5" ci="0" mb="0" cb="0"/><line nr="1649" mi="5" ci="0" mb="0" cb="0"/><line nr="1650" mi="5" ci="0" mb="0" cb="0"/><line nr="1651" mi="5" ci="0" mb="0" cb="0"/><line nr="1652" mi="2" ci="0" mb="0" cb="0"/><line nr="1655" mi="5" ci="0" mb="0" cb="0"/><line nr="1656" mi="2" ci="0" mb="0" cb="0"/><line nr="1658" mi="0" ci="1" mb="0" cb="0"/><counter type="INSTRUCTION" missed="3716" covered="679"/><counter type="BRANCH" missed="372" covered="78"/><counter type="LINE" missed="770" covered="138"/><counter type="COMPLEXITY" missed="247" covered="51"/><counter type="METHOD" missed="28" covered="17"/><counter type="CLASS" missed="0" covered="1"/></sourcefile><counter type="INSTRUCTION" missed="3890" covered="1232"/><counter type="BRANCH" missed="378" covered="102"/><counter type="LINE" missed="815" covered="267"/><counter type="COMPLEXITY" missed="255" covered="84"/><counter type="METHOD" missed="31" covered="40"/><counter type="CLASS" missed="0" covered="4"/></package><package name="com/pdfprocessor/infrastructure/config"><class name="com/pdfprocessor/infrastructure/config/RedisConfig" sourcefilename="RedisConfig.java"><method name="&lt;init&gt;" desc="()V" line="19"><counter type="INSTRUCTION" missed="0" covered="3"/><counter type="LINE" missed="0" covered="1"/><counter type="COMPLEXITY" missed="0" covered="1"/><counter type="METHOD" missed="0" covered="1"/></method><method name="redisConnectionFactory" desc="()Lorg/springframework/data/redis/connection/RedisConnectionFactory;" line="24"><counter type="INSTRUCTION" missed="0" covered="6"/><counter type="LINE" missed="0" covered="1"/><counter type="COMPLEXITY" missed="0" covered="1"/><counter type="METHOD" missed="0" covered="1"/></method><method name="redisTemplate" desc="(Lorg/springframework/data/redis/connection/RedisConnectionFactory;)Lorg/springframework/data/redis/core/RedisTemplate;" line="29"><counter type="INSTRUCTION" missed="0" covered="43"/><counter type="LINE" missed="0" covered="10"/><counter type="COMPLEXITY" missed="0" covered="1"/><counter type="METHOD" missed="0" covered="1"/></method><counter type="INSTRUCTION" missed="0" covered="52"/><counter type="LINE" missed="0" covered="12"/><counter type="COMPLEXITY" missed="0" covered="3"/><counter type="METHOD" missed="0" covered="3"/><counter type="CLASS" missed="0" covered="1"/></class><sourcefile name="RedisConfig.java"><line nr="19" mi="0" ci="3" mb="0" cb="0"/><line nr="24" mi="0" ci="6" mb="0" cb="0"/><line nr="29" mi="0" ci="4" mb="0" cb="0"/><line nr="30" mi="0" ci="3" mb="0" cb="0"/><line nr="33" mi="0" ci="4" mb="0" cb="0"/><line nr="34" mi="0" ci="6" mb="0" cb="0"/><line nr="37" mi="0" ci="5" mb="0" cb="0"/><line nr="38" mi="0" ci="5" mb="0" cb="0"/><line nr="39" mi="0" ci="6" mb="0" cb="0"/><line nr="40" mi="0" ci="6" mb="0" cb="0"/><line nr="42" mi="0" ci="2" mb="0" cb="0"/><line nr="43" mi="0" ci="2" mb="0" cb="0"/><counter type="INSTRUCTION" missed="0" covered="52"/><counter type="LINE" missed="0" covered="12"/><counter type="COMPLEXITY" missed="0" covered="3"/><counter type="METHOD" missed="0" covered="3"/><counter type="CLASS" missed="0" covered="1"/></sourcefile><counter type="INSTRUCTION" missed="0" covered="52"/><counter type="LINE" missed="0" covered="12"/><counter type="COMPLEXITY" missed="0" covered="3"/><counter type="METHOD" missed="0" covered="3"/><counter type="CLASS" missed="0" covered="1"/></package><counter type="INSTRUCTION" missed="3890" covered="1284"/><counter type="BRANCH" missed="378" covered="102"/><counter type="LINE" missed="815" covered="279"/><counter type="COMPLEXITY" missed="255" covered="87"/><counter type="METHOD" missed="31" covered="43"/><counter type="CLASS" missed="0" covered="5"/></report>