<?xml version="1.0" encoding="UTF-8" standalone="yes"?><!DOCTYPE report PUBLIC "-//JACOCO//DTD Report 1.1//EN" "report.dtd"><report name="PDF Processor Infrastructure"><sessioninfo id="DESKTOP-L3OL65O-18e798fa" start="1756930131783" dump="1756930139298"/><sessioninfo id="DESKTOP-L3OL65O-5b3fd3fb" start="1756930331797" dump="1756930335621"/><sessioninfo id="DESKTOP-L3OL65O-c4e46cf7" start="1756930371335" dump="1756930374503"/><sessioninfo id="DESKTOP-L3OL65O-c8ae832b" start="1756930500575" dump="1756930504229"/><sessioninfo id="DESKTOP-L3OL65O-ff60082d" start="1756930540960" dump="1756930544599"/><sessioninfo id="DESKTOP-L3OL65O-e6cb6f82" start="1756930560671" dump="1756930566653"/><sessioninfo id="DESKTOP-L3OL65O-6baec218" start="1756930638679" dump="1756930642863"/><sessioninfo id="DESKTOP-L3OL65O-c878e4b" start="1756930662059" dump="1756930666104"/><sessioninfo id="DESKTOP-L3OL65O-ebe38b39" start="1756930762794" dump="1756930767627"/><sessioninfo id="DESKTOP-L3OL65O-93185278" start="1756930857752" dump="1756930862315"/><sessioninfo id="DESKTOP-L3OL65O-ae854cac" start="1756931145222" dump="1756931152397"/><sessioninfo id="DESKTOP-L3OL65O-2a088ec2" start="1756931319448" dump="1756931322984"/><sessioninfo id="DESKTOP-L3OL65O-7d413b38" start="1756931351854" dump="1756931355435"/><sessioninfo id="DESKTOP-L3OL65O-23eddf6d" start="1756943782377" dump="1756943787062"/><sessioninfo id="DESKTOP-L3OL65O-da743d74" start="1756943824109" dump="1756943828685"/><sessioninfo id="DESKTOP-L3OL65O-1821cebb" start="1756944043070" dump="1756944047655"/><sessioninfo id="DESKTOP-L3OL65O-4226576f" start="1756944117116" dump="1756944121825"/><sessioninfo id="DESKTOP-L3OL65O-e2a2ea17" start="1756944136252" dump="1756944140786"/><package name="com/pdfprocessor/infrastructure/adapter"><class name="com/pdfprocessor/infrastructure/adapter/RedisJobRepository" sourcefilename="RedisJobRepository.java"><method name="&lt;init&gt;" desc="(Lorg/springframework/data/redis/core/RedisTemplate;)V" line="29"><counter type="INSTRUCTION" missed="0" covered="18"/><counter type="LINE" missed="0" covered="5"/><counter type="COMPLEXITY" missed="0" covered="1"/><counter type="METHOD" missed="0" covered="1"/></method><method name="save" desc="(Lcom/pdfprocessor/domain/model/Job;)Lcom/pdfprocessor/domain/model/Job;" line="38"><counter type="INSTRUCTION" missed="9" covered="35"/><counter type="LINE" missed="2" covered="6"/><counter type="COMPLEXITY" missed="0" covered="1"/><counter type="METHOD" missed="0" covered="1"/></method><method name="findById" desc="(Ljava/lang/String;)Ljava/util/Optional;" line="57"><counter type="INSTRUCTION" missed="0" covered="41"/><counter type="BRANCH" missed="0" covered="2"/><counter type="LINE" missed="0" covered="11"/><counter type="COMPLEXITY" missed="0" covered="2"/><counter type="METHOD" missed="0" covered="1"/></method><method name="findAll" desc="(II)Ljava/util/List;" line="77"><counter type="INSTRUCTION" missed="0" covered="43"/><counter type="BRANCH" missed="0" covered="4"/><counter type="LINE" missed="0" covered="14"/><counter type="COMPLEXITY" missed="0" covered="3"/><counter type="METHOD" missed="0" covered="1"/></method><method name="deleteById" desc="(Ljava/lang/String;)V" line="100"><counter type="INSTRUCTION" missed="0" covered="33"/><counter type="LINE" missed="0" covered="7"/><counter type="COMPLEXITY" missed="0" covered="1"/><counter type="METHOD" missed="0" covered="1"/></method><method name="existsById" desc="(Ljava/lang/String;)Z" line="117"><counter type="INSTRUCTION" missed="0" covered="33"/><counter type="BRANCH" missed="0" covered="4"/><counter type="LINE" missed="0" covered="8"/><counter type="COMPLEXITY" missed="0" covered="3"/><counter type="METHOD" missed="0" covered="1"/></method><counter type="INSTRUCTION" missed="9" covered="203"/><counter type="BRANCH" missed="0" covered="10"/><counter type="LINE" missed="2" covered="51"/><counter type="COMPLEXITY" missed="0" covered="11"/><counter type="METHOD" missed="0" covered="6"/><counter type="CLASS" missed="0" covered="1"/></class><class name="com/pdfprocessor/infrastructure/adapter/LocalStorageService" sourcefilename="LocalStorageService.java"><method name="&lt;init&gt;" desc="()V" line="15"><counter type="INSTRUCTION" missed="0" covered="3"/><counter type="LINE" missed="0" covered="1"/><counter type="COMPLEXITY" missed="0" covered="1"/><counter type="METHOD" missed="0" covered="1"/></method><method name="store" desc="(Ljava/lang/String;Ljava/lang/String;Ljava/io/InputStream;)Ljava/lang/String;" line="21"><counter type="INSTRUCTION" missed="9" covered="38"/><counter type="LINE" missed="2" covered="7"/><counter type="COMPLEXITY" missed="0" covered="1"/><counter type="METHOD" missed="0" covered="1"/></method><method name="retrieve" desc="(Ljava/lang/String;)Ljava/io/InputStream;" line="41"><counter type="INSTRUCTION" missed="8" covered="25"/><counter type="BRANCH" missed="0" covered="2"/><counter type="LINE" missed="2" covered="5"/><counter type="COMPLEXITY" missed="0" covered="2"/><counter type="METHOD" missed="0" covered="1"/></method><method name="getPhysicalPath" desc="(Ljava/lang/String;)Ljava/nio/file/Path;" line="54"><counter type="INSTRUCTION" missed="0" covered="6"/><counter type="LINE" missed="0" covered="1"/><counter type="COMPLEXITY" missed="0" covered="1"/><counter type="METHOD" missed="0" covered="1"/></method><method name="listJobFiles" desc="(Ljava/lang/String;)Ljava/util/List;" line="60"><counter type="INSTRUCTION" missed="9" covered="39"/><counter type="BRANCH" missed="0" covered="2"/><counter type="LINE" missed="3" covered="11"/><counter type="COMPLEXITY" missed="0" covered="2"/><counter type="METHOD" missed="0" covered="1"/></method><method name="delete" desc="(Ljava/lang/String;)Z" line="83"><counter type="INSTRUCTION" missed="9" covered="21"/><counter type="BRANCH" missed="0" covered="2"/><counter type="LINE" missed="3" covered="7"/><counter type="COMPLEXITY" missed="0" covered="2"/><counter type="METHOD" missed="0" covered="1"/></method><method name="deleteJobFiles" desc="(Ljava/lang/String;)I" line="100"><counter type="INSTRUCTION" missed="18" covered="46"/><counter type="BRANCH" missed="3" covered="3"/><counter type="LINE" missed="5" covered="10"/><counter type="COMPLEXITY" missed="2" covered="2"/><counter type="METHOD" missed="0" covered="1"/></method><method name="exists" desc="(Ljava/lang/String;)Z" line="131"><counter type="INSTRUCTION" missed="0" covered="17"/><counter type="LINE" missed="0" covered="4"/><counter type="COMPLEXITY" missed="0" covered="1"/><counter type="METHOD" missed="0" covered="1"/></method><method name="getFileSize" desc="(Ljava/lang/String;)J" line="140"><counter type="INSTRUCTION" missed="19" covered="12"/><counter type="BRANCH" missed="1" covered="1"/><counter type="LINE" missed="6" covered="3"/><counter type="COMPLEXITY" missed="1" covered="1"/><counter type="METHOD" missed="0" covered="1"/></method><method name="createJobDirectory" desc="(Ljava/lang/String;)Ljava/lang/String;" line="156"><counter type="INSTRUCTION" missed="8" covered="23"/><counter type="LINE" missed="2" covered="5"/><counter type="COMPLEXITY" missed="0" covered="1"/><counter type="METHOD" missed="0" covered="1"/></method><method name="lambda$3" desc="(Ljava/nio/file/Path;)Z"><counter type="INSTRUCTION" missed="5" covered="0"/><counter type="COMPLEXITY" missed="1" covered="0"/><counter type="METHOD" missed="1" covered="0"/></method><method name="lambda$1" desc="(Ljava/lang/String;Ljava/nio/file/Path;)Ljava/lang/String;" line="69"><counter type="INSTRUCTION" missed="6" covered="0"/><counter type="LINE" missed="1" covered="0"/><counter type="COMPLEXITY" missed="1" covered="0"/><counter type="METHOD" missed="1" covered="0"/></method><method name="lambda$4" desc="(Ljava/nio/file/Path;)Z"><counter type="INSTRUCTION" missed="5" covered="0"/><counter type="COMPLEXITY" missed="1" covered="0"/><counter type="METHOD" missed="1" covered="0"/></method><counter type="INSTRUCTION" missed="96" covered="230"/><counter type="BRANCH" missed="4" covered="10"/><counter type="LINE" missed="23" covered="54"/><counter type="COMPLEXITY" missed="6" covered="14"/><counter type="METHOD" missed="3" covered="10"/><counter type="CLASS" missed="0" covered="1"/></class><class name="com/pdfprocessor/infrastructure/adapter/PdfProcessingServiceImpl" sourcefilename="PdfProcessingServiceImpl.java"><method name="&lt;clinit&gt;" desc="()V" line="48"><counter type="INSTRUCTION" missed="0" covered="61"/><counter type="LINE" missed="0" covered="17"/><counter type="COMPLEXITY" missed="0" covered="1"/><counter type="METHOD" missed="0" covered="1"/></method><method name="&lt;init&gt;" desc="()V" line="43"><counter type="INSTRUCTION" missed="0" covered="3"/><counter type="LINE" missed="0" covered="1"/><counter type="COMPLEXITY" missed="0" covered="1"/><counter type="METHOD" missed="0" covered="1"/></method><method name="processJob" desc="(Lcom/pdfprocessor/domain/model/Job;)Ljava/lang/String;" line="69"><counter type="INSTRUCTION" missed="81" covered="62"/><counter type="BRANCH" missed="17" covered="6"/><counter type="LINE" missed="19" covered="13"/><counter type="COMPLEXITY" missed="16" covered="3"/><counter type="METHOD" missed="0" covered="1"/></method><method name="processMerge" desc="(Lcom/pdfprocessor/domain/model/Job;)Ljava/lang/String;" line="119"><counter type="INSTRUCTION" missed="41" covered="77"/><counter type="BRANCH" missed="4" covered="4"/><counter type="LINE" missed="11" covered="18"/><counter type="COMPLEXITY" missed="4" covered="1"/><counter type="METHOD" missed="0" covered="1"/></method><method name="processSplit" desc="(Lcom/pdfprocessor/domain/model/Job;)Ljava/lang/String;" line="167"><counter type="INSTRUCTION" missed="83" covered="0"/><counter type="BRANCH" missed="10" covered="0"/><counter type="LINE" missed="16" covered="0"/><counter type="COMPLEXITY" missed="6" covered="0"/><counter type="METHOD" missed="1" covered="0"/></method><method name="splitAllPages" desc="(Lorg/apache/pdfbox/pdmodel/PDDocument;Ljava/nio/file/Path;I)Ljava/lang/String;" line="201"><counter type="INSTRUCTION" missed="63" covered="0"/><counter type="BRANCH" missed="2" covered="0"/><counter type="LINE" missed="11" covered="0"/><counter type="COMPLEXITY" missed="2" covered="0"/><counter type="METHOD" missed="1" covered="0"/></method><method name="splitByRange" desc="(Lorg/apache/pdfbox/pdmodel/PDDocument;Ljava/nio/file/Path;Ljava/lang/String;I)Ljava/lang/String;" line="224"><counter type="INSTRUCTION" missed="74" covered="0"/><counter type="BRANCH" missed="8" covered="0"/><counter type="LINE" missed="13" covered="0"/><counter type="COMPLEXITY" missed="5" covered="0"/><counter type="METHOD" missed="1" covered="0"/></method><method name="parsePageRange" desc="(Ljava/lang/String;I)Ljava/util/List;" line="249"><counter type="INSTRUCTION" missed="106" covered="0"/><counter type="BRANCH" missed="20" covered="0"/><counter type="LINE" missed="23" covered="0"/><counter type="COMPLEXITY" missed="11" covered="0"/><counter type="METHOD" missed="1" covered="0"/></method><method name="processRotate" desc="(Lcom/pdfprocessor/domain/model/Job;)Ljava/lang/String;" line="291"><counter type="INSTRUCTION" missed="189" covered="0"/><counter type="BRANCH" missed="28" covered="0"/><counter type="LINE" missed="40" covered="0"/><counter type="COMPLEXITY" missed="15" covered="0"/><counter type="METHOD" missed="1" covered="0"/></method><method name="rotatePage" desc="(Lorg/apache/pdfbox/pdmodel/PDPage;I)V" line="363"><counter type="INSTRUCTION" missed="13" covered="0"/><counter type="LINE" missed="4" covered="0"/><counter type="COMPLEXITY" missed="1" covered="0"/><counter type="METHOD" missed="1" covered="0"/></method><method name="processWatermark" desc="(Lcom/pdfprocessor/domain/model/Job;)Ljava/lang/String;" line="369"><counter type="INSTRUCTION" missed="146" covered="0"/><counter type="BRANCH" missed="20" covered="0"/><counter type="LINE" missed="29" covered="0"/><counter type="COMPLEXITY" missed="11" covered="0"/><counter type="METHOD" missed="1" covered="0"/></method><method name="addWatermarkToPage" desc="(Lorg/apache/pdfbox/pdmodel/PDDocument;Lorg/apache/pdfbox/pdmodel/PDPage;Ljava/lang/String;FILjava/lang/String;)V" line="421"><counter type="INSTRUCTION" missed="114" covered="0"/><counter type="BRANCH" missed="5" covered="0"/><counter type="LINE" missed="28" covered="0"/><counter type="COMPLEXITY" missed="5" covered="0"/><counter type="METHOD" missed="1" covered="0"/></method><method name="processEncrypt" desc="(Lcom/pdfprocessor/domain/model/Job;)Ljava/lang/String;" line="473"><counter type="INSTRUCTION" missed="166" covered="0"/><counter type="BRANCH" missed="22" covered="0"/><counter type="LINE" missed="44" covered="0"/><counter type="COMPLEXITY" missed="12" covered="0"/><counter type="METHOD" missed="1" covered="0"/></method><method name="processDecrypt" desc="(Lcom/pdfprocessor/domain/model/Job;)Ljava/lang/String;" line="544"><counter type="INSTRUCTION" missed="105" covered="0"/><counter type="BRANCH" missed="14" covered="0"/><counter type="LINE" missed="25" covered="0"/><counter type="COMPLEXITY" missed="8" covered="0"/><counter type="METHOD" missed="1" covered="0"/></method><method name="processExtractText" desc="(Lcom/pdfprocessor/domain/model/Job;)Ljava/lang/String;" line="589"><counter type="INSTRUCTION" missed="105" covered="0"/><counter type="BRANCH" missed="8" covered="0"/><counter type="LINE" missed="19" covered="0"/><counter type="COMPLEXITY" missed="5" covered="0"/><counter type="METHOD" missed="1" covered="0"/></method><method name="processExtractMetadata" desc="(Lcom/pdfprocessor/domain/model/Job;)Ljava/lang/String;" line="623"><counter type="INSTRUCTION" missed="224" covered="0"/><counter type="BRANCH" missed="14" covered="0"/><counter type="LINE" missed="43" covered="0"/><counter type="COMPLEXITY" missed="8" covered="0"/><counter type="METHOD" missed="1" covered="0"/></method><method name="processPdfCrop" desc="(Lcom/pdfprocessor/domain/model/Job;)Ljava/lang/String;" line="691"><counter type="INSTRUCTION" missed="159" covered="0"/><counter type="BRANCH" missed="10" covered="0"/><counter type="LINE" missed="30" covered="0"/><counter type="COMPLEXITY" missed="6" covered="0"/><counter type="METHOD" missed="1" covered="0"/></method><method name="processPdfReorder" desc="(Lcom/pdfprocessor/domain/model/Job;)Ljava/lang/String;" line="740"><counter type="INSTRUCTION" missed="138" covered="0"/><counter type="BRANCH" missed="16" covered="0"/><counter type="LINE" missed="25" covered="0"/><counter type="COMPLEXITY" missed="9" covered="0"/><counter type="METHOD" missed="1" covered="0"/></method><method name="processPdfResize" desc="(Lcom/pdfprocessor/domain/model/Job;)Ljava/lang/String;" line="783"><counter type="INSTRUCTION" missed="124" covered="0"/><counter type="BRANCH" missed="10" covered="0"/><counter type="LINE" missed="24" covered="0"/><counter type="COMPLEXITY" missed="6" covered="0"/><counter type="METHOD" missed="1" covered="0"/></method><method name="processCompress" desc="(Lcom/pdfprocessor/domain/model/Job;)Ljava/lang/String;" line="823"><counter type="INSTRUCTION" missed="80" covered="0"/><counter type="BRANCH" missed="6" covered="0"/><counter type="LINE" missed="19" covered="0"/><counter type="COMPLEXITY" missed="4" covered="0"/><counter type="METHOD" missed="1" covered="0"/></method><method name="processPdfToImages" desc="(Lcom/pdfprocessor/domain/model/Job;)Ljava/lang/String;" line="866"><counter type="INSTRUCTION" missed="151" covered="0"/><counter type="BRANCH" missed="6" covered="0"/><counter type="LINE" missed="25" covered="0"/><counter type="COMPLEXITY" missed="4" covered="0"/><counter type="METHOD" missed="1" covered="0"/></method><method name="processImagesToPdf" desc="(Lcom/pdfprocessor/domain/model/Job;)Ljava/lang/String;" line="909"><counter type="INSTRUCTION" missed="203" covered="0"/><counter type="BRANCH" missed="12" covered="0"/><counter type="LINE" missed="46" covered="0"/><counter type="COMPLEXITY" missed="7" covered="0"/><counter type="METHOD" missed="1" covered="0"/></method><method name="getAllPageNumbers" desc="(I)Ljava/util/List;" line="989"><counter type="INSTRUCTION" missed="18" covered="0"/><counter type="BRANCH" missed="2" covered="0"/><counter type="LINE" missed="4" covered="0"/><counter type="COMPLEXITY" missed="2" covered="0"/><counter type="METHOD" missed="1" covered="0"/></method><method name="getPageSize" desc="(Ljava/lang/String;)Lorg/apache/pdfbox/pdmodel/common/PDRectangle;" line="997"><counter type="INSTRUCTION" missed="18" covered="0"/><counter type="BRANCH" missed="6" covered="0"/><counter type="LINE" missed="7" covered="0"/><counter type="COMPLEXITY" missed="6" covered="0"/><counter type="METHOD" missed="1" covered="0"/></method><method name="supportsOperation" desc="(Lcom/pdfprocessor/domain/model/JobOperation;)Z" line="1009"><counter type="INSTRUCTION" missed="0" covered="4"/><counter type="LINE" missed="0" covered="1"/><counter type="COMPLEXITY" missed="0" covered="1"/><counter type="METHOD" missed="0" covered="1"/></method><method name="getSupportedOperations" desc="()Ljava/util/List;" line="1014"><counter type="INSTRUCTION" missed="0" covered="3"/><counter type="LINE" missed="0" covered="1"/><counter type="COMPLEXITY" missed="0" covered="1"/><counter type="METHOD" missed="0" covered="1"/></method><method name="validateOptions" desc="(Lcom/pdfprocessor/domain/model/JobOperation;Ljava/util/Map;)Z" line="1019"><counter type="INSTRUCTION" missed="27" covered="46"/><counter type="BRANCH" missed="4" covered="8"/><counter type="LINE" missed="9" covered="14"/><counter type="COMPLEXITY" missed="4" covered="7"/><counter type="METHOD" missed="0" covered="1"/></method><method name="validateCropOptions" desc="(Ljava/util/Map;)Z" line="1052"><counter type="INSTRUCTION" missed="45" covered="0"/><counter type="BRANCH" missed="8" covered="0"/><counter type="LINE" missed="7" covered="0"/><counter type="COMPLEXITY" missed="5" covered="0"/><counter type="METHOD" missed="1" covered="0"/></method><method name="validateResizeOptions" desc="(Ljava/util/Map;)Z" line="1063"><counter type="INSTRUCTION" missed="21" covered="0"/><counter type="BRANCH" missed="2" covered="0"/><counter type="LINE" missed="4" covered="0"/><counter type="COMPLEXITY" missed="2" covered="0"/><counter type="METHOD" missed="1" covered="0"/></method><method name="validateRotateOptions" desc="(Ljava/util/Map;)Z" line="1071"><counter type="INSTRUCTION" missed="5" covered="23"/><counter type="BRANCH" missed="3" covered="5"/><counter type="LINE" missed="3" covered="3"/><counter type="COMPLEXITY" missed="3" covered="2"/><counter type="METHOD" missed="0" covered="1"/></method><method name="validatePdfToImagesOptions" desc="(Ljava/util/Map;)Z" line="1085"><counter type="INSTRUCTION" missed="0" covered="36"/><counter type="BRANCH" missed="0" covered="6"/><counter type="LINE" missed="0" covered="9"/><counter type="COMPLEXITY" missed="0" covered="4"/><counter type="METHOD" missed="0" covered="1"/></method><method name="validateImagesToPdfOptions" desc="(Ljava/util/Map;)Z" line="1102"><counter type="INSTRUCTION" missed="3" covered="33"/><counter type="BRANCH" missed="0" covered="6"/><counter type="LINE" missed="2" covered="7"/><counter type="COMPLEXITY" missed="0" covered="4"/><counter type="METHOD" missed="0" covered="1"/></method><method name="getOptionsSchema" desc="(Lcom/pdfprocessor/domain/model/JobOperation;)Ljava/util/Map;" line="1119"><counter type="INSTRUCTION" missed="77" covered="108"/><counter type="BRANCH" missed="6" covered="7"/><counter type="LINE" missed="21" covered="28"/><counter type="COMPLEXITY" missed="6" covered="7"/><counter type="METHOD" missed="0" covered="1"/></method><method name="lambda$0" desc="(Lorg/apache/pdfbox/pdmodel/PDPage;)V" line="849"><counter type="INSTRUCTION" missed="6" covered="0"/><counter type="LINE" missed="3" covered="0"/><counter type="COMPLEXITY" missed="1" covered="0"/><counter type="METHOD" missed="1" covered="0"/></method><counter type="INSTRUCTION" missed="2585" covered="456"/><counter type="BRANCH" missed="263" covered="42"/><counter type="LINE" missed="554" covered="112"/><counter type="COMPLEXITY" missed="174" covered="32"/><counter type="METHOD" missed="23" covered="11"/><counter type="CLASS" missed="0" covered="1"/></class><class name="com/pdfprocessor/infrastructure/adapter/RedisJobQueue" sourcefilename="RedisJobQueue.java"><method name="&lt;init&gt;" desc="(Lorg/springframework/data/redis/core/RedisTemplate;)V" line="28"><counter type="INSTRUCTION" missed="0" covered="18"/><counter type="LINE" missed="0" covered="5"/><counter type="COMPLEXITY" missed="0" covered="1"/><counter type="METHOD" missed="0" covered="1"/></method><method name="publish" desc="(Lcom/pdfprocessor/domain/model/Job;)V" line="37"><counter type="INSTRUCTION" missed="9" covered="19"/><counter type="LINE" missed="1" covered="5"/><counter type="COMPLEXITY" missed="0" covered="1"/><counter type="METHOD" missed="0" covered="1"/></method><method name="consume" desc="()Ljava/util/Optional;" line="47"><counter type="INSTRUCTION" missed="0" covered="4"/><counter type="LINE" missed="0" covered="1"/><counter type="COMPLEXITY" missed="0" covered="1"/><counter type="METHOD" missed="0" covered="1"/></method><method name="consume" desc="(J)Ljava/util/Optional;" line="54"><counter type="INSTRUCTION" missed="0" covered="61"/><counter type="BRANCH" missed="0" covered="4"/><counter type="LINE" missed="0" covered="14"/><counter type="COMPLEXITY" missed="0" covered="3"/><counter type="METHOD" missed="0" covered="1"/></method><method name="returnToQueue" desc="(Lcom/pdfprocessor/domain/model/Job;)V" line="83"><counter type="INSTRUCTION" missed="8" covered="31"/><counter type="LINE" missed="1" covered="6"/><counter type="COMPLEXITY" missed="0" covered="1"/><counter type="METHOD" missed="0" covered="1"/></method><method name="acknowledge" desc="(Lcom/pdfprocessor/domain/model/Job;)V" line="96"><counter type="INSTRUCTION" missed="8" covered="24"/><counter type="LINE" missed="1" covered="5"/><counter type="COMPLEXITY" missed="0" covered="1"/><counter type="METHOD" missed="0" covered="1"/></method><method name="getQueueSize" desc="()J" line="107"><counter type="INSTRUCTION" missed="0" covered="13"/><counter type="BRANCH" missed="0" covered="2"/><counter type="LINE" missed="0" covered="2"/><counter type="COMPLEXITY" missed="0" covered="2"/><counter type="METHOD" missed="0" covered="1"/></method><counter type="INSTRUCTION" missed="25" covered="170"/><counter type="BRANCH" missed="0" covered="6"/><counter type="LINE" missed="3" covered="38"/><counter type="COMPLEXITY" missed="0" covered="10"/><counter type="METHOD" missed="0" covered="7"/><counter type="CLASS" missed="0" covered="1"/></class><sourcefile name="RedisJobQueue.java"><line nr="28" mi="0" ci="2" mb="0" cb="0"/><line nr="29" mi="0" ci="3" mb="0" cb="0"/><line nr="30" mi="0" ci="5" mb="0" cb="0"/><line nr="31" mi="0" ci="7" mb="0" cb="0"/><line nr="32" mi="0" ci="1" mb="0" cb="0"/><line nr="37" mi="0" ci="5" mb="0" cb="0"/><line nr="38" mi="0" ci="7" mb="0" cb="0"/><line nr="39" mi="0" ci="5" mb="0" cb="0"/><line nr="40" mi="1" ci="1" mb="0" cb="0"/><line nr="41" mi="8" ci="0" mb="0" cb="0"/><line nr="43" mi="0" ci="1" mb="0" cb="0"/><line nr="47" mi="0" ci="4" mb="0" cb="0"/><line nr="54" mi="0" ci="4" mb="0" cb="2"/><line nr="56" mi="0" ci="8" mb="0" cb="0"/><line nr="57" mi="0" ci="1" mb="0" cb="0"/><line nr="59" mi="0" ci="6" mb="0" cb="0"/><line nr="62" mi="0" ci="2" mb="0" cb="2"/><line nr="63" mi="0" ci="3" mb="0" cb="0"/><line nr="64" mi="0" ci="7" mb="0" cb="0"/><line nr="67" mi="0" ci="12" mb="0" cb="0"/><line nr="69" mi="0" ci="5" mb="0" cb="0"/><line nr="70" mi="0" ci="3" mb="0" cb="0"/><line nr="73" mi="0" ci="2" mb="0" cb="0"/><line nr="74" mi="0" ci="1" mb="0" cb="0"/><line nr="75" mi="0" ci="5" mb="0" cb="0"/><line nr="76" mi="0" ci="2" mb="0" cb="0"/><line nr="83" mi="0" ci="5" mb="0" cb="0"/><line nr="85" mi="0" ci="12" mb="0" cb="0"/><line nr="86" mi="0" ci="7" mb="0" cb="0"/><line nr="87" mi="0" ci="5" mb="0" cb="0"/><line nr="88" mi="1" ci="1" mb="0" cb="0"/><line nr="89" mi="7" ci="0" mb="0" cb="0"/><line nr="91" mi="0" ci="1" mb="0" cb="0"/><line nr="96" mi="0" ci="5" mb="0" cb="0"/><line nr="98" mi="0" ci="12" mb="0" cb="0"/><line nr="99" mi="0" ci="5" mb="0" cb="0"/><line nr="100" mi="1" ci="1" mb="0" cb="0"/><line nr="101" mi="7" ci="0" mb="0" cb="0"/><line nr="103" mi="0" ci="1" mb="0" cb="0"/><line nr="107" mi="0" ci="6" mb="0" cb="0"/><line nr="108" mi="0" ci="7" mb="0" cb="2"/><counter type="INSTRUCTION" missed="25" covered="170"/><counter type="BRANCH" missed="0" covered="6"/><counter type="LINE" missed="3" covered="38"/><counter type="COMPLEXITY" missed="0" covered="10"/><counter type="METHOD" missed="0" covered="7"/><counter type="CLASS" missed="0" covered="1"/></sourcefile><sourcefile name="LocalStorageService.java"><line nr="15" mi="0" ci="3" mb="0" cb="0"/><line nr="21" mi="0" ci="9" mb="0" cb="0"/><line nr="22" mi="0" ci="5" mb="0" cb="0"/><line nr="25" mi="0" ci="4" mb="0" cb="0"/><line nr="28" mi="0" ci="10" mb="0" cb="0"/><line nr="30" mi="0" ci="4" mb="0" cb="0"/><line nr="31" mi="0" ci="4" mb="0" cb="0"/><line nr="32" mi="0" ci="2" mb="0" cb="0"/><line nr="33" mi="1" ci="0" mb="0" cb="0"/><line nr="34" mi="8" ci="0" mb="0" cb="0"/><line nr="41" mi="0" ci="5" mb="0" cb="0"/><line nr="42" mi="0" ci="5" mb="0" cb="2"/><line nr="43" mi="0" ci="6" mb="0" cb="0"/><line nr="45" mi="0" ci="4" mb="0" cb="0"/><line nr="46" mi="0" ci="5" mb="0" cb="0"/><line nr="47" mi="1" ci="0" mb="0" cb="0"/><line nr="48" mi="7" ci="0" mb="0" cb="0"/><line nr="54" mi="0" ci="6" mb="0" cb="0"/><line nr="60" mi="0" ci="9" mb="0" cb="0"/><line nr="61" mi="0" ci="5" mb="0" cb="2"/><line nr="62" mi="0" ci="2" mb="0" cb="0"/><line nr="65" mi="0" ci="7" mb="0" cb="0"/><line nr="66" mi="0" ci="1" mb="0" cb="0"/><line nr="67" mi="0" ci="2" mb="0" cb="0"/><line nr="68" mi="0" ci="1" mb="0" cb="0"/><line nr="69" mi="6" ci="3" mb="0" cb="0"/><line nr="70" mi="0" ci="1" mb="0" cb="0"/><line nr="71" mi="0" ci="6" mb="0" cb="0"/><line nr="72" mi="0" ci="2" mb="0" cb="0"/><line nr="74" mi="1" ci="0" mb="0" cb="0"/><line nr="75" mi="6" ci="0" mb="0" cb="0"/><line nr="76" mi="2" ci="0" mb="0" cb="0"/><line nr="83" mi="0" ci="5" mb="0" cb="0"/><line nr="84" mi="0" ci="3" mb="0" cb="0"/><line nr="85" mi="0" ci="2" mb="0" cb="2"/><line nr="86" mi="0" ci="4" mb="0" cb="0"/><line nr="87" mi="0" ci="1" mb="0" cb="0"/><line nr="88" mi="0" ci="4" mb="0" cb="0"/><line nr="90" mi="0" ci="2" mb="0" cb="0"/><line nr="91" mi="1" ci="0" mb="0" cb="0"/><line nr="92" mi="6" ci="0" mb="0" cb="0"/><line nr="93" mi="2" ci="0" mb="0" cb="0"/><line nr="100" mi="0" ci="9" mb="0" cb="0"/><line nr="101" mi="0" ci="5" mb="0" cb="2"/><line nr="102" mi="0" ci="2" mb="0" cb="0"/><line nr="105" mi="0" ci="2" mb="0" cb="0"/><line nr="106" mi="0" ci="7" mb="0" cb="0"/><line nr="107" mi="4" ci="10" mb="1" cb="1"/><line nr="108" mi="3" ci="0" mb="2" cb="0"/><line nr="109" mi="1" ci="0" mb="0" cb="0"/><line nr="116" mi="0" ci="3" mb="0" cb="0"/><line nr="117" mi="1" ci="1" mb="0" cb="0"/><line nr="121" mi="0" ci="5" mb="0" cb="0"/><line nr="122" mi="0" ci="2" mb="0" cb="0"/><line nr="123" mi="1" ci="0" mb="0" cb="0"/><line nr="124" mi="6" ci="0" mb="0" cb="0"/><line nr="125" mi="2" ci="0" mb="0" cb="0"/><line nr="131" mi="0" ci="5" mb="0" cb="0"/><line nr="132" mi="0" ci="5" mb="0" cb="0"/><line nr="133" mi="0" ci="5" mb="0" cb="0"/><line nr="134" mi="0" ci="2" mb="0" cb="0"/><line nr="140" mi="0" ci="5" mb="0" cb="0"/><line nr="141" mi="0" ci="5" mb="1" cb="1"/><line nr="142" mi="0" ci="2" mb="0" cb="0"/><line nr="144" mi="3" ci="0" mb="0" cb="0"/><line nr="145" mi="5" ci="0" mb="0" cb="0"/><line nr="146" mi="2" ci="0" mb="0" cb="0"/><line nr="147" mi="1" ci="0" mb="0" cb="0"/><line nr="148" mi="6" ci="0" mb="0" cb="0"/><line nr="149" mi="2" ci="0" mb="0" cb="0"/><line nr="156" mi="0" ci="9" mb="0" cb="0"/><line nr="157" mi="0" ci="5" mb="0" cb="0"/><line nr="158" mi="0" ci="3" mb="0" cb="0"/><line nr="159" mi="0" ci="4" mb="0" cb="0"/><line nr="160" mi="0" ci="2" mb="0" cb="0"/><line nr="161" mi="1" ci="0" mb="0" cb="0"/><line nr="162" mi="7" ci="0" mb="0" cb="0"/><counter type="INSTRUCTION" missed="96" covered="230"/><counter type="BRANCH" missed="4" covered="10"/><counter type="LINE" missed="23" covered="54"/><counter type="COMPLEXITY" missed="6" covered="14"/><counter type="METHOD" missed="3" covered="10"/><counter type="CLASS" missed="0" covered="1"/></sourcefile><sourcefile name="RedisJobRepository.java"><line nr="29" mi="0" ci="2" mb="0" cb="0"/><line nr="30" mi="0" ci="3" mb="0" cb="0"/><line nr="31" mi="0" ci="5" mb="0" cb="0"/><line nr="32" mi="0" ci="7" mb="0" cb="0"/><line nr="33" mi="0" ci="1" mb="0" cb="0"/><line nr="38" mi="0" ci="4" mb="0" cb="0"/><line nr="39" mi="0" ci="5" mb="0" cb="0"/><line nr="42" mi="0" ci="6" mb="0" cb="0"/><line nr="45" mi="0" ci="13" mb="0" cb="0"/><line nr="47" mi="0" ci="5" mb="0" cb="0"/><line nr="48" mi="0" ci="2" mb="0" cb="0"/><line nr="49" mi="1" ci="0" mb="0" cb="0"/><line nr="50" mi="8" ci="0" mb="0" cb="0"/><line nr="57" mi="0" ci="3" mb="0" cb="0"/><line nr="58" mi="0" ci="7" mb="0" cb="0"/><line nr="60" mi="0" ci="2" mb="0" cb="2"/><line nr="61" mi="0" ci="7" mb="0" cb="0"/><line nr="62" mi="0" ci="4" mb="0" cb="0"/><line nr="63" mi="0" ci="3" mb="0" cb="0"/><line nr="66" mi="0" ci="4" mb="0" cb="0"/><line nr="67" mi="0" ci="2" mb="0" cb="0"/><line nr="68" mi="0" ci="1" mb="0" cb="0"/><line nr="69" mi="0" ci="6" mb="0" cb="0"/><line nr="70" mi="0" ci="2" mb="0" cb="0"/><line nr="77" mi="0" ci="6" mb="0" cb="0"/><line nr="79" mi="0" ci="5" mb="0" cb="4"/><line nr="80" mi="0" ci="2" mb="0" cb="0"/><line nr="83" mi="0" ci="3" mb="0" cb="0"/><line nr="84" mi="0" ci="2" mb="0" cb="0"/><line nr="85" mi="0" ci="6" mb="0" cb="0"/><line nr="86" mi="0" ci="3" mb="0" cb="0"/><line nr="87" mi="0" ci="3" mb="0" cb="0"/><line nr="88" mi="0" ci="2" mb="0" cb="0"/><line nr="89" mi="0" ci="2" mb="0" cb="0"/><line nr="90" mi="0" ci="1" mb="0" cb="0"/><line nr="91" mi="0" ci="1" mb="0" cb="0"/><line nr="92" mi="0" ci="5" mb="0" cb="0"/><line nr="93" mi="0" ci="2" mb="0" cb="0"/><line nr="100" mi="0" ci="3" mb="0" cb="0"/><line nr="103" mi="0" ci="5" mb="0" cb="0"/><line nr="106" mi="0" ci="12" mb="0" cb="0"/><line nr="108" mi="0" ci="4" mb="0" cb="0"/><line nr="109" mi="0" ci="2" mb="0" cb="0"/><line nr="110" mi="0" ci="6" mb="0" cb="0"/><line nr="112" mi="0" ci="1" mb="0" cb="0"/><line nr="117" mi="0" ci="3" mb="0" cb="0"/><line nr="118" mi="0" ci="5" mb="0" cb="0"/><line nr="119" mi="0" ci="9" mb="0" cb="4"/><line nr="120" mi="0" ci="5" mb="0" cb="0"/><line nr="121" mi="0" ci="2" mb="0" cb="0"/><line nr="122" mi="0" ci="1" mb="0" cb="0"/><line nr="123" mi="0" ci="6" mb="0" cb="0"/><line nr="124" mi="0" ci="2" mb="0" cb="0"/><counter type="INSTRUCTION" missed="9" covered="203"/><counter type="BRANCH" missed="0" covered="10"/><counter type="LINE" missed="2" covered="51"/><counter type="COMPLEXITY" missed="0" covered="11"/><counter type="METHOD" missed="0" covered="6"/><counter type="CLASS" missed="0" covered="1"/></sourcefile><sourcefile name="PdfProcessingServiceImpl.java"><line nr="43" mi="0" ci="3" mb="0" cb="0"/><line nr="48" mi="0" ci="5" mb="0" cb="0"/><line nr="49" mi="0" ci="1" mb="0" cb="0"/><line nr="50" mi="0" ci="4" mb="0" cb="0"/><line nr="51" mi="0" ci="4" mb="0" cb="0"/><line nr="52" mi="0" ci="4" mb="0" cb="0"/><line nr="53" mi="0" ci="4" mb="0" cb="0"/><line nr="54" mi="0" ci="4" mb="0" cb="0"/><line nr="55" mi="0" ci="4" mb="0" cb="0"/><line nr="56" mi="0" ci="4" mb="0" cb="0"/><line nr="57" mi="0" ci="4" mb="0" cb="0"/><line nr="59" mi="0" ci="4" mb="0" cb="0"/><line nr="60" mi="0" ci="4" mb="0" cb="0"/><line nr="61" mi="0" ci="4" mb="0" cb="0"/><line nr="62" mi="0" ci="4" mb="0" cb="0"/><line nr="63" mi="0" ci="4" mb="0" cb="0"/><line nr="64" mi="0" ci="2" mb="0" cb="0"/><line nr="65" mi="0" ci="1" mb="0" cb="0"/><line nr="69" mi="0" ci="2" mb="0" cb="2"/><line nr="70" mi="0" ci="5" mb="0" cb="0"/><line nr="72" mi="0" ci="3" mb="1" cb="1"/><line nr="73" mi="5" ci="0" mb="0" cb="0"/><line nr="76" mi="0" ci="8" mb="0" cb="0"/><line nr="79" mi="0" ci="5" mb="0" cb="0"/><line nr="80" mi="0" ci="6" mb="0" cb="0"/><line nr="81" mi="0" ci="6" mb="0" cb="0"/><line nr="82" mi="0" ci="6" mb="0" cb="0"/><line nr="84" mi="0" ci="3" mb="1" cb="1"/><line nr="85" mi="5" ci="0" mb="0" cb="0"/><line nr="88" mi="0" ci="4" mb="0" cb="2"/><line nr="89" mi="0" ci="5" mb="0" cb="0"/><line nr="93" mi="7" ci="0" mb="15" cb="0"/><line nr="94" mi="4" ci="0" mb="0" cb="0"/><line nr="95" mi="4" ci="0" mb="0" cb="0"/><line nr="96" mi="4" ci="0" mb="0" cb="0"/><line nr="97" mi="4" ci="0" mb="0" cb="0"/><line nr="98" mi="4" ci="0" mb="0" cb="0"/><line nr="99" mi="4" ci="0" mb="0" cb="0"/><line nr="100" mi="4" ci="0" mb="0" cb="0"/><line nr="101" mi="4" ci="0" mb="0" cb="0"/><line nr="103" mi="4" ci="0" mb="0" cb="0"/><line nr="104" mi="4" ci="0" mb="0" cb="0"/><line nr="105" mi="4" ci="0" mb="0" cb="0"/><line nr="106" mi="4" ci="0" mb="0" cb="0"/><line nr="107" mi="4" ci="0" mb="0" cb="0"/><line nr="108" mi="4" ci="0" mb="0" cb="0"/><line nr="110" mi="4" ci="0" mb="0" cb="0"/><line nr="111" mi="4" ci="0" mb="0" cb="0"/><line nr="113" mi="0" ci="1" mb="0" cb="0"/><line nr="114" mi="0" ci="8" mb="0" cb="0"/><line nr="119" mi="0" ci="3" mb="0" cb="0"/><line nr="120" mi="0" ci="5" mb="0" cb="0"/><line nr="122" mi="0" ci="6" mb="2" cb="2"/><line nr="123" mi="5" ci="0" mb="0" cb="0"/><line nr="127" mi="0" ci="7" mb="0" cb="0"/><line nr="128" mi="0" ci="5" mb="0" cb="0"/><line nr="130" mi="0" ci="7" mb="0" cb="0"/><line nr="131" mi="0" ci="4" mb="0" cb="0"/><line nr="133" mi="0" ci="4" mb="0" cb="0"/><line nr="134" mi="0" ci="3" mb="0" cb="0"/><line nr="137" mi="0" ci="11" mb="1" cb="1"/><line nr="138" mi="0" ci="5" mb="0" cb="0"/><line nr="139" mi="0" ci="2" mb="0" cb="0"/><line nr="140" mi="0" ci="1" mb="0" cb="0"/><line nr="141" mi="0" ci="1" mb="0" cb="0"/><line nr="143" mi="0" ci="2" mb="0" cb="0"/><line nr="145" mi="0" ci="2" mb="0" cb="0"/><line nr="146" mi="0" ci="3" mb="1" cb="1"/><line nr="147" mi="0" ci="6" mb="0" cb="0"/><line nr="149" mi="3" ci="0" mb="0" cb="0"/><line nr="150" mi="4" ci="0" mb="0" cb="0"/><line nr="153" mi="3" ci="0" mb="0" cb="0"/><line nr="154" mi="3" ci="0" mb="0" cb="0"/><line nr="155" mi="3" ci="0" mb="0" cb="0"/><line nr="158" mi="5" ci="0" mb="0" cb="0"/><line nr="159" mi="2" ci="0" mb="0" cb="0"/><line nr="160" mi="5" ci="0" mb="0" cb="0"/><line nr="162" mi="6" ci="0" mb="0" cb="0"/><line nr="163" mi="2" ci="0" mb="0" cb="0"/><line nr="167" mi="3" ci="0" mb="0" cb="0"/><line nr="168" mi="5" ci="0" mb="4" cb="0"/><line nr="169" mi="5" ci="0" mb="0" cb="0"/><line nr="172" mi="5" ci="0" mb="0" cb="0"/><line nr="173" mi="5" ci="0" mb="0" cb="0"/><line nr="174" mi="3" ci="0" mb="2" cb="0"/><line nr="175" mi="6" ci="0" mb="0" cb="0"/><line nr="179" mi="7" ci="0" mb="0" cb="0"/><line nr="180" mi="5" ci="0" mb="0" cb="0"/><line nr="183" mi="3" ci="0" mb="0" cb="0"/><line nr="184" mi="9" ci="0" mb="2" cb="0"/><line nr="186" mi="7" ci="0" mb="0" cb="0"/><line nr="187" mi="3" ci="0" mb="0" cb="0"/><line nr="189" mi="4" ci="0" mb="2" cb="0"/><line nr="191" mi="6" ci="0" mb="0" cb="0"/><line nr="194" mi="7" ci="0" mb="0" cb="0"/><line nr="201" mi="4" ci="0" mb="0" cb="0"/><line nr="202" mi="4" ci="0" mb="0" cb="0"/><line nr="204" mi="4" ci="0" mb="0" cb="0"/><line nr="206" mi="8" ci="0" mb="2" cb="0"/><line nr="207" mi="12" ci="0" mb="0" cb="0"/><line nr="208" mi="4" ci="0" mb="0" cb="0"/><line nr="210" mi="9" ci="0" mb="0" cb="0"/><line nr="211" mi="4" ci="0" mb="0" cb="0"/><line nr="212" mi="5" ci="0" mb="0" cb="0"/><line nr="216" mi="6" ci="0" mb="0" cb="0"/><line nr="219" mi="3" ci="0" mb="0" cb="0"/><line nr="224" mi="5" ci="0" mb="0" cb="0"/><line nr="226" mi="3" ci="0" mb="2" cb="0"/><line nr="227" mi="6" ci="0" mb="0" cb="0"/><line nr="231" mi="8" ci="0" mb="0" cb="0"/><line nr="232" mi="11" ci="0" mb="2" cb="0"/><line nr="233" mi="8" ci="0" mb="4" cb="0"/><line nr="234" mi="7" ci="0" mb="0" cb="0"/><line nr="235" mi="3" ci="0" mb="0" cb="0"/><line nr="239" mi="6" ci="0" mb="0" cb="0"/><line nr="240" mi="4" ci="0" mb="0" cb="0"/><line nr="241" mi="4" ci="0" mb="0" cb="0"/><line nr="243" mi="6" ci="0" mb="0" cb="0"/><line nr="244" mi="3" ci="0" mb="0" cb="0"/><line nr="249" mi="4" ci="0" mb="0" cb="0"/><line nr="251" mi="6" ci="0" mb="4" cb="0"/><line nr="252" mi="2" ci="0" mb="0" cb="0"/><line nr="255" mi="4" ci="0" mb="0" cb="0"/><line nr="256" mi="16" ci="0" mb="2" cb="0"/><line nr="257" mi="3" ci="0" mb="0" cb="0"/><line nr="258" mi="4" ci="0" mb="2" cb="0"/><line nr="260" mi="4" ci="0" mb="0" cb="0"/><line nr="261" mi="4" ci="0" mb="2" cb="0"/><line nr="263" mi="6" ci="0" mb="0" cb="0"/><line nr="264" mi="6" ci="0" mb="0" cb="0"/><line nr="265" mi="10" ci="0" mb="4" cb="0"/><line nr="266" mi="3" ci="0" mb="2" cb="0"/><line nr="267" mi="5" ci="0" mb="0" cb="0"/><line nr="270" mi="2" ci="0" mb="0" cb="0"/><line nr="271" mi="4" ci="0" mb="0" cb="0"/><line nr="274" mi="1" ci="0" mb="0" cb="0"/><line nr="277" mi="3" ci="0" mb="0" cb="0"/><line nr="278" mi="6" ci="0" mb="4" cb="0"/><line nr="279" mi="5" ci="0" mb="0" cb="0"/><line nr="281" mi="2" ci="0" mb="0" cb="0"/><line nr="282" mi="4" ci="0" mb="0" cb="0"/><line nr="287" mi="2" ci="0" mb="0" cb="0"/><line nr="291" mi="3" ci="0" mb="0" cb="0"/><line nr="292" mi="5" ci="0" mb="4" cb="0"/><line nr="293" mi="5" ci="0" mb="0" cb="0"/><line nr="296" mi="5" ci="0" mb="0" cb="0"/><line nr="297" mi="5" ci="0" mb="0" cb="0"/><line nr="298" mi="3" ci="0" mb="2" cb="0"/><line nr="299" mi="6" ci="0" mb="0" cb="0"/><line nr="303" mi="7" ci="0" mb="0" cb="0"/><line nr="304" mi="5" ci="0" mb="0" cb="0"/><line nr="307" mi="3" ci="0" mb="0" cb="0"/><line nr="308" mi="2" ci="0" mb="2" cb="0"/><line nr="309" mi="4" ci="0" mb="0" cb="0"/><line nr="310" mi="1" ci="0" mb="0" cb="0"/><line nr="313" mi="4" ci="0" mb="0" cb="0"/><line nr="314" mi="2" ci="0" mb="2" cb="0"/><line nr="315" mi="4" ci="0" mb="0" cb="0"/><line nr="316" mi="1" ci="0" mb="0" cb="0"/><line nr="321" mi="4" ci="0" mb="0" cb="0"/><line nr="322" mi="2" ci="0" mb="0" cb="0"/><line nr="323" mi="4" ci="0" mb="0" cb="0"/><line nr="324" mi="3" ci="0" mb="0" cb="0"/><line nr="327" mi="9" ci="0" mb="6" cb="0"/><line nr="328" mi="6" ci="0" mb="0" cb="0"/><line nr="331" mi="11" ci="0" mb="2" cb="0"/><line nr="333" mi="5" ci="0" mb="0" cb="0"/><line nr="335" mi="7" ci="0" mb="0" cb="0"/><line nr="336" mi="3" ci="0" mb="0" cb="0"/><line nr="338" mi="4" ci="0" mb="2" cb="0"/><line nr="340" mi="7" ci="0" mb="2" cb="0"/><line nr="341" mi="6" ci="0" mb="0" cb="0"/><line nr="343" mi="5" ci="0" mb="0" cb="0"/><line nr="344" mi="1" ci="0" mb="0" cb="0"/><line nr="346" mi="5" ci="0" mb="0" cb="0"/><line nr="347" mi="11" ci="0" mb="2" cb="0"/><line nr="348" mi="8" ci="0" mb="4" cb="0"/><line nr="349" mi="9" ci="0" mb="0" cb="0"/><line nr="352" mi="5" ci="0" mb="0" cb="0"/><line nr="355" mi="3" ci="0" mb="0" cb="0"/><line nr="358" mi="4" ci="0" mb="0" cb="0"/><line nr="359" mi="2" ci="0" mb="0" cb="0"/><line nr="363" mi="3" ci="0" mb="0" cb="0"/><line nr="364" mi="6" ci="0" mb="0" cb="0"/><line nr="365" mi="3" ci="0" mb="0" cb="0"/><line nr="366" mi="1" ci="0" mb="0" cb="0"/><line nr="369" mi="3" ci="0" mb="0" cb="0"/><line nr="370" mi="5" ci="0" mb="4" cb="0"/><line nr="371" mi="5" ci="0" mb="0" cb="0"/><line nr="374" mi="5" ci="0" mb="0" cb="0"/><line nr="375" mi="5" ci="0" mb="0" cb="0"/><line nr="376" mi="3" ci="0" mb="2" cb="0"/><line nr="377" mi="6" ci="0" mb="0" cb="0"/><line nr="381" mi="7" ci="0" mb="0" cb="0"/><line nr="382" mi="5" ci="0" mb="0" cb="0"/><line nr="385" mi="3" ci="0" mb="0" cb="0"/><line nr="386" mi="2" ci="0" mb="2" cb="0"/><line nr="387" mi="4" ci="0" mb="0" cb="0"/><line nr="388" mi="1" ci="0" mb="0" cb="0"/><line nr="391" mi="5" ci="0" mb="0" cb="0"/><line nr="392" mi="6" ci="0" mb="4" cb="0"/><line nr="393" mi="5" ci="0" mb="0" cb="0"/><line nr="397" mi="1" ci="0" mb="0" cb="0"/><line nr="398" mi="11" ci="0" mb="2" cb="0"/><line nr="399" mi="1" ci="0" mb="0" cb="0"/><line nr="400" mi="11" ci="0" mb="2" cb="0"/><line nr="401" mi="1" ci="0" mb="0" cb="0"/><line nr="402" mi="10" ci="0" mb="2" cb="0"/><line nr="404" mi="5" ci="0" mb="0" cb="0"/><line nr="406" mi="7" ci="0" mb="0" cb="0"/><line nr="407" mi="12" ci="0" mb="2" cb="0"/><line nr="408" mi="8" ci="0" mb="0" cb="0"/><line nr="411" mi="3" ci="0" mb="0" cb="0"/><line nr="414" mi="4" ci="0" mb="0" cb="0"/><line nr="415" mi="2" ci="0" mb="0" cb="0"/><line nr="421" mi="5" ci="0" mb="0" cb="0"/><line nr="422" mi="3" ci="0" mb="0" cb="0"/><line nr="423" mi="5" ci="0" mb="0" cb="0"/><line nr="426" mi="4" ci="0" mb="0" cb="0"/><line nr="427" mi="4" ci="0" mb="0" cb="0"/><line nr="428" mi="3" ci="0" mb="0" cb="0"/><line nr="431" mi="5" ci="0" mb="0" cb="0"/><line nr="432" mi="5" ci="0" mb="0" cb="0"/><line nr="433" mi="3" ci="0" mb="0" cb="0"/><line nr="436" mi="4" ci="0" mb="0" cb="0"/><line nr="437" mi="4" ci="0" mb="0" cb="0"/><line nr="438" mi="9" ci="0" mb="0" cb="0"/><line nr="441" mi="6" ci="0" mb="5" cb="0"/><line nr="443" mi="2" ci="0" mb="0" cb="0"/><line nr="444" mi="5" ci="0" mb="0" cb="0"/><line nr="447" mi="6" ci="0" mb="0" cb="0"/><line nr="448" mi="5" ci="0" mb="0" cb="0"/><line nr="451" mi="2" ci="0" mb="0" cb="0"/><line nr="452" mi="3" ci="0" mb="0" cb="0"/><line nr="455" mi="6" ci="0" mb="0" cb="0"/><line nr="456" mi="3" ci="0" mb="0" cb="0"/><line nr="459" mi="6" ci="0" mb="0" cb="0"/><line nr="460" mi="4" ci="0" mb="0" cb="0"/><line nr="465" mi="2" ci="0" mb="0" cb="0"/><line nr="466" mi="4" ci="0" mb="0" cb="0"/><line nr="467" mi="3" ci="0" mb="0" cb="0"/><line nr="468" mi="2" ci="0" mb="0" cb="0"/><line nr="470" mi="1" ci="0" mb="0" cb="0"/><line nr="473" mi="3" ci="0" mb="0" cb="0"/><line nr="474" mi="5" ci="0" mb="4" cb="0"/><line nr="475" mi="5" ci="0" mb="0" cb="0"/><line nr="478" mi="5" ci="0" mb="0" cb="0"/><line nr="479" mi="5" ci="0" mb="0" cb="0"/><line nr="480" mi="3" ci="0" mb="2" cb="0"/><line nr="481" mi="6" ci="0" mb="0" cb="0"/><line nr="485" mi="7" ci="0" mb="0" cb="0"/><line nr="486" mi="5" ci="0" mb="0" cb="0"/><line nr="489" mi="3" ci="0" mb="0" cb="0"/><line nr="490" mi="2" ci="0" mb="2" cb="0"/><line nr="491" mi="4" ci="0" mb="0" cb="0"/><line nr="492" mi="1" ci="0" mb="0" cb="0"/><line nr="495" mi="5" ci="0" mb="0" cb="0"/><line nr="496" mi="6" ci="0" mb="4" cb="0"/><line nr="497" mi="5" ci="0" mb="0" cb="0"/><line nr="500" mi="5" ci="0" mb="0" cb="0"/><line nr="501" mi="6" ci="0" mb="4" cb="0"/><line nr="502" mi="2" ci="0" mb="0" cb="0"/><line nr="505" mi="5" ci="0" mb="0" cb="0"/><line nr="507" mi="7" ci="0" mb="0" cb="0"/><line nr="509" mi="4" ci="0" mb="0" cb="0"/><line nr="512" mi="1" ci="0" mb="0" cb="0"/><line nr="513" mi="4" ci="0" mb="2" cb="0"/><line nr="514" mi="6" ci="0" mb="0" cb="0"/><line nr="515" mi="1" ci="0" mb="0" cb="0"/><line nr="516" mi="1" ci="0" mb="0" cb="0"/><line nr="517" mi="4" ci="0" mb="2" cb="0"/><line nr="518" mi="6" ci="0" mb="0" cb="0"/><line nr="519" mi="1" ci="0" mb="0" cb="0"/><line nr="520" mi="1" ci="0" mb="0" cb="0"/><line nr="521" mi="4" ci="0" mb="2" cb="0"/><line nr="522" mi="6" ci="0" mb="0" cb="0"/><line nr="523" mi="1" ci="0" mb="0" cb="0"/><line nr="525" mi="3" ci="0" mb="0" cb="0"/><line nr="526" mi="3" ci="0" mb="0" cb="0"/><line nr="527" mi="3" ci="0" mb="0" cb="0"/><line nr="530" mi="1" ci="0" mb="0" cb="0"/><line nr="531" mi="6" ci="0" mb="0" cb="0"/><line nr="532" mi="3" ci="0" mb="0" cb="0"/><line nr="535" mi="3" ci="0" mb="0" cb="0"/><line nr="536" mi="3" ci="0" mb="0" cb="0"/><line nr="539" mi="4" ci="0" mb="0" cb="0"/><line nr="540" mi="2" ci="0" mb="0" cb="0"/><line nr="544" mi="3" ci="0" mb="0" cb="0"/><line nr="545" mi="5" ci="0" mb="4" cb="0"/><line nr="546" mi="5" ci="0" mb="0" cb="0"/><line nr="549" mi="5" ci="0" mb="0" cb="0"/><line nr="550" mi="5" ci="0" mb="0" cb="0"/><line nr="551" mi="3" ci="0" mb="2" cb="0"/><line nr="552" mi="6" ci="0" mb="0" cb="0"/><line nr="556" mi="7" ci="0" mb="0" cb="0"/><line nr="557" mi="5" ci="0" mb="0" cb="0"/><line nr="560" mi="3" ci="0" mb="0" cb="0"/><line nr="561" mi="2" ci="0" mb="2" cb="0"/><line nr="562" mi="4" ci="0" mb="0" cb="0"/><line nr="563" mi="1" ci="0" mb="0" cb="0"/><line nr="566" mi="5" ci="0" mb="0" cb="0"/><line nr="567" mi="6" ci="0" mb="4" cb="0"/><line nr="568" mi="5" ci="0" mb="0" cb="0"/><line nr="571" mi="5" ci="0" mb="0" cb="0"/><line nr="573" mi="8" ci="0" mb="0" cb="0"/><line nr="574" mi="3" ci="0" mb="2" cb="0"/><line nr="576" mi="3" ci="0" mb="0" cb="0"/><line nr="579" mi="3" ci="0" mb="0" cb="0"/><line nr="580" mi="1" ci="0" mb="0" cb="0"/><line nr="581" mi="6" ci="0" mb="0" cb="0"/><line nr="584" mi="4" ci="0" mb="0" cb="0"/><line nr="585" mi="2" ci="0" mb="0" cb="0"/><line nr="589" mi="4" ci="0" mb="2" cb="0"/><line nr="590" mi="5" ci="0" mb="0" cb="0"/><line nr="593" mi="6" ci="0" mb="0" cb="0"/><line nr="594" mi="14" ci="0" mb="0" cb="0"/><line nr="595" mi="5" ci="0" mb="0" cb="0"/><line nr="597" mi="2" ci="0" mb="0" cb="0"/><line nr="598" mi="4" ci="0" mb="0" cb="0"/><line nr="600" mi="10" ci="0" mb="0" cb="0"/><line nr="601" mi="4" ci="0" mb="0" cb="0"/><line nr="604" mi="3" ci="0" mb="0" cb="0"/><line nr="605" mi="4" ci="0" mb="2" cb="0"/><line nr="606" mi="7" ci="0" mb="0" cb="0"/><line nr="608" mi="4" ci="0" mb="2" cb="0"/><line nr="609" mi="7" ci="0" mb="0" cb="0"/><line nr="611" mi="4" ci="0" mb="2" cb="0"/><line nr="612" mi="7" ci="0" mb="0" cb="0"/><line nr="615" mi="4" ci="0" mb="0" cb="0"/><line nr="616" mi="8" ci="0" mb="0" cb="0"/><line nr="619" mi="3" ci="0" mb="0" cb="0"/><line nr="623" mi="4" ci="0" mb="2" cb="0"/><line nr="624" mi="5" ci="0" mb="0" cb="0"/><line nr="627" mi="6" ci="0" mb="0" cb="0"/><line nr="628" mi="14" ci="0" mb="0" cb="0"/><line nr="629" mi="5" ci="0" mb="0" cb="0"/><line nr="631" mi="2" ci="0" mb="0" cb="0"/><line nr="632" mi="4" ci="0" mb="0" cb="0"/><line nr="634" mi="10" ci="0" mb="0" cb="0"/><line nr="635" mi="3" ci="0" mb="0" cb="0"/><line nr="636" mi="4" ci="0" mb="0" cb="0"/><line nr="639" mi="6" ci="0" mb="0" cb="0"/><line nr="640" mi="6" ci="0" mb="0" cb="0"/><line nr="641" mi="6" ci="0" mb="0" cb="0"/><line nr="642" mi="6" ci="0" mb="0" cb="0"/><line nr="643" mi="6" ci="0" mb="0" cb="0"/><line nr="644" mi="6" ci="0" mb="0" cb="0"/><line nr="647" mi="3" ci="0" mb="2" cb="0"/><line nr="648" mi="8" ci="0" mb="0" cb="0"/><line nr="650" mi="3" ci="0" mb="2" cb="0"/><line nr="651" mi="8" ci="0" mb="0" cb="0"/><line nr="655" mi="7" ci="0" mb="0" cb="0"/><line nr="656" mi="7" ci="0" mb="0" cb="0"/><line nr="657" mi="7" ci="0" mb="0" cb="0"/><line nr="660" mi="4" ci="0" mb="0" cb="0"/><line nr="661" mi="4" ci="0" mb="0" cb="0"/><line nr="662" mi="2" ci="0" mb="0" cb="0"/><line nr="663" mi="12" ci="0" mb="2" cb="0"/><line nr="664" mi="2" ci="0" mb="2" cb="0"/><line nr="665" mi="4" ci="0" mb="0" cb="0"/><line nr="667" mi="10" ci="0" mb="0" cb="0"/><line nr="668" mi="3" ci="0" mb="2" cb="0"/><line nr="669" mi="4" ci="0" mb="0" cb="0"/><line nr="670" mi="5" ci="0" mb="2" cb="0"/><line nr="671" mi="1" ci="0" mb="0" cb="0"/><line nr="672" mi="2" ci="0" mb="0" cb="0"/><line nr="673" mi="7" ci="0" mb="0" cb="0"/><line nr="674" mi="3" ci="0" mb="0" cb="0"/><line nr="675" mi="1" ci="0" mb="0" cb="0"/><line nr="676" mi="6" ci="0" mb="0" cb="0"/><line nr="678" mi="2" ci="0" mb="0" cb="0"/><line nr="680" mi="4" ci="0" mb="0" cb="0"/><line nr="682" mi="9" ci="0" mb="0" cb="0"/><line nr="685" mi="3" ci="0" mb="0" cb="0"/><line nr="691" mi="3" ci="0" mb="0" cb="0"/><line nr="692" mi="5" ci="0" mb="4" cb="0"/><line nr="693" mi="5" ci="0" mb="0" cb="0"/><line nr="696" mi="5" ci="0" mb="0" cb="0"/><line nr="697" mi="5" ci="0" mb="0" cb="0"/><line nr="698" mi="3" ci="0" mb="2" cb="0"/><line nr="699" mi="6" ci="0" mb="0" cb="0"/><line nr="702" mi="3" ci="0" mb="0" cb="0"/><line nr="705" mi="7" ci="0" mb="0" cb="0"/><line nr="706" mi="7" ci="0" mb="0" cb="0"/><line nr="707" mi="7" ci="0" mb="0" cb="0"/><line nr="708" mi="7" ci="0" mb="0" cb="0"/><line nr="709" mi="6" ci="0" mb="0" cb="0"/><line nr="711" mi="11" ci="0" mb="0" cb="0"/><line nr="712" mi="6" ci="0" mb="0" cb="0"/><line nr="714" mi="10" ci="0" mb="0" cb="0"/><line nr="715" mi="4" ci="0" mb="0" cb="0"/><line nr="717" mi="1" ci="0" mb="0" cb="0"/><line nr="718" mi="4" ci="0" mb="2" cb="0"/><line nr="719" mi="5" ci="0" mb="0" cb="0"/><line nr="720" mi="5" ci="0" mb="0" cb="0"/><line nr="722" mi="12" ci="0" mb="2" cb="0"/><line nr="723" mi="6" ci="0" mb="0" cb="0"/><line nr="724" mi="4" ci="0" mb="0" cb="0"/><line nr="727" mi="2" ci="0" mb="0" cb="0"/><line nr="728" mi="3" ci="0" mb="0" cb="0"/><line nr="729" mi="8" ci="0" mb="0" cb="0"/><line nr="732" mi="4" ci="0" mb="0" cb="0"/><line nr="733" mi="2" ci="0" mb="0" cb="0"/><line nr="736" mi="3" ci="0" mb="0" cb="0"/><line nr="740" mi="3" ci="0" mb="0" cb="0"/><line nr="741" mi="5" ci="0" mb="4" cb="0"/><line nr="742" mi="5" ci="0" mb="0" cb="0"/><line nr="745" mi="5" ci="0" mb="0" cb="0"/><line nr="746" mi="5" ci="0" mb="0" cb="0"/><line nr="747" mi="3" ci="0" mb="2" cb="0"/><line nr="748" mi="6" ci="0" mb="0" cb="0"/><line nr="751" mi="3" ci="0" mb="0" cb="0"/><line nr="752" mi="5" ci="0" mb="0" cb="0"/><line nr="754" mi="6" ci="0" mb="4" cb="0"/><line nr="755" mi="5" ci="0" mb="0" cb="0"/><line nr="758" mi="11" ci="0" mb="0" cb="0"/><line nr="759" mi="6" ci="0" mb="0" cb="0"/><line nr="761" mi="10" ci="0" mb="0" cb="0"/><line nr="762" mi="4" ci="0" mb="0" cb="0"/><line nr="764" mi="4" ci="0" mb="0" cb="0"/><line nr="765" mi="16" ci="0" mb="2" cb="0"/><line nr="766" mi="4" ci="0" mb="0" cb="0"/><line nr="767" mi="7" ci="0" mb="4" cb="0"/><line nr="768" mi="6" ci="0" mb="0" cb="0"/><line nr="771" mi="6" ci="0" mb="0" cb="0"/><line nr="772" mi="4" ci="0" mb="0" cb="0"/><line nr="775" mi="4" ci="0" mb="0" cb="0"/><line nr="776" mi="2" ci="0" mb="0" cb="0"/><line nr="779" mi="3" ci="0" mb="0" cb="0"/><line nr="783" mi="3" ci="0" mb="0" cb="0"/><line nr="784" mi="5" ci="0" mb="4" cb="0"/><line nr="785" mi="5" ci="0" mb="0" cb="0"/><line nr="788" mi="5" ci="0" mb="0" cb="0"/><line nr="789" mi="5" ci="0" mb="0" cb="0"/><line nr="790" mi="3" ci="0" mb="2" cb="0"/><line nr="791" mi="6" ci="0" mb="0" cb="0"/><line nr="794" mi="3" ci="0" mb="0" cb="0"/><line nr="795" mi="6" ci="0" mb="0" cb="0"/><line nr="796" mi="6" ci="0" mb="0" cb="0"/><line nr="798" mi="11" ci="0" mb="0" cb="0"/><line nr="799" mi="6" ci="0" mb="0" cb="0"/><line nr="802" mi="4" ci="0" mb="0" cb="0"/><line nr="804" mi="10" ci="0" mb="0" cb="0"/><line nr="805" mi="1" ci="0" mb="0" cb="0"/><line nr="806" mi="4" ci="0" mb="2" cb="0"/><line nr="807" mi="5" ci="0" mb="0" cb="0"/><line nr="808" mi="5" ci="0" mb="0" cb="0"/><line nr="810" mi="12" ci="0" mb="2" cb="0"/><line nr="811" mi="6" ci="0" mb="0" cb="0"/><line nr="812" mi="3" ci="0" mb="0" cb="0"/><line nr="813" mi="3" ci="0" mb="0" cb="0"/><line nr="816" mi="4" ci="0" mb="0" cb="0"/><line nr="819" mi="3" ci="0" mb="0" cb="0"/><line nr="823" mi="3" ci="0" mb="0" cb="0"/><line nr="824" mi="5" ci="0" mb="4" cb="0"/><line nr="825" mi="5" ci="0" mb="0" cb="0"/><line nr="828" mi="5" ci="0" mb="0" cb="0"/><line nr="829" mi="5" ci="0" mb="0" cb="0"/><line nr="830" mi="3" ci="0" mb="2" cb="0"/><line nr="831" mi="6" ci="0" mb="0" cb="0"/><line nr="834" mi="3" ci="0" mb="0" cb="0"/><line nr="835" mi="6" ci="0" mb="0" cb="0"/><line nr="837" mi="11" ci="0" mb="0" cb="0"/><line nr="838" mi="6" ci="0" mb="0" cb="0"/><line nr="840" mi="10" ci="0" mb="0" cb="0"/><line nr="842" mi="1" ci="0" mb="0" cb="0"/><line nr="843" mi="1" ci="0" mb="0" cb="0"/><line nr="844" mi="1" ci="0" mb="0" cb="0"/><line nr="845" mi="1" ci="0" mb="0" cb="0"/><line nr="846" mi="1" ci="0" mb="0" cb="0"/><line nr="849" mi="3" ci="0" mb="0" cb="0"/><line nr="854" mi="2" ci="0" mb="0" cb="0"/><line nr="857" mi="1" ci="0" mb="0" cb="0"/><line nr="859" mi="4" ci="0" mb="0" cb="0"/><line nr="862" mi="3" ci="0" mb="0" cb="0"/><line nr="866" mi="4" ci="0" mb="2" cb="0"/><line nr="867" mi="5" ci="0" mb="0" cb="0"/><line nr="870" mi="6" ci="0" mb="0" cb="0"/><line nr="871" mi="5" ci="0" mb="0" cb="0"/><line nr="872" mi="3" ci="0" mb="2" cb="0"/><line nr="873" mi="6" ci="0" mb="0" cb="0"/><line nr="877" mi="10" ci="0" mb="0" cb="0"/><line nr="878" mi="5" ci="0" mb="0" cb="0"/><line nr="880" mi="3" ci="0" mb="0" cb="0"/><line nr="881" mi="7" ci="0" mb="0" cb="0"/><line nr="882" mi="7" ci="0" mb="0" cb="0"/><line nr="883" mi="6" ci="0" mb="0" cb="0"/><line nr="885" mi="4" ci="0" mb="0" cb="0"/><line nr="887" mi="7" ci="0" mb="0" cb="0"/><line nr="888" mi="5" ci="0" mb="0" cb="0"/><line nr="889" mi="3" ci="0" mb="0" cb="0"/><line nr="891" mi="5" ci="0" mb="0" cb="0"/><line nr="893" mi="12" ci="0" mb="2" cb="0"/><line nr="894" mi="6" ci="0" mb="0" cb="0"/><line nr="896" mi="17" ci="0" mb="0" cb="0"/><line nr="897" mi="4" ci="0" mb="0" cb="0"/><line nr="899" mi="6" ci="0" mb="0" cb="0"/><line nr="900" mi="5" ci="0" mb="0" cb="0"/><line nr="904" mi="7" ci="0" mb="0" cb="0"/><line nr="905" mi="3" ci="0" mb="0" cb="0"/><line nr="909" mi="4" ci="0" mb="2" cb="0"/><line nr="910" mi="5" ci="0" mb="0" cb="0"/><line nr="914" mi="10" ci="0" mb="0" cb="0"/><line nr="915" mi="5" ci="0" mb="0" cb="0"/><line nr="916" mi="5" ci="0" mb="0" cb="0"/><line nr="918" mi="3" ci="0" mb="0" cb="0"/><line nr="919" mi="6" ci="0" mb="0" cb="0"/><line nr="920" mi="7" ci="0" mb="0" cb="0"/><line nr="922" mi="8" ci="0" mb="0" cb="0"/><line nr="923" mi="4" ci="0" mb="0" cb="0"/><line nr="925" mi="12" ci="0" mb="2" cb="0"/><line nr="926" mi="5" ci="0" mb="0" cb="0"/><line nr="927" mi="3" ci="0" mb="2" cb="0"/><line nr="928" mi="4" ci="0" mb="0" cb="0"/><line nr="929" mi="1" ci="0" mb="0" cb="0"/><line nr="933" mi="3" ci="0" mb="0" cb="0"/><line nr="934" mi="2" ci="0" mb="2" cb="0"/><line nr="935" mi="4" ci="0" mb="0" cb="0"/><line nr="936" mi="1" ci="0" mb="0" cb="0"/><line nr="939" mi="5" ci="0" mb="0" cb="0"/><line nr="940" mi="3" ci="0" mb="0" cb="0"/><line nr="942" mi="2" ci="0" mb="0" cb="0"/><line nr="943" mi="6" ci="0" mb="0" cb="0"/><line nr="945" mi="10" ci="0" mb="0" cb="0"/><line nr="946" mi="2" ci="0" mb="2" cb="0"/><line nr="948" mi="4" ci="0" mb="0" cb="0"/><line nr="949" mi="4" ci="0" mb="0" cb="0"/><line nr="950" mi="3" ci="0" mb="0" cb="0"/><line nr="951" mi="3" ci="0" mb="0" cb="0"/><line nr="953" mi="4" ci="0" mb="0" cb="0"/><line nr="954" mi="4" ci="0" mb="0" cb="0"/><line nr="955" mi="4" ci="0" mb="0" cb="0"/><line nr="957" mi="4" ci="0" mb="0" cb="0"/><line nr="958" mi="4" ci="0" mb="0" cb="0"/><line nr="961" mi="6" ci="0" mb="0" cb="0"/><line nr="962" mi="6" ci="0" mb="0" cb="0"/><line nr="964" mi="7" ci="0" mb="0" cb="0"/><line nr="965" mi="1" ci="0" mb="0" cb="0"/><line nr="967" mi="5" ci="0" mb="0" cb="0"/><line nr="970" mi="1" ci="0" mb="0" cb="0"/><line nr="971" mi="6" ci="0" mb="0" cb="0"/><line nr="975" mi="3" ci="0" mb="2" cb="0"/><line nr="976" mi="5" ci="0" mb="0" cb="0"/><line nr="979" mi="3" ci="0" mb="0" cb="0"/><line nr="982" mi="4" ci="0" mb="0" cb="0"/><line nr="983" mi="2" ci="0" mb="0" cb="0"/><line nr="989" mi="4" ci="0" mb="0" cb="0"/><line nr="990" mi="7" ci="0" mb="2" cb="0"/><line nr="991" mi="5" ci="0" mb="0" cb="0"/><line nr="993" mi="2" ci="0" mb="0" cb="0"/><line nr="997" mi="7" ci="0" mb="6" cb="0"/><line nr="998" mi="2" ci="0" mb="0" cb="0"/><line nr="999" mi="2" ci="0" mb="0" cb="0"/><line nr="1000" mi="2" ci="0" mb="0" cb="0"/><line nr="1001" mi="2" ci="0" mb="0" cb="0"/><line nr="1002" mi="2" ci="0" mb="0" cb="0"/><line nr="1003" mi="1" ci="0" mb="0" cb="0"/><line nr="1009" mi="0" ci="4" mb="0" cb="0"/><line nr="1014" mi="0" ci="3" mb="0" cb="0"/><line nr="1019" mi="0" ci="2" mb="0" cb="0"/><line nr="1020" mi="0" ci="5" mb="0" cb="0"/><line nr="1022" mi="0" ci="2" mb="1" cb="1"/><line nr="1023" mi="3" ci="0" mb="0" cb="0"/><line nr="1024" mi="2" ci="0" mb="0" cb="0"/><line nr="1028" mi="0" ci="1" mb="0" cb="0"/><line nr="1029" mi="0" ci="5" mb="3" cb="7"/><line nr="1030" mi="4" ci="0" mb="0" cb="0"/><line nr="1031" mi="4" ci="0" mb="0" cb="0"/><line nr="1032" mi="4" ci="0" mb="0" cb="0"/><line nr="1033" mi="0" ci="4" mb="0" cb="0"/><line nr="1034" mi="0" ci="4" mb="0" cb="0"/><line nr="1035" mi="0" ci="4" mb="0" cb="0"/><line nr="1036" mi="0" ci="4" mb="0" cb="0"/><line nr="1037" mi="0" ci="4" mb="0" cb="0"/><line nr="1038" mi="0" ci="4" mb="0" cb="0"/><line nr="1039" mi="0" ci="1" mb="0" cb="0"/><line nr="1041" mi="0" ci="4" mb="0" cb="0"/><line nr="1042" mi="0" ci="2" mb="0" cb="0"/><line nr="1043" mi="1" ci="0" mb="0" cb="0"/><line nr="1044" mi="5" ci="0" mb="0" cb="0"/><line nr="1045" mi="2" ci="0" mb="0" cb="0"/><line nr="1046" mi="2" ci="0" mb="0" cb="0"/><line nr="1052" mi="10" ci="0" mb="2" cb="0"/><line nr="1053" mi="10" ci="0" mb="2" cb="0"/><line nr="1054" mi="10" ci="0" mb="2" cb="0"/><line nr="1055" mi="10" ci="0" mb="2" cb="0"/><line nr="1056" mi="2" ci="0" mb="0" cb="0"/><line nr="1057" mi="1" ci="0" mb="0" cb="0"/><line nr="1058" mi="2" ci="0" mb="0" cb="0"/><line nr="1063" mi="4" ci="0" mb="2" cb="0"/><line nr="1064" mi="5" ci="0" mb="0" cb="0"/><line nr="1065" mi="10" ci="0" mb="0" cb="0"/><line nr="1067" mi="2" ci="0" mb="0" cb="0"/><line nr="1071" mi="0" ci="4" mb="1" cb="1"/><line nr="1072" mi="2" ci="0" mb="0" cb="0"/><line nr="1076" mi="0" ci="6" mb="0" cb="0"/><line nr="1077" mi="0" ci="13" mb="2" cb="4"/><line nr="1078" mi="1" ci="0" mb="0" cb="0"/><line nr="1079" mi="2" ci="0" mb="0" cb="0"/><line nr="1085" mi="0" ci="4" mb="0" cb="2"/><line nr="1086" mi="0" ci="6" mb="0" cb="0"/><line nr="1087" mi="0" ci="9" mb="0" cb="2"/><line nr="1088" mi="0" ci="2" mb="0" cb="0"/><line nr="1091" mi="0" ci="4" mb="0" cb="2"/><line nr="1092" mi="0" ci="6" mb="0" cb="0"/><line nr="1094" mi="0" ci="2" mb="0" cb="0"/><line nr="1095" mi="0" ci="1" mb="0" cb="0"/><line nr="1096" mi="0" ci="2" mb="0" cb="0"/><line nr="1102" mi="0" ci="4" mb="0" cb="2"/><line nr="1103" mi="0" ci="6" mb="0" cb="0"/><line nr="1104" mi="0" ci="9" mb="0" cb="2"/><line nr="1105" mi="0" ci="2" mb="0" cb="0"/><line nr="1108" mi="0" ci="4" mb="0" cb="2"/><line nr="1109" mi="0" ci="6" mb="0" cb="0"/><line nr="1111" mi="0" ci="2" mb="0" cb="0"/><line nr="1112" mi="1" ci="0" mb="0" cb="0"/><line nr="1113" mi="2" ci="0" mb="0" cb="0"/><line nr="1119" mi="0" ci="4" mb="0" cb="0"/><line nr="1121" mi="0" ci="6" mb="6" cb="7"/><line nr="1123" mi="5" ci="0" mb="0" cb="0"/><line nr="1124" mi="5" ci="0" mb="0" cb="0"/><line nr="1125" mi="5" ci="0" mb="0" cb="0"/><line nr="1126" mi="5" ci="0" mb="0" cb="0"/><line nr="1127" mi="5" ci="0" mb="0" cb="0"/><line nr="1128" mi="2" ci="0" mb="0" cb="0"/><line nr="1131" mi="5" ci="0" mb="0" cb="0"/><line nr="1132" mi="2" ci="0" mb="0" cb="0"/><line nr="1135" mi="3" ci="0" mb="0" cb="0"/><line nr="1136" mi="2" ci="0" mb="0" cb="0"/><line nr="1137" mi="5" ci="0" mb="0" cb="0"/><line nr="1138" mi="2" ci="0" mb="0" cb="0"/><line nr="1141" mi="3" ci="0" mb="0" cb="0"/><line nr="1142" mi="2" ci="0" mb="0" cb="0"/><line nr="1143" mi="2" ci="0" mb="0" cb="0"/><line nr="1146" mi="0" ci="5" mb="0" cb="0"/><line nr="1147" mi="0" ci="5" mb="0" cb="0"/><line nr="1148" mi="0" ci="5" mb="0" cb="0"/><line nr="1149" mi="0" ci="5" mb="0" cb="0"/><line nr="1150" mi="0" ci="5" mb="0" cb="0"/><line nr="1151" mi="0" ci="2" mb="0" cb="0"/><line nr="1154" mi="5" ci="0" mb="0" cb="0"/><line nr="1155" mi="2" ci="0" mb="0" cb="0"/><line nr="1158" mi="0" ci="5" mb="0" cb="0"/><line nr="1159" mi="0" ci="5" mb="0" cb="0"/><line nr="1160" mi="0" ci="5" mb="0" cb="0"/><line nr="1161" mi="0" ci="3" mb="0" cb="0"/><line nr="1162" mi="0" ci="1" mb="0" cb="0"/><line nr="1163" mi="0" ci="1" mb="0" cb="0"/><line nr="1164" mi="0" ci="2" mb="0" cb="0"/><line nr="1167" mi="0" ci="5" mb="0" cb="0"/><line nr="1168" mi="0" ci="5" mb="0" cb="0"/><line nr="1169" mi="0" ci="2" mb="0" cb="0"/><line nr="1172" mi="0" ci="5" mb="0" cb="0"/><line nr="1173" mi="0" ci="2" mb="0" cb="0"/><line nr="1176" mi="5" ci="0" mb="0" cb="0"/><line nr="1177" mi="5" ci="0" mb="0" cb="0"/><line nr="1178" mi="5" ci="0" mb="0" cb="0"/><line nr="1179" mi="2" ci="0" mb="0" cb="0"/><line nr="1182" mi="0" ci="5" mb="0" cb="0"/><line nr="1183" mi="0" ci="5" mb="0" cb="0"/><line nr="1184" mi="0" ci="5" mb="0" cb="0"/><line nr="1185" mi="0" ci="2" mb="0" cb="0"/><line nr="1188" mi="0" ci="5" mb="0" cb="0"/><line nr="1189" mi="0" ci="5" mb="0" cb="0"/><line nr="1190" mi="0" ci="2" mb="0" cb="0"/><line nr="1192" mi="0" ci="1" mb="0" cb="0"/><counter type="INSTRUCTION" missed="2585" covered="456"/><counter type="BRANCH" missed="263" covered="42"/><counter type="LINE" missed="554" covered="112"/><counter type="COMPLEXITY" missed="174" covered="32"/><counter type="METHOD" missed="23" covered="11"/><counter type="CLASS" missed="0" covered="1"/></sourcefile><counter type="INSTRUCTION" missed="2715" covered="1059"/><counter type="BRANCH" missed="267" covered="68"/><counter type="LINE" missed="582" covered="255"/><counter type="COMPLEXITY" missed="180" covered="67"/><counter type="METHOD" missed="26" covered="34"/><counter type="CLASS" missed="0" covered="4"/></package><package name="com/pdfprocessor/infrastructure/config"><class name="com/pdfprocessor/infrastructure/config/RedisConfig" sourcefilename="RedisConfig.java"><method name="&lt;init&gt;" desc="()V" line="19"><counter type="INSTRUCTION" missed="0" covered="3"/><counter type="LINE" missed="0" covered="1"/><counter type="COMPLEXITY" missed="0" covered="1"/><counter type="METHOD" missed="0" covered="1"/></method><method name="redisConnectionFactory" desc="()Lorg/springframework/data/redis/connection/RedisConnectionFactory;" line="24"><counter type="INSTRUCTION" missed="0" covered="6"/><counter type="LINE" missed="0" covered="1"/><counter type="COMPLEXITY" missed="0" covered="1"/><counter type="METHOD" missed="0" covered="1"/></method><method name="redisTemplate" desc="(Lorg/springframework/data/redis/connection/RedisConnectionFactory;)Lorg/springframework/data/redis/core/RedisTemplate;" line="29"><counter type="INSTRUCTION" missed="0" covered="43"/><counter type="LINE" missed="0" covered="10"/><counter type="COMPLEXITY" missed="0" covered="1"/><counter type="METHOD" missed="0" covered="1"/></method><counter type="INSTRUCTION" missed="0" covered="52"/><counter type="LINE" missed="0" covered="12"/><counter type="COMPLEXITY" missed="0" covered="3"/><counter type="METHOD" missed="0" covered="3"/><counter type="CLASS" missed="0" covered="1"/></class><sourcefile name="RedisConfig.java"><line nr="19" mi="0" ci="3" mb="0" cb="0"/><line nr="24" mi="0" ci="6" mb="0" cb="0"/><line nr="29" mi="0" ci="4" mb="0" cb="0"/><line nr="30" mi="0" ci="3" mb="0" cb="0"/><line nr="33" mi="0" ci="4" mb="0" cb="0"/><line nr="34" mi="0" ci="6" mb="0" cb="0"/><line nr="37" mi="0" ci="5" mb="0" cb="0"/><line nr="38" mi="0" ci="5" mb="0" cb="0"/><line nr="39" mi="0" ci="6" mb="0" cb="0"/><line nr="40" mi="0" ci="6" mb="0" cb="0"/><line nr="42" mi="0" ci="2" mb="0" cb="0"/><line nr="43" mi="0" ci="2" mb="0" cb="0"/><counter type="INSTRUCTION" missed="0" covered="52"/><counter type="LINE" missed="0" covered="12"/><counter type="COMPLEXITY" missed="0" covered="3"/><counter type="METHOD" missed="0" covered="3"/><counter type="CLASS" missed="0" covered="1"/></sourcefile><counter type="INSTRUCTION" missed="0" covered="52"/><counter type="LINE" missed="0" covered="12"/><counter type="COMPLEXITY" missed="0" covered="3"/><counter type="METHOD" missed="0" covered="3"/><counter type="CLASS" missed="0" covered="1"/></package><counter type="INSTRUCTION" missed="2715" covered="1111"/><counter type="BRANCH" missed="267" covered="68"/><counter type="LINE" missed="582" covered="267"/><counter type="COMPLEXITY" missed="180" covered="70"/><counter type="METHOD" missed="26" covered="37"/><counter type="CLASS" missed="0" covered="5"/></report>