GROUP,PACKAGE,CLASS,INSTRUCTION_MISSED,INSTRUCTION_COVERED,BRANCH_MISSED,BRANCH_COVERED,LINE_MISSED,LINE_COVERED,COMPLEXITY_MISSED,COMPLEXITY_COVERED,METHOD_MISSED,METHOD_COVERED
PDF Processor Infrastructure,com.pdfprocessor.infrastructure.adapter,RedisJobRepository,9,203,0,10,2,51,0,11,0,6
PDF Processor Infrastructure,com.pdfprocessor.infrastructure.adapter,LocalStorageService,96,230,4,10,23,54,6,14,3,10
PDF Processor Infrastructure,com.pdfprocessor.infrastructure.adapter,PdfProcessingServiceImpl,2585,456,263,42,554,112,174,32,23,11
PDF Processor Infrastructure,com.pdfprocessor.infrastructure.adapter,RedisJobQueue,25,170,0,6,3,38,0,10,0,7
PDF Processor Infrastructure,com.pdfprocessor.infrastructure.config,RedisConfig,0,52,0,0,0,12,0,3,0,3
